2024-01-25 10:05:55,386 [INFO] Activator:176 - 


2024-01-25 10:05:55,386 [INFO] Activator:177 - !SESSION log4j initialized
2024-01-25 10:06:01,324 [INFO] LogOutputStream:77 - [STDOUT_REDIRECT] 
2024-01-25 10:06:02,885 [INFO] ApplicationProperties:184 - Using Application install path: C:\ST\STM32CubeIDE_1.14.1\STM32CubeIDE\plugins\com.st.stm32cube.common.mx_6.10.0.202311202037
2024-01-25 10:06:02,907 [INFO] DbMcusXml:78 - Set database path to: C:\ST\STM32CubeIDE_1.14.1\STM32CubeIDE\plugins\com.st.stm32cube.common.mx_6.10.0.202311202037\\db\/mcu/
2024-01-25 10:06:02,907 [INFO] ApiDb:274 - Set plugin database path to: C:\ST\STM32CubeIDE_1.14.1\STM32CubeIDE\plugins\com.st.stm32cube.common.mx_6.10.0.202311202037\\db\/plugins/boardmanager/
2024-01-25 10:06:02,908 [WARN] ApiDb:259 - Overriding images path with different value:  => C:\ST\STM32CubeIDE_1.14.1\STM32CubeIDE\plugins\com.st.stm32cube.common.mx_6.10.0.202311202037\\db\/plugins/mcufinder/images/
2024-01-25 10:06:02,917 [INFO] ApiDb:250 - Set database path to: C:\Users\LocalAdmin\.stmcufinder\plugins\mcufinder//mcu/
2024-01-25 10:06:02,919 [INFO] DbMcusAds:125 - Set database path to: C:\Users\LocalAdmin\.stmcufinder\plugins\mcufinder//mcu/
2024-01-25 10:06:02,922 [INFO] CrossReferenceDbSqlite:203 - Set database path to: C:\Users\LocalAdmin\.stmcufinder\plugins\mcufinder//mcu/cs/
2024-01-25 10:06:03,044 [INFO] RulesReader:64 - Compatibility file has been processed (297 Rules)
2024-01-25 10:06:03,125 [INFO] DbMcusXml:78 - Set database path to: C:\ST\STM32CubeIDE_1.14.1\STM32CubeIDE\plugins\com.st.stm32cube.common.mx_6.10.0.202311202037\\db\/mcu/
2024-01-25 10:06:03,125 [INFO] ApiDb:274 - Set plugin database path to: C:\ST\STM32CubeIDE_1.14.1\STM32CubeIDE\plugins\com.st.stm32cube.common.mx_6.10.0.202311202037\\db\/plugins/boardmanager/
2024-01-25 10:06:03,125 [INFO] ApiDb:261 - Set plugin images path to: C:\ST\STM32CubeIDE_1.14.1\STM32CubeIDE\plugins\com.st.stm32cube.common.mx_6.10.0.202311202037\\db\/plugins/mcufinder/images/
2024-01-25 10:06:03,126 [WARN] DbFile:41 - Overriding database path with different value: C:\Users\LocalAdmin\.stmcufinder\plugins\mcufinder/ => C:\Users\LocalAdmin\.stmcufinder\plugins\mcufinder
2024-01-25 10:06:03,126 [INFO] ApiDb:250 - Set database path to: C:\Users\LocalAdmin\.stmcufinder\plugins\mcufinder//mcu/
2024-01-25 10:06:03,126 [WARN] DbFile:41 - Overriding database path with different value: C:\Users\LocalAdmin\.stmcufinder\plugins\mcufinder/ => C:\Users\LocalAdmin\.stmcufinder\plugins\mcufinder
2024-01-25 10:06:03,126 [INFO] DbMcusAds:125 - Set database path to: C:\Users\LocalAdmin\.stmcufinder\plugins\mcufinder//mcu/
2024-01-25 10:06:03,126 [WARN] DbFile:41 - Overriding database path with different value: C:\Users\LocalAdmin\.stmcufinder\plugins\mcufinder/ => C:\Users\LocalAdmin\.stmcufinder\plugins\mcufinder
2024-01-25 10:06:03,126 [WARN] DbFile:41 - Overriding database path with different value: C:\Users\LocalAdmin\.stmcufinder\plugins\mcufinder/ => C:\Users\LocalAdmin\.stmcufinder\plugins\mcufinder
2024-01-25 10:06:03,126 [INFO] CrossReferenceDbSqlite:203 - Set database path to: C:\Users\LocalAdmin\.stmcufinder\plugins\mcufinder//mcu/cs/
2024-01-25 10:06:03,212 [INFO] MainPanel:264 - HeapMemory: 268435456
2024-01-25 10:06:03,383 [INFO] DbMcusXml:78 - Set database path to: C:\ST\STM32CubeIDE_1.14.1\STM32CubeIDE\plugins\com.st.stm32cube.common.mx_6.10.0.202311202037\\db\/mcu/
2024-01-25 10:06:03,383 [INFO] ApiDb:274 - Set plugin database path to: C:\ST\STM32CubeIDE_1.14.1\STM32CubeIDE\plugins\com.st.stm32cube.common.mx_6.10.0.202311202037\\db\/plugins/boardmanager/
2024-01-25 10:06:03,383 [INFO] ApiDb:261 - Set plugin images path to: C:\ST\STM32CubeIDE_1.14.1\STM32CubeIDE\plugins\com.st.stm32cube.common.mx_6.10.0.202311202037\\db\/plugins/mcufinder/images/
2024-01-25 10:06:03,383 [WARN] DbFile:41 - Overriding database path with different value: C:\Users\LocalAdmin\.stmcufinder\plugins\mcufinder/ => C:\Users\LocalAdmin\.stmcufinder\plugins\mcufinder
2024-01-25 10:06:03,384 [INFO] ApiDb:250 - Set database path to: C:\Users\LocalAdmin\.stmcufinder\plugins\mcufinder//mcu/
2024-01-25 10:06:03,384 [WARN] DbFile:41 - Overriding database path with different value: C:\Users\LocalAdmin\.stmcufinder\plugins\mcufinder/ => C:\Users\LocalAdmin\.stmcufinder\plugins\mcufinder
2024-01-25 10:06:03,384 [INFO] DbMcusAds:125 - Set database path to: C:\Users\LocalAdmin\.stmcufinder\plugins\mcufinder//mcu/
2024-01-25 10:06:03,384 [WARN] DbFile:41 - Overriding database path with different value: C:\Users\LocalAdmin\.stmcufinder\plugins\mcufinder/ => C:\Users\LocalAdmin\.stmcufinder\plugins\mcufinder
2024-01-25 10:06:03,384 [WARN] DbFile:41 - Overriding database path with different value: C:\Users\LocalAdmin\.stmcufinder\plugins\mcufinder/ => C:\Users\LocalAdmin\.stmcufinder\plugins\mcufinder
2024-01-25 10:06:03,384 [INFO] CrossReferenceDbSqlite:203 - Set database path to: C:\Users\LocalAdmin\.stmcufinder\plugins\mcufinder//mcu/cs/
2024-01-25 10:06:03,405 [INFO] ApplicationProperties:184 - Using Application install path: C:\ST\STM32CubeIDE_1.14.1\STM32CubeIDE\plugins\com.st.stm32cube.common.mx_6.10.0.202311202037
2024-01-25 10:06:03,407 [INFO] PluginManage:196 - Search for loadable plugins [exclusion list=, ]
2024-01-25 10:06:03,410 [INFO] PluginManage:310 - Check plugin analytics
2024-01-25 10:06:03,654 [INFO] AnalyticsPlugin:253 - Accepted Software Licenses: 
2024-01-25 10:06:03,654 [INFO] AnalyticsPlugin:255 - Accepted CMSIS Pack Licenses: 
2024-01-25 10:06:03,654 [INFO] AnalyticsPlugin:257 - Accepted Firmware Licenses: FW.F4.1.28.0
2024-01-25 10:06:03,657 [INFO] PluginManage:359 - Loaded plugin analytics (category:tool,tabindex:-1)
2024-01-25 10:06:03,658 [INFO] PluginManage:310 - Check plugin cadmodel
2024-01-25 10:06:03,664 [INFO] CADModel:105 - Init CAD model plugin
2024-01-25 10:06:03,664 [INFO] PluginManage:359 - Loaded plugin cadmodel (category:power,tabindex:5)
2024-01-25 10:06:03,664 [INFO] PluginManage:310 - Check plugin clock
2024-01-25 10:06:03,683 [INFO] PluginManage:359 - Loaded plugin clock (category:base,tabindex:2)
2024-01-25 10:06:03,683 [INFO] PluginManage:310 - Check plugin ddr
2024-01-25 10:06:03,687 [INFO] PluginManage:359 - Loaded plugin ddr (category:tool,tabindex:6)
2024-01-25 10:06:03,687 [INFO] PluginManage:310 - Check plugin filemanager
2024-01-25 10:06:03,895 [INFO] PluginManage:359 - Loaded plugin filemanager (category:base,tabindex:10)
2024-01-25 10:06:03,895 [INFO] PluginManage:310 - Check plugin ipmanager
2024-01-25 10:06:03,901 [INFO] PluginManage:359 - Loaded plugin ipmanager (category:base,tabindex:5)
2024-01-25 10:06:03,901 [INFO] PluginManage:310 - Check plugin lpbam
2024-01-25 10:06:03,911 [INFO] PluginManage:359 - Loaded plugin lpbam (category:base,tabindex:0)
2024-01-25 10:06:03,911 [INFO] PluginManage:310 - Check plugin memorymap
2024-01-25 10:06:03,925 [INFO] PluginManage:359 - Loaded plugin memorymap (category:base,tabindex:4)
2024-01-25 10:06:03,925 [INFO] PluginManage:310 - Check plugin pinoutandconfiguration
2024-01-25 10:06:03,937 [INFO] PluginManage:359 - Loaded plugin pinoutandconfiguration (category:base,tabindex:1)
2024-01-25 10:06:03,937 [INFO] PluginManage:310 - Check plugin pinoutconfig
2024-01-25 10:06:04,044 [WARN] SupportedApi:132 - Cannot load RTOS API schema: s4s-elt-must-match.1: The content of 'definitions' must match (annotation?, (simpleType | complexType)?, (unique | key | keyref)*)). A problem was found starting at: attribute.
2024-01-25 10:06:04,202 [INFO] PluginManage:359 - Loaded plugin pinoutconfig (category:base,tabindex:0)
2024-01-25 10:06:04,202 [INFO] PluginManage:310 - Check plugin power
2024-01-25 10:06:04,213 [INFO] PluginManage:359 - Loaded plugin power (category:power,tabindex:4)
2024-01-25 10:06:04,214 [INFO] PluginManage:310 - Check plugin projectmanager
2024-01-25 10:06:04,229 [INFO] PluginManage:359 - Loaded plugin projectmanager (category:projectmanager,tabindex:3)
2024-01-25 10:06:04,229 [INFO] PluginManage:310 - Check plugin thirdparty
2024-01-25 10:06:04,384 [INFO] PluginManage:359 - Loaded plugin thirdparty (category:base,tabindex:-1)
2024-01-25 10:06:04,384 [WARN] IntegrityCheckThread:84 - waiting for thirdparty lock release [integrity check]
2024-01-25 10:06:04,384 [INFO] IntegrityCheckThread:86 - entering critical section [integrity check]
2024-01-25 10:06:04,384 [INFO] PluginManage:310 - Check plugin tools
2024-01-25 10:06:04,385 [INFO] ThirdPartyUpdaterWithRetryManager:70 - Updater plugin not ready yet. [1/15]
2024-01-25 10:06:04,389 [INFO] PluginManage:359 - Loaded plugin tools (category:base,tabindex:7)
2024-01-25 10:06:04,389 [INFO] PluginManage:310 - Check plugin tutovideos
2024-01-25 10:06:04,580 [INFO] PluginManage:359 - Loaded plugin tutovideos (category:base,tabindex:-1)
2024-01-25 10:06:04,580 [INFO] PluginManage:310 - Check plugin updater
2024-01-25 10:06:04,591 [INFO] PluginManage:359 - Loaded plugin updater (category:base,tabindex:12)
2024-01-25 10:06:04,591 [INFO] PluginManage:310 - Check plugin userauth
2024-01-25 10:06:04,598 [INFO] UserAuth:114 - Init User Auth plugin
2024-01-25 10:06:04,598 [INFO] PluginManage:359 - Loaded plugin userauth (category:base,tabindex:14)
2024-01-25 10:06:04,598 [INFO] PluginManage:283 - PluginManage : Loaded plugins [17]
2024-01-25 10:06:04,778 [INFO] PinOutPanel:1499 - setPackage(No Configuration,No Configuration)
2024-01-25 10:06:04,842 [INFO] CADModel:165 - CPN selected for project level
2024-01-25 10:06:04,842 [INFO] CADModel:114 - Register for checkConnection events
2024-01-25 10:06:04,855 [INFO] IPUIPlugin:80 - create IPUIPlugin
2024-01-25 10:06:04,856 [INFO] PluginManager:220 - loadIPPluginJar : add adc
2024-01-25 10:06:04,858 [INFO] IPUIPlugin:80 - create IPUIPlugin
2024-01-25 10:06:04,858 [INFO] PluginManager:220 - loadIPPluginJar : add aes
2024-01-25 10:06:04,861 [INFO] IPUIPlugin:80 - create IPUIPlugin
2024-01-25 10:06:04,862 [INFO] PluginManager:220 - loadIPPluginJar : add can
2024-01-25 10:06:04,863 [INFO] IPUIPlugin:80 - create IPUIPlugin
2024-01-25 10:06:04,863 [INFO] PluginManager:220 - loadIPPluginJar : add comp
2024-01-25 10:06:04,866 [INFO] IPUIPlugin:80 - create IPUIPlugin
2024-01-25 10:06:04,867 [INFO] PluginManager:220 - loadIPPluginJar : add cryp
2024-01-25 10:06:04,869 [INFO] IPUIPlugin:80 - create IPUIPlugin
2024-01-25 10:06:04,869 [INFO] PluginManager:220 - loadIPPluginJar : add dfsdm
2024-01-25 10:06:04,874 [INFO] IPUIPlugin:80 - create IPUIPlugin
2024-01-25 10:06:04,874 [INFO] PluginManager:220 - loadIPPluginJar : add dma
2024-01-25 10:06:04,878 [INFO] IPUIPlugin:80 - create IPUIPlugin
2024-01-25 10:06:04,878 [INFO] PluginManager:220 - loadIPPluginJar : add dma3
2024-01-25 10:06:04,879 [INFO] IPUIPlugin:80 - create IPUIPlugin
2024-01-25 10:06:04,879 [INFO] PluginManager:220 - loadIPPluginJar : add fatfs
2024-01-25 10:06:04,883 [INFO] IPUIPlugin:80 - create IPUIPlugin
2024-01-25 10:06:04,883 [INFO] PluginManager:220 - loadIPPluginJar : add fmc
2024-01-25 10:06:04,888 [INFO] IPUIPlugin:80 - create IPUIPlugin
2024-01-25 10:06:04,888 [INFO] PluginManager:220 - loadIPPluginJar : add freertos
2024-01-25 10:06:04,889 [INFO] IPUIPlugin:80 - create IPUIPlugin
2024-01-25 10:06:04,889 [INFO] PluginManager:220 - loadIPPluginJar : add genericplugin
2024-01-25 10:06:04,892 [INFO] IPUIPlugin:80 - create IPUIPlugin
2024-01-25 10:06:04,892 [INFO] PluginManager:220 - loadIPPluginJar : add gfxmmu
2024-01-25 10:06:04,898 [INFO] IPUIPlugin:80 - create IPUIPlugin
2024-01-25 10:06:04,898 [INFO] PluginManager:220 - loadIPPluginJar : add gic
2024-01-25 10:06:04,903 [INFO] IPUIPlugin:80 - create IPUIPlugin
2024-01-25 10:06:04,903 [INFO] PluginManager:220 - loadIPPluginJar : add gpio
2024-01-25 10:06:04,906 [INFO] IPUIPlugin:80 - create IPUIPlugin
2024-01-25 10:06:04,906 [INFO] PluginManager:220 - loadIPPluginJar : add gtzc
2024-01-25 10:06:04,910 [INFO] IPUIPlugin:80 - create IPUIPlugin
2024-01-25 10:06:04,910 [INFO] PluginManager:220 - loadIPPluginJar : add hash
2024-01-25 10:06:04,913 [INFO] IPUIPlugin:80 - create IPUIPlugin
2024-01-25 10:06:04,913 [INFO] PluginManager:220 - loadIPPluginJar : add i2c
2024-01-25 10:06:04,915 [INFO] IPUIPlugin:80 - create IPUIPlugin
2024-01-25 10:06:04,915 [INFO] PluginManager:220 - loadIPPluginJar : add i2s
2024-01-25 10:06:04,917 [INFO] IPUIPlugin:80 - create IPUIPlugin
2024-01-25 10:06:04,918 [INFO] PluginManager:220 - loadIPPluginJar : add i3c
2024-01-25 10:06:04,920 [INFO] IPUIPlugin:80 - create IPUIPlugin
2024-01-25 10:06:04,920 [INFO] PluginManager:220 - loadIPPluginJar : add ipddr
2024-01-25 10:06:04,929 [INFO] IPUIPlugin:80 - create IPUIPlugin
2024-01-25 10:06:04,929 [INFO] PluginManager:220 - loadIPPluginJar : add linkedlist
2024-01-25 10:06:04,931 [INFO] IPUIPlugin:80 - create IPUIPlugin
2024-01-25 10:06:04,931 [INFO] PluginManager:220 - loadIPPluginJar : add lorawan
2024-01-25 10:06:04,933 [INFO] IPUIPlugin:80 - create IPUIPlugin
2024-01-25 10:06:04,933 [INFO] PluginManager:220 - loadIPPluginJar : add ltdc
2024-01-25 10:06:04,937 [INFO] IPUIPlugin:80 - create IPUIPlugin
2024-01-25 10:06:04,937 [INFO] PluginManager:220 - loadIPPluginJar : add mdma
2024-01-25 10:06:04,941 [INFO] IPUIPlugin:80 - create IPUIPlugin
2024-01-25 10:06:04,942 [INFO] PluginManager:220 - loadIPPluginJar : add nvic
2024-01-25 10:06:04,945 [INFO] IPUIPlugin:80 - create IPUIPlugin
2024-01-25 10:06:04,945 [INFO] PluginManager:220 - loadIPPluginJar : add opamp
2024-01-25 10:06:04,948 [INFO] IPUIPlugin:80 - create IPUIPlugin
2024-01-25 10:06:04,948 [INFO] PluginManager:220 - loadIPPluginJar : add openamp
2024-01-25 10:06:04,951 [INFO] IPUIPlugin:80 - create IPUIPlugin
2024-01-25 10:06:04,951 [INFO] PluginManager:220 - loadIPPluginJar : add pdm2pcm
2024-01-25 10:06:04,957 [INFO] IPUIPlugin:80 - create IPUIPlugin
2024-01-25 10:06:04,960 [INFO] PluginManager:220 - loadIPPluginJar : add plateformsettings
2024-01-25 10:06:04,962 [INFO] IPUIPlugin:80 - create IPUIPlugin
2024-01-25 10:06:04,962 [INFO] PluginManager:220 - loadIPPluginJar : add quadspi
2024-01-25 10:06:04,965 [INFO] IPUIPlugin:80 - create IPUIPlugin
2024-01-25 10:06:04,965 [INFO] PluginManager:220 - loadIPPluginJar : add resmgrutility
2024-01-25 10:06:04,968 [INFO] IPUIPlugin:80 - create IPUIPlugin
2024-01-25 10:06:04,968 [INFO] PluginManager:220 - loadIPPluginJar : add sai
2024-01-25 10:06:04,971 [INFO] IPUIPlugin:80 - create IPUIPlugin
2024-01-25 10:06:04,971 [INFO] PluginManager:220 - loadIPPluginJar : add spi
2024-01-25 10:06:04,977 [INFO] IPUIPlugin:80 - create IPUIPlugin
2024-01-25 10:06:04,977 [INFO] PluginManager:220 - loadIPPluginJar : add stm32_wpan
2024-01-25 10:06:04,980 [INFO] IPUIPlugin:80 - create IPUIPlugin
2024-01-25 10:06:04,980 [INFO] PluginManager:220 - loadIPPluginJar : add tim
2024-01-25 10:06:04,983 [INFO] IPUIPlugin:80 - create IPUIPlugin
2024-01-25 10:06:04,984 [INFO] PluginManager:220 - loadIPPluginJar : add touchsensing
2024-01-25 10:06:04,985 [INFO] IPUIPlugin:80 - create IPUIPlugin
2024-01-25 10:06:04,986 [INFO] PluginManager:220 - loadIPPluginJar : add tracer_emb
2024-01-25 10:06:04,988 [INFO] IPUIPlugin:80 - create IPUIPlugin
2024-01-25 10:06:04,988 [INFO] PluginManager:220 - loadIPPluginJar : add ts
2024-01-25 10:06:04,990 [INFO] IPUIPlugin:80 - create IPUIPlugin
2024-01-25 10:06:04,990 [INFO] PluginManager:220 - loadIPPluginJar : add tsc
2024-01-25 10:06:04,991 [INFO] IPUIPlugin:80 - create IPUIPlugin
2024-01-25 10:06:04,991 [INFO] PluginManager:220 - loadIPPluginJar : add ucpd
2024-01-25 10:06:04,994 [INFO] IPUIPlugin:80 - create IPUIPlugin
2024-01-25 10:06:04,994 [INFO] PluginManager:220 - loadIPPluginJar : add usart
2024-01-25 10:06:04,996 [INFO] IPUIPlugin:80 - create IPUIPlugin
2024-01-25 10:06:04,996 [INFO] PluginManager:220 - loadIPPluginJar : add usbx
2024-01-25 10:06:05,122 [INFO] CADModel:165 - CPN selected for project level
2024-01-25 10:06:05,122 [INFO] CADModel:114 - Register for checkConnection events
2024-01-25 10:06:05,122 [FATAL] Updater:308 - Updater called before beeing initialized
2024-01-25 10:06:05,122 [ERROR] CADModel:125 - Updater not yet initialized, retry later 
2024-01-25 10:06:05,235 [INFO] CADModel:165 - CPN selected for project level
2024-01-25 10:06:05,235 [INFO] CADModel:114 - Register for checkConnection events
2024-01-25 10:06:05,236 [FATAL] Updater:308 - Updater called before beeing initialized
2024-01-25 10:06:05,236 [ERROR] CADModel:125 - Updater not yet initialized, retry later 
2024-01-25 10:06:05,239 [FATAL] Updater:308 - Updater called before beeing initialized
2024-01-25 10:06:05,339 [FATAL] Updater:308 - Updater called before beeing initialized
2024-01-25 10:06:05,343 [INFO] DbMcusAds:53 - JSON generation date=Wed Nov 29 11:52:27 CET 2023 (1701255147200)
2024-01-25 10:06:05,343 [FATAL] Updater:308 - Updater called before beeing initialized
2024-01-25 10:06:05,377 [WARN] DetailPanel:346 - Failed to get advertising image, set to default
2024-01-25 10:06:05,456 [FATAL] Updater:308 - Updater called before beeing initialized
2024-01-25 10:06:05,458 [FATAL] Updater:308 - Updater called before beeing initialized
2024-01-25 10:06:05,458 [FATAL] Updater:308 - Updater called before beeing initialized
2024-01-25 10:06:05,458 [WARN] DetailPanel:346 - Failed to get advertising image, set to default
2024-01-25 10:06:05,459 [FATAL] Updater:308 - Updater called before beeing initialized
2024-01-25 10:06:05,529 [ERROR] Updater:1120 - MainUpdater not yet initialized. External WinMGr cannot be set.
2024-01-25 10:06:05,563 [INFO] Updater:1056 - Updater Version found : 6.10.0
2024-01-25 10:06:05,596 [INFO] ApplicationProperties:184 - Using Application install path: C:\ST\STM32CubeIDE_1.14.1\STM32CubeIDE\plugins\com.st.stm32cube.common.mx_6.10.0.202311202037
2024-01-25 10:06:07,173 [ERROR] LogOutputStream:75 - [STDERR_REDIRECT] Jan 25, 2024 10:06:07 AM java.util.prefs.WindowsPreferences <init>
2024-01-25 10:06:07,174 [ERROR] LogOutputStream:75 - [STDERR_REDIRECT] WARNING: Could not open/create prefs root node Software\JavaSoft\Prefs at root 0xffffffff80000002. Windows RegCreateKeyEx(...) returned error code 5.
2024-01-25 10:06:07,174 [ERROR] LogOutputStream:75 - [STDERR_REDIRECT] 
2024-01-25 10:06:07,385 [INFO] ThirdPartyUpdaterWithRetryManager:70 - Updater plugin not ready yet. [2/15]
2024-01-25 10:06:07,430 [INFO] MainUpdater:2873 - connection check result : 10
2024-01-25 10:06:07,430 [INFO] MainUpdater:290 - Updater Check For Update Now.
2024-01-25 10:06:07,430 [INFO] MicroXplorer:498 - Change Database Version : DB.6.0.100
2024-01-25 10:06:07,438 [INFO] McuFinderGlobals:63 - Set McuFinder mode to 2 (CubeIDE integrated)
2024-01-25 10:06:07,439 [INFO] UserAuth:180 - activating auth plugin
2024-01-25 10:06:07,448 [INFO] UserAuth:404 - Internet connection configuration mode: 1
2024-01-25 10:06:07,486 [INFO] JxBrowserEngine:152 - Initiate JxBrowser Engine with user profile folder
2024-01-25 10:06:07,694 [INFO] CheckServerUpdateThread:120 - End of CheckServer Thread
2024-01-25 10:06:09,557 [INFO] WebApp:161 - Instantiating new browser for Auth
2024-01-25 10:06:10,118 [INFO] WebApp:780 - Register for checkConnection events
2024-01-25 10:06:10,118 [INFO] WebApp:414 - Apply proxy settings
2024-01-25 10:06:10,119 [INFO] WebApp:499 - Chromium requires no authentication
2024-01-25 10:06:10,125 [INFO] WebApp:442 - Direct internet connection detected
2024-01-25 10:06:10,272 [INFO] WebApp:192 - Starting web application
2024-01-25 10:06:10,272 [INFO] WebApp:544 - Web application path used C:\ST\STM32CubeIDE_1.14.1\STM32CubeIDE\plugins\com.st.stm32cube.common.mx_6.10.0.202311202037\db\plugins\mcufinder\reactClient1\index.html
2024-01-25 10:06:10,571 [WARN] PackLoader:240 - Cannot read IP mode file for STMicroelectronics.X-CUBE-SMBUS.2.1.0
2024-01-25 10:06:10,583 [WARN] PackLoader:240 - Cannot read IP mode file for STMicroelectronics.X-CUBE-TOUCHGFX.4.23.0
2024-01-25 10:06:10,612 [WARN] PackLoader:240 - Cannot read IP mode file for STMicroelectronics.X-CUBE-AZRTOS-F7.1.1.0
2024-01-25 10:06:10,626 [WARN] PackLoader:240 - Cannot read IP mode file for STMicroelectronics.FP-SNS-MOTENV1.4.3.2
2024-01-25 10:06:10,636 [WARN] PackLoader:240 - Cannot read IP mode file for STMicroelectronics.FP-SNS-FLIGHT1.5.0.2
2024-01-25 10:06:10,647 [WARN] PackLoader:240 - Cannot read IP mode file for STMicroelectronics.X-CUBE-DISPLAY.3.0.0
2024-01-25 10:06:10,662 [WARN] PackLoader:240 - Cannot read IP mode file for STMicroelectronics.X-CUBE-BLE1.7.0.0
2024-01-25 10:06:10,669 [WARN] PackLoader:240 - Cannot read IP mode file for emotas.I-CUBE-CANOPEN.1.3.0
2024-01-25 10:06:10,675 [WARN] PackLoader:240 - Cannot read IP mode file for STMicroelectronics.FP-SNS-SMARTAG2.1.2.0
2024-01-25 10:06:10,691 [INFO] LogOutputStream:77 - [STDOUT_REDIRECT] 1 : Invalid condition id : UX_CORESTACK_Condition cause : null
2024-01-25 10:06:10,692 [INFO] LogOutputStream:77 - [STDOUT_REDIRECT] 1 : Invalid condition id : UX_CORESTACK_Condition cause : null
2024-01-25 10:06:10,693 [INFO] LogOutputStream:77 - [STDOUT_REDIRECT] 1 : Invalid condition id : UX_CORESTACK_Condition cause : null
2024-01-25 10:06:10,694 [INFO] LogOutputStream:77 - [STDOUT_REDIRECT] 1 : Invalid condition id : UX_CORESTACK_Condition cause : null
2024-01-25 10:06:10,695 [INFO] LogOutputStream:77 - [STDOUT_REDIRECT] 1 : Invalid condition id : UX_CORESTACK_Condition cause : null
2024-01-25 10:06:10,700 [WARN] PackLoader:240 - Cannot read IP mode file for STMicroelectronics.X-CUBE-AZRTOS-WL.2.0.0
2024-01-25 10:06:10,712 [WARN] PackLoader:240 - Cannot read IP mode file for WES.I-CUBE-Cesium.1.3.0
2024-01-25 10:06:10,717 [WARN] PackLoader:240 - Cannot read IP mode file for STMicroelectronics.X-CUBE-BLE2.3.3.0
2024-01-25 10:06:10,725 [WARN] PackLoader:240 - Cannot read IP mode file for STMicroelectronics.X-CUBE-ALGOBUILD.1.3.0
2024-01-25 10:06:10,748 [WARN] PackLoader:240 - Cannot read IP mode file for STMicroelectronics.X-CUBE-AZRTOS-G0.1.1.0
2024-01-25 10:06:10,759 [WARN] PackLoader:240 - Cannot read IP mode file for STMicroelectronics.X-CUBE-NFC4.3.0.0
2024-01-25 10:06:10,772 [WARN] PackLoader:240 - Cannot read IP mode file for STMicroelectronics.X-CUBE-BLEMGR.3.0.0
2024-01-25 10:06:10,782 [WARN] PackLoader:240 - Cannot read IP mode file for STMicroelectronics.FP-ATR-SIGFOX1.3.2.0
2024-01-25 10:06:10,790 [WARN] PackLoader:240 - Cannot read IP mode file for STMicroelectronics.X-CUBE-EEPRMA1.5.1.0
2024-01-25 10:06:10,837 [WARN] PackLoader:240 - Cannot read IP mode file for SEGGER.I-CUBE-embOS.1.3.1
2024-01-25 10:06:10,892 [WARN] PackLoader:240 - Cannot read IP mode file for STMicroelectronics.X-CUBE-GNSS1.6.0.0
2024-01-25 10:06:10,913 [WARN] PackLoader:240 - Cannot read IP mode file for STMicroelectronics.X-CUBE-AZRTOS-F4.1.1.0
2024-01-25 10:06:10,925 [WARN] PackLoader:240 - Cannot read IP mode file for wolfSSL.I-CUBE-wolfSSL.5.6.6
2024-01-25 10:06:10,944 [WARN] PackLoader:240 - Cannot read IP mode file for STMicroelectronics.X-CUBE-AZRTOS-L5.2.0.0
2024-01-25 10:06:10,953 [WARN] PackLoader:240 - Cannot read IP mode file for STMicroelectronics.X-CUBE-EEPRMA1.4.2.0
2024-01-25 10:06:10,963 [WARN] PackLoader:240 - Cannot read IP mode file for ITTIA_DB.I-CUBE-ITTIADB.8.8.0
2024-01-25 10:06:10,973 [WARN] PackLoader:240 - Cannot read IP mode file for STMicroelectronics.X-CUBE-NFC7.1.0.1
2024-01-25 10:06:10,984 [WARN] PackLoader:240 - Cannot read IP mode file for STMicroelectronics.X-CUBE-NFC6.3.0.0
2024-01-25 10:06:10,994 [WARN] PackLoader:240 - Cannot read IP mode file for STMicroelectronics.X-CUBE-AI.8.1.0
2024-01-25 10:06:11,015 [WARN] ConditionMgr:438 - getConditionDescription Invalid condition id : LAN8742 Phy interface Condition cause : null
2024-01-25 10:06:11,016 [WARN] PackLoader:240 - Cannot read IP mode file for STMicroelectronics.X-CUBE-AZRTOS-L4.2.0.0
2024-01-25 10:06:11,018 [WARN] ConditionMgr:1039 - genDependencies : Invalid condition id : LAN8742 Phy interface Condition cause : null
2024-01-25 10:06:11,019 [WARN] ConditionMgr:1039 - genDependencies : Invalid condition id : LAN8742 Phy interface Condition cause : null
2024-01-25 10:06:11,020 [WARN] ConditionMgr:1039 - genDependencies : Invalid condition id : LAN8742 Phy interface Condition cause : null
2024-01-25 10:06:11,030 [WARN] PackLoader:240 - Cannot read IP mode file for STMicroelectronics.X-CUBE-SFXS2LP1.4.0.0
2024-01-25 10:06:11,044 [WARN] ConditionMgr:438 - getConditionDescription Invalid condition id : UX DEVICE CLASS RTOS Condition cause : null
2024-01-25 10:06:11,044 [WARN] ConditionMgr:438 - getConditionDescription Invalid condition id : UX DEVICE CLASS RTOS Condition cause : null
2024-01-25 10:06:11,046 [WARN] PackLoader:240 - Cannot read IP mode file for STMicroelectronics.X-CUBE-AZRTOS-WB.2.0.0
2024-01-25 10:06:11,047 [WARN] ConditionMgr:1039 - genDependencies : Invalid condition id : UX DEVICE CLASS RTOS Condition cause : null
2024-01-25 10:06:11,047 [WARN] ConditionMgr:1039 - genDependencies : Invalid condition id : UX DEVICE CLASS RTOS Condition cause : null
2024-01-25 10:06:11,047 [WARN] ConditionMgr:1039 - genDependencies : Invalid condition id : UX DEVICE CLASS RTOS Condition cause : null
2024-01-25 10:06:11,047 [WARN] ConditionMgr:1039 - genDependencies : Invalid condition id : UX DEVICE CLASS RTOS Condition cause : null
2024-01-25 10:06:11,048 [WARN] ConditionMgr:1039 - genDependencies : Invalid condition id : UX DEVICE CLASS RTOS Condition cause : null
2024-01-25 10:06:11,060 [WARN] PackLoader:240 - Cannot read IP mode file for STMicroelectronics.X-CUBE-SUBG2.5.0.0
2024-01-25 10:06:11,080 [WARN] PackLoader:240 - Cannot read IP mode file for STMicroelectronics.X-CUBE-AZRTOS-G4.2.0.0
2024-01-25 10:06:11,090 [WARN] PackLoader:240 - Cannot read IP mode file for Infineon.AIROC-Wi-Fi-Bluetooth-STM32.1.5.1
2024-01-25 10:06:11,098 [WARN] PackLoader:240 - Cannot read IP mode file for STMicroelectronics.FP-SNS-MOTENVWB1.1.3.1
2024-01-25 10:06:11,105 [WARN] PackLoader:240 - Cannot read IP mode file for STMicroelectronics.X-CUBE-ISPU.2.0.0
2024-01-25 10:06:11,163 [WARN] PackLoader:240 - Cannot read IP mode file for STMicroelectronics.X-CUBE-MEMS1.10.0.0
2024-01-25 10:06:11,271 [WARN] PackLoader:240 - Cannot read IP mode file for STMicroelectronics.X-CUBE-FREERTOS.1.1.0
2024-01-25 10:06:11,278 [WARN] PackLoader:240 - Cannot read IP mode file for portGmbH.I-Cube-SoM-uGOAL.1.1.0
2024-01-25 10:06:11,283 [WARN] PackLoader:240 - Cannot read IP mode file for STMicroelectronics.X-CUBE-ALS.1.0.1
2024-01-25 10:06:11,289 [WARN] PackLoader:240 - Cannot read IP mode file for STMicroelectronics.FP-ATR-ASTRA1.2.0.0
2024-01-25 10:06:11,299 [WARN] PackLoader:240 - Cannot read IP mode file for STMicroelectronics.X-CUBE-TOF1.3.4.0
2024-01-25 10:06:11,327 [WARN] PackLoader:240 - Cannot read IP mode file for STMicroelectronics.X-CUBE-AZRTOS-H7.3.2.0
2024-01-25 10:06:11,331 [INFO] ThirdParty:978 - Integrity check success = true
2024-01-25 10:06:11,331 [INFO] IntegrityCheckThread:100 - exiting critical section [integrity check]
2024-01-25 10:06:11,331 [INFO] IntegrityCheckThread:103 - End integrity checks thread
2024-01-25 10:06:31,022 [ERROR] LogOutputStream:75 - [STDERR_REDIRECT] SLF4J: Failed to load class "org.slf4j.impl.StaticLoggerBinder".
2024-01-25 10:06:31,023 [ERROR] LogOutputStream:75 - [STDERR_REDIRECT] SLF4J: Defaulting to no-operation (NOP) logger implementation
2024-01-25 10:06:31,024 [ERROR] LogOutputStream:75 - [STDERR_REDIRECT] SLF4J: See http://www.slf4j.org/codes.html#StaticLoggerBinder for further details.
2024-01-25 18:54:37,250 [ERROR] LogOutputStream:75 - [STDERR_REDIRECT] 
2024-01-25 18:54:37,250 [ERROR] LogOutputStream:75 - [STDERR_REDIRECT] 
