2024-02-12 10:14:54,590 [INFO] Activator:176 - 


2024-02-12 10:14:54,595 [INFO] Activator:177 - !SESSION log4j initialized
2024-02-12 10:15:02,746 [INFO] LogOutputStream:77 - [STDOUT_REDIRECT] 
2024-02-12 10:15:06,094 [INFO] ApplicationProperties:184 - Using Application install path: C:\ST\STM32CubeIDE_1.14.1\STM32CubeIDE\plugins\com.st.stm32cube.common.mx_6.10.0.202311202037
2024-02-12 10:15:06,114 [INFO] DbMcusXml:78 - Set database path to: C:\ST\STM32CubeIDE_1.14.1\STM32CubeIDE\plugins\com.st.stm32cube.common.mx_6.10.0.202311202037\\db\/mcu/
2024-02-12 10:15:06,115 [INFO] ApiDb:274 - Set plugin database path to: C:\ST\STM32CubeIDE_1.14.1\STM32CubeIDE\plugins\com.st.stm32cube.common.mx_6.10.0.202311202037\\db\/plugins/boardmanager/
2024-02-12 10:15:06,116 [WARN] ApiDb:259 - Overriding images path with different value:  => C:\ST\STM32CubeIDE_1.14.1\STM32CubeIDE\plugins\com.st.stm32cube.common.mx_6.10.0.202311202037\\db\/plugins/mcufinder/images/
2024-02-12 10:15:06,126 [INFO] ApiDb:250 - Set database path to: C:\Users\LocalAdmin\.stmcufinder\plugins\mcufinder//mcu/
2024-02-12 10:15:06,127 [INFO] DbMcusAds:125 - Set database path to: C:\Users\LocalAdmin\.stmcufinder\plugins\mcufinder//mcu/
2024-02-12 10:15:06,129 [INFO] CrossReferenceDbSqlite:203 - Set database path to: C:\Users\LocalAdmin\.stmcufinder\plugins\mcufinder//mcu/cs/
2024-02-12 10:15:06,238 [INFO] RulesReader:64 - Compatibility file has been processed (297 Rules)
2024-02-12 10:15:06,320 [INFO] DbMcusXml:78 - Set database path to: C:\ST\STM32CubeIDE_1.14.1\STM32CubeIDE\plugins\com.st.stm32cube.common.mx_6.10.0.202311202037\\db\/mcu/
2024-02-12 10:15:06,320 [INFO] ApiDb:274 - Set plugin database path to: C:\ST\STM32CubeIDE_1.14.1\STM32CubeIDE\plugins\com.st.stm32cube.common.mx_6.10.0.202311202037\\db\/plugins/boardmanager/
2024-02-12 10:15:06,320 [INFO] ApiDb:261 - Set plugin images path to: C:\ST\STM32CubeIDE_1.14.1\STM32CubeIDE\plugins\com.st.stm32cube.common.mx_6.10.0.202311202037\\db\/plugins/mcufinder/images/
2024-02-12 10:15:06,320 [WARN] DbFile:41 - Overriding database path with different value: C:\Users\LocalAdmin\.stmcufinder\plugins\mcufinder/ => C:\Users\LocalAdmin\.stmcufinder\plugins\mcufinder
2024-02-12 10:15:06,320 [INFO] ApiDb:250 - Set database path to: C:\Users\LocalAdmin\.stmcufinder\plugins\mcufinder//mcu/
2024-02-12 10:15:06,321 [WARN] DbFile:41 - Overriding database path with different value: C:\Users\LocalAdmin\.stmcufinder\plugins\mcufinder/ => C:\Users\LocalAdmin\.stmcufinder\plugins\mcufinder
2024-02-12 10:15:06,321 [INFO] DbMcusAds:125 - Set database path to: C:\Users\LocalAdmin\.stmcufinder\plugins\mcufinder//mcu/
2024-02-12 10:15:06,321 [WARN] DbFile:41 - Overriding database path with different value: C:\Users\LocalAdmin\.stmcufinder\plugins\mcufinder/ => C:\Users\LocalAdmin\.stmcufinder\plugins\mcufinder
2024-02-12 10:15:06,321 [WARN] DbFile:41 - Overriding database path with different value: C:\Users\LocalAdmin\.stmcufinder\plugins\mcufinder/ => C:\Users\LocalAdmin\.stmcufinder\plugins\mcufinder
2024-02-12 10:15:06,321 [INFO] CrossReferenceDbSqlite:203 - Set database path to: C:\Users\LocalAdmin\.stmcufinder\plugins\mcufinder//mcu/cs/
2024-02-12 10:15:06,387 [INFO] MainPanel:264 - HeapMemory: 268435456
2024-02-12 10:15:06,466 [INFO] DbMcusXml:78 - Set database path to: C:\ST\STM32CubeIDE_1.14.1\STM32CubeIDE\plugins\com.st.stm32cube.common.mx_6.10.0.202311202037\\db\/mcu/
2024-02-12 10:15:06,466 [INFO] ApiDb:274 - Set plugin database path to: C:\ST\STM32CubeIDE_1.14.1\STM32CubeIDE\plugins\com.st.stm32cube.common.mx_6.10.0.202311202037\\db\/plugins/boardmanager/
2024-02-12 10:15:06,466 [INFO] ApiDb:261 - Set plugin images path to: C:\ST\STM32CubeIDE_1.14.1\STM32CubeIDE\plugins\com.st.stm32cube.common.mx_6.10.0.202311202037\\db\/plugins/mcufinder/images/
2024-02-12 10:15:06,466 [WARN] DbFile:41 - Overriding database path with different value: C:\Users\LocalAdmin\.stmcufinder\plugins\mcufinder/ => C:\Users\LocalAdmin\.stmcufinder\plugins\mcufinder
2024-02-12 10:15:06,466 [INFO] ApiDb:250 - Set database path to: C:\Users\LocalAdmin\.stmcufinder\plugins\mcufinder//mcu/
2024-02-12 10:15:06,467 [WARN] DbFile:41 - Overriding database path with different value: C:\Users\LocalAdmin\.stmcufinder\plugins\mcufinder/ => C:\Users\LocalAdmin\.stmcufinder\plugins\mcufinder
2024-02-12 10:15:06,467 [INFO] DbMcusAds:125 - Set database path to: C:\Users\LocalAdmin\.stmcufinder\plugins\mcufinder//mcu/
2024-02-12 10:15:06,467 [WARN] DbFile:41 - Overriding database path with different value: C:\Users\LocalAdmin\.stmcufinder\plugins\mcufinder/ => C:\Users\LocalAdmin\.stmcufinder\plugins\mcufinder
2024-02-12 10:15:06,467 [WARN] DbFile:41 - Overriding database path with different value: C:\Users\LocalAdmin\.stmcufinder\plugins\mcufinder/ => C:\Users\LocalAdmin\.stmcufinder\plugins\mcufinder
2024-02-12 10:15:06,467 [INFO] CrossReferenceDbSqlite:203 - Set database path to: C:\Users\LocalAdmin\.stmcufinder\plugins\mcufinder//mcu/cs/
2024-02-12 10:15:06,480 [INFO] ApplicationProperties:184 - Using Application install path: C:\ST\STM32CubeIDE_1.14.1\STM32CubeIDE\plugins\com.st.stm32cube.common.mx_6.10.0.202311202037
2024-02-12 10:15:06,481 [INFO] PluginManage:196 - Search for loadable plugins [exclusion list=, ]
2024-02-12 10:15:06,483 [INFO] PluginManage:310 - Check plugin analytics
2024-02-12 10:15:06,628 [INFO] AnalyticsPlugin:253 - Accepted Software Licenses: 
2024-02-12 10:15:06,628 [INFO] AnalyticsPlugin:255 - Accepted CMSIS Pack Licenses: 
2024-02-12 10:15:06,628 [INFO] AnalyticsPlugin:257 - Accepted Firmware Licenses: FW.F4.1.28.0
2024-02-12 10:15:06,631 [INFO] PluginManage:359 - Loaded plugin analytics (category:tool,tabindex:-1)
2024-02-12 10:15:06,631 [INFO] PluginManage:310 - Check plugin cadmodel
2024-02-12 10:15:06,638 [INFO] CADModel:105 - Init CAD model plugin
2024-02-12 10:15:06,639 [INFO] PluginManage:359 - Loaded plugin cadmodel (category:power,tabindex:5)
2024-02-12 10:15:06,639 [INFO] PluginManage:310 - Check plugin clock
2024-02-12 10:15:06,654 [INFO] PluginManage:359 - Loaded plugin clock (category:base,tabindex:2)
2024-02-12 10:15:06,654 [INFO] PluginManage:310 - Check plugin ddr
2024-02-12 10:15:06,657 [INFO] PluginManage:359 - Loaded plugin ddr (category:tool,tabindex:6)
2024-02-12 10:15:06,657 [INFO] PluginManage:310 - Check plugin filemanager
2024-02-12 10:15:06,802 [INFO] PluginManage:359 - Loaded plugin filemanager (category:base,tabindex:10)
2024-02-12 10:15:06,802 [INFO] PluginManage:310 - Check plugin ipmanager
2024-02-12 10:15:06,808 [INFO] PluginManage:359 - Loaded plugin ipmanager (category:base,tabindex:5)
2024-02-12 10:15:06,809 [INFO] PluginManage:310 - Check plugin lpbam
2024-02-12 10:15:06,817 [INFO] PluginManage:359 - Loaded plugin lpbam (category:base,tabindex:0)
2024-02-12 10:15:06,817 [INFO] PluginManage:310 - Check plugin memorymap
2024-02-12 10:15:06,830 [INFO] PluginManage:359 - Loaded plugin memorymap (category:base,tabindex:4)
2024-02-12 10:15:06,830 [INFO] PluginManage:310 - Check plugin pinoutandconfiguration
2024-02-12 10:15:06,839 [INFO] PluginManage:359 - Loaded plugin pinoutandconfiguration (category:base,tabindex:1)
2024-02-12 10:15:06,839 [INFO] PluginManage:310 - Check plugin pinoutconfig
2024-02-12 10:15:06,913 [WARN] SupportedApi:132 - Cannot load RTOS API schema: s4s-elt-must-match.1: The content of 'definitions' must match (annotation?, (simpleType | complexType)?, (unique | key | keyref)*)). A problem was found starting at: attribute.
2024-02-12 10:15:07,012 [INFO] PluginManage:359 - Loaded plugin pinoutconfig (category:base,tabindex:0)
2024-02-12 10:15:07,012 [INFO] PluginManage:310 - Check plugin power
2024-02-12 10:15:07,021 [INFO] PluginManage:359 - Loaded plugin power (category:power,tabindex:4)
2024-02-12 10:15:07,022 [INFO] PluginManage:310 - Check plugin projectmanager
2024-02-12 10:15:07,035 [INFO] PluginManage:359 - Loaded plugin projectmanager (category:projectmanager,tabindex:3)
2024-02-12 10:15:07,035 [INFO] PluginManage:310 - Check plugin thirdparty
2024-02-12 10:15:07,141 [INFO] PluginManage:359 - Loaded plugin thirdparty (category:base,tabindex:-1)
2024-02-12 10:15:07,141 [WARN] IntegrityCheckThread:84 - waiting for thirdparty lock release [integrity check]
2024-02-12 10:15:07,141 [INFO] IntegrityCheckThread:86 - entering critical section [integrity check]
2024-02-12 10:15:07,141 [INFO] PluginManage:310 - Check plugin tools
2024-02-12 10:15:07,142 [INFO] ThirdPartyUpdaterWithRetryManager:70 - Updater plugin not ready yet. [1/15]
2024-02-12 10:15:07,144 [INFO] PluginManage:359 - Loaded plugin tools (category:base,tabindex:7)
2024-02-12 10:15:07,144 [INFO] PluginManage:310 - Check plugin tutovideos
2024-02-12 10:15:07,281 [INFO] PluginManage:359 - Loaded plugin tutovideos (category:base,tabindex:-1)
2024-02-12 10:15:07,282 [INFO] PluginManage:310 - Check plugin updater
2024-02-12 10:15:07,292 [INFO] PluginManage:359 - Loaded plugin updater (category:base,tabindex:12)
2024-02-12 10:15:07,293 [INFO] PluginManage:310 - Check plugin userauth
2024-02-12 10:15:07,297 [INFO] UserAuth:114 - Init User Auth plugin
2024-02-12 10:15:07,298 [INFO] PluginManage:359 - Loaded plugin userauth (category:base,tabindex:14)
2024-02-12 10:15:07,298 [INFO] PluginManage:283 - PluginManage : Loaded plugins [17]
2024-02-12 10:15:07,471 [INFO] PinOutPanel:1499 - setPackage(No Configuration,No Configuration)
2024-02-12 10:15:07,532 [INFO] CADModel:165 - CPN selected for project level
2024-02-12 10:15:07,532 [INFO] CADModel:114 - Register for checkConnection events
2024-02-12 10:15:07,547 [INFO] IPUIPlugin:80 - create IPUIPlugin
2024-02-12 10:15:07,547 [INFO] PluginManager:220 - loadIPPluginJar : add adc
2024-02-12 10:15:07,549 [INFO] IPUIPlugin:80 - create IPUIPlugin
2024-02-12 10:15:07,549 [INFO] PluginManager:220 - loadIPPluginJar : add aes
2024-02-12 10:15:07,551 [INFO] IPUIPlugin:80 - create IPUIPlugin
2024-02-12 10:15:07,551 [INFO] PluginManager:220 - loadIPPluginJar : add can
2024-02-12 10:15:07,553 [INFO] IPUIPlugin:80 - create IPUIPlugin
2024-02-12 10:15:07,553 [INFO] PluginManager:220 - loadIPPluginJar : add comp
2024-02-12 10:15:07,555 [INFO] IPUIPlugin:80 - create IPUIPlugin
2024-02-12 10:15:07,555 [INFO] PluginManager:220 - loadIPPluginJar : add cryp
2024-02-12 10:15:07,556 [INFO] IPUIPlugin:80 - create IPUIPlugin
2024-02-12 10:15:07,557 [INFO] PluginManager:220 - loadIPPluginJar : add dfsdm
2024-02-12 10:15:07,561 [INFO] IPUIPlugin:80 - create IPUIPlugin
2024-02-12 10:15:07,561 [INFO] PluginManager:220 - loadIPPluginJar : add dma
2024-02-12 10:15:07,563 [INFO] IPUIPlugin:80 - create IPUIPlugin
2024-02-12 10:15:07,563 [INFO] PluginManager:220 - loadIPPluginJar : add dma3
2024-02-12 10:15:07,564 [INFO] IPUIPlugin:80 - create IPUIPlugin
2024-02-12 10:15:07,565 [INFO] PluginManager:220 - loadIPPluginJar : add fatfs
2024-02-12 10:15:07,567 [INFO] IPUIPlugin:80 - create IPUIPlugin
2024-02-12 10:15:07,567 [INFO] PluginManager:220 - loadIPPluginJar : add fmc
2024-02-12 10:15:07,571 [INFO] IPUIPlugin:80 - create IPUIPlugin
2024-02-12 10:15:07,572 [INFO] PluginManager:220 - loadIPPluginJar : add freertos
2024-02-12 10:15:07,573 [INFO] IPUIPlugin:80 - create IPUIPlugin
2024-02-12 10:15:07,573 [INFO] PluginManager:220 - loadIPPluginJar : add genericplugin
2024-02-12 10:15:07,575 [INFO] IPUIPlugin:80 - create IPUIPlugin
2024-02-12 10:15:07,575 [INFO] PluginManager:220 - loadIPPluginJar : add gfxmmu
2024-02-12 10:15:07,578 [INFO] IPUIPlugin:80 - create IPUIPlugin
2024-02-12 10:15:07,578 [INFO] PluginManager:220 - loadIPPluginJar : add gic
2024-02-12 10:15:07,581 [INFO] IPUIPlugin:80 - create IPUIPlugin
2024-02-12 10:15:07,582 [INFO] PluginManager:220 - loadIPPluginJar : add gpio
2024-02-12 10:15:07,584 [INFO] IPUIPlugin:80 - create IPUIPlugin
2024-02-12 10:15:07,584 [INFO] PluginManager:220 - loadIPPluginJar : add gtzc
2024-02-12 10:15:07,586 [INFO] IPUIPlugin:80 - create IPUIPlugin
2024-02-12 10:15:07,586 [INFO] PluginManager:220 - loadIPPluginJar : add hash
2024-02-12 10:15:07,588 [INFO] IPUIPlugin:80 - create IPUIPlugin
2024-02-12 10:15:07,588 [INFO] PluginManager:220 - loadIPPluginJar : add i2c
2024-02-12 10:15:07,590 [INFO] IPUIPlugin:80 - create IPUIPlugin
2024-02-12 10:15:07,590 [INFO] PluginManager:220 - loadIPPluginJar : add i2s
2024-02-12 10:15:07,593 [INFO] IPUIPlugin:80 - create IPUIPlugin
2024-02-12 10:15:07,593 [INFO] PluginManager:220 - loadIPPluginJar : add i3c
2024-02-12 10:15:07,595 [INFO] IPUIPlugin:80 - create IPUIPlugin
2024-02-12 10:15:07,595 [INFO] PluginManager:220 - loadIPPluginJar : add ipddr
2024-02-12 10:15:07,601 [INFO] IPUIPlugin:80 - create IPUIPlugin
2024-02-12 10:15:07,601 [INFO] PluginManager:220 - loadIPPluginJar : add linkedlist
2024-02-12 10:15:07,603 [INFO] IPUIPlugin:80 - create IPUIPlugin
2024-02-12 10:15:07,603 [INFO] PluginManager:220 - loadIPPluginJar : add lorawan
2024-02-12 10:15:07,604 [INFO] IPUIPlugin:80 - create IPUIPlugin
2024-02-12 10:15:07,604 [INFO] PluginManager:220 - loadIPPluginJar : add ltdc
2024-02-12 10:15:07,609 [INFO] IPUIPlugin:80 - create IPUIPlugin
2024-02-12 10:15:07,609 [INFO] PluginManager:220 - loadIPPluginJar : add mdma
2024-02-12 10:15:07,611 [INFO] IPUIPlugin:80 - create IPUIPlugin
2024-02-12 10:15:07,611 [INFO] PluginManager:220 - loadIPPluginJar : add nvic
2024-02-12 10:15:07,614 [INFO] IPUIPlugin:80 - create IPUIPlugin
2024-02-12 10:15:07,614 [INFO] PluginManager:220 - loadIPPluginJar : add opamp
2024-02-12 10:15:07,616 [INFO] IPUIPlugin:80 - create IPUIPlugin
2024-02-12 10:15:07,617 [INFO] PluginManager:220 - loadIPPluginJar : add openamp
2024-02-12 10:15:07,619 [INFO] IPUIPlugin:80 - create IPUIPlugin
2024-02-12 10:15:07,619 [INFO] PluginManager:220 - loadIPPluginJar : add pdm2pcm
2024-02-12 10:15:07,625 [INFO] IPUIPlugin:80 - create IPUIPlugin
2024-02-12 10:15:07,626 [INFO] PluginManager:220 - loadIPPluginJar : add plateformsettings
2024-02-12 10:15:07,628 [INFO] IPUIPlugin:80 - create IPUIPlugin
2024-02-12 10:15:07,628 [INFO] PluginManager:220 - loadIPPluginJar : add quadspi
2024-02-12 10:15:07,631 [INFO] IPUIPlugin:80 - create IPUIPlugin
2024-02-12 10:15:07,632 [INFO] PluginManager:220 - loadIPPluginJar : add resmgrutility
2024-02-12 10:15:07,634 [INFO] IPUIPlugin:80 - create IPUIPlugin
2024-02-12 10:15:07,634 [INFO] PluginManager:220 - loadIPPluginJar : add sai
2024-02-12 10:15:07,636 [INFO] IPUIPlugin:80 - create IPUIPlugin
2024-02-12 10:15:07,636 [INFO] PluginManager:220 - loadIPPluginJar : add spi
2024-02-12 10:15:07,640 [INFO] IPUIPlugin:80 - create IPUIPlugin
2024-02-12 10:15:07,640 [INFO] PluginManager:220 - loadIPPluginJar : add stm32_wpan
2024-02-12 10:15:07,642 [INFO] IPUIPlugin:80 - create IPUIPlugin
2024-02-12 10:15:07,642 [INFO] PluginManager:220 - loadIPPluginJar : add tim
2024-02-12 10:15:07,645 [INFO] IPUIPlugin:80 - create IPUIPlugin
2024-02-12 10:15:07,645 [INFO] PluginManager:220 - loadIPPluginJar : add touchsensing
2024-02-12 10:15:07,646 [INFO] IPUIPlugin:80 - create IPUIPlugin
2024-02-12 10:15:07,646 [INFO] PluginManager:220 - loadIPPluginJar : add tracer_emb
2024-02-12 10:15:07,648 [INFO] IPUIPlugin:80 - create IPUIPlugin
2024-02-12 10:15:07,648 [INFO] PluginManager:220 - loadIPPluginJar : add ts
2024-02-12 10:15:07,649 [INFO] IPUIPlugin:80 - create IPUIPlugin
2024-02-12 10:15:07,649 [INFO] PluginManager:220 - loadIPPluginJar : add tsc
2024-02-12 10:15:07,651 [INFO] IPUIPlugin:80 - create IPUIPlugin
2024-02-12 10:15:07,651 [INFO] PluginManager:220 - loadIPPluginJar : add ucpd
2024-02-12 10:15:07,653 [INFO] IPUIPlugin:80 - create IPUIPlugin
2024-02-12 10:15:07,653 [INFO] PluginManager:220 - loadIPPluginJar : add usart
2024-02-12 10:15:07,655 [INFO] IPUIPlugin:80 - create IPUIPlugin
2024-02-12 10:15:07,655 [INFO] PluginManager:220 - loadIPPluginJar : add usbx
2024-02-12 10:15:07,767 [INFO] CADModel:165 - CPN selected for project level
2024-02-12 10:15:07,768 [INFO] CADModel:114 - Register for checkConnection events
2024-02-12 10:15:07,768 [FATAL] Updater:308 - Updater called before beeing initialized
2024-02-12 10:15:07,768 [ERROR] CADModel:125 - Updater not yet initialized, retry later 
2024-02-12 10:15:07,862 [INFO] CADModel:165 - CPN selected for project level
2024-02-12 10:15:07,862 [INFO] CADModel:114 - Register for checkConnection events
2024-02-12 10:15:07,862 [FATAL] Updater:308 - Updater called before beeing initialized
2024-02-12 10:15:07,862 [ERROR] CADModel:125 - Updater not yet initialized, retry later 
2024-02-12 10:15:07,865 [FATAL] Updater:308 - Updater called before beeing initialized
2024-02-12 10:15:08,273 [FATAL] Updater:308 - Updater called before beeing initialized
2024-02-12 10:15:08,279 [INFO] DbMcusAds:53 - JSON generation date=Wed Nov 29 11:52:27 CET 2023 (1701255147200)
2024-02-12 10:15:08,279 [FATAL] Updater:308 - Updater called before beeing initialized
2024-02-12 10:15:08,746 [WARN] DetailPanel:346 - Failed to get advertising image, set to default
2024-02-12 10:15:08,817 [FATAL] Updater:308 - Updater called before beeing initialized
2024-02-12 10:15:08,819 [FATAL] Updater:308 - Updater called before beeing initialized
2024-02-12 10:15:08,819 [FATAL] Updater:308 - Updater called before beeing initialized
2024-02-12 10:15:08,819 [WARN] DetailPanel:346 - Failed to get advertising image, set to default
2024-02-12 10:15:08,820 [FATAL] Updater:308 - Updater called before beeing initialized
2024-02-12 10:15:08,974 [ERROR] Updater:1120 - MainUpdater not yet initialized. External WinMGr cannot be set.
2024-02-12 10:15:09,093 [INFO] Updater:1056 - Updater Version found : 6.10.0
2024-02-12 10:15:09,109 [INFO] ApplicationProperties:184 - Using Application install path: C:\ST\STM32CubeIDE_1.14.1\STM32CubeIDE\plugins\com.st.stm32cube.common.mx_6.10.0.202311202037
2024-02-12 10:15:10,098 [INFO] ThirdPartyUpdaterWithRetryManager:70 - Updater plugin not ready yet. [2/15]
2024-02-12 10:15:10,652 [ERROR] LogOutputStream:75 - [STDERR_REDIRECT] Feb 12, 2024 10:15:10 AM java.util.prefs.WindowsPreferences <init>
2024-02-12 10:15:10,653 [ERROR] LogOutputStream:75 - [STDERR_REDIRECT] WARNING: Could not open/create prefs root node Software\JavaSoft\Prefs at root 0xffffffff80000002. Windows RegCreateKeyEx(...) returned error code 5.
2024-02-12 10:15:10,653 [ERROR] LogOutputStream:75 - [STDERR_REDIRECT] 
2024-02-12 10:15:10,847 [INFO] MainUpdater:2873 - connection check result : 10
2024-02-12 10:15:10,847 [INFO] MainUpdater:3567 - Updater definition file requires update
2024-02-12 10:15:10,847 [INFO] MainUpdater:290 - Updater Check For Update Now.
2024-02-12 10:15:10,848 [INFO] MicroXplorer:498 - Change Database Version : DB.6.0.100
2024-02-12 10:15:10,853 [INFO] McuFinderGlobals:63 - Set McuFinder mode to 2 (CubeIDE integrated)
2024-02-12 10:15:10,853 [INFO] UserAuth:180 - activating auth plugin
2024-02-12 10:15:10,856 [INFO] UserAuth:404 - Internet connection configuration mode: 1
2024-02-12 10:15:10,866 [INFO] ServerAccessManage:473 - Download File updaters.zip
2024-02-12 10:15:10,872 [INFO] JxBrowserEngine:152 - Initiate JxBrowser Engine with user profile folder
2024-02-12 10:15:10,994 [INFO] FileExtend:240 - Unzip File : updaters.zip
2024-02-12 10:15:10,995 [INFO] FileExtend:255 - Standard Zip Deflate
2024-02-12 10:15:11,617 [INFO] ServerAccessManage:473 - Download File PacksControlFlags.xml
2024-02-12 10:15:11,662 [INFO] ServerAccessManage:473 - Download File cubemx.pidx
2024-02-12 10:15:11,776 [INFO] LoadServerUpdatesThread:375 - End of LoadServerUpdate Thread
2024-02-12 10:15:11,942 [INFO] CheckServerUpdateThread:120 - End of CheckServer Thread
2024-02-12 10:15:12,945 [INFO] WebApp:161 - Instantiating new browser for Auth
2024-02-12 10:15:13,262 [WARN] PackLoader:240 - Cannot read IP mode file for STMicroelectronics.X-CUBE-SMBUS.2.1.0
2024-02-12 10:15:13,275 [WARN] PackLoader:240 - Cannot read IP mode file for STMicroelectronics.X-CUBE-TOUCHGFX.4.23.0
2024-02-12 10:15:13,311 [WARN] PackLoader:240 - Cannot read IP mode file for STMicroelectronics.X-CUBE-AZRTOS-F7.1.1.0
2024-02-12 10:15:13,327 [WARN] PackLoader:240 - Cannot read IP mode file for STMicroelectronics.FP-SNS-MOTENV1.4.3.2
2024-02-12 10:15:13,337 [WARN] PackLoader:240 - Cannot read IP mode file for STMicroelectronics.FP-SNS-FLIGHT1.5.0.2
2024-02-12 10:15:13,351 [WARN] PackLoader:240 - Cannot read IP mode file for STMicroelectronics.X-CUBE-DISPLAY.3.0.0
2024-02-12 10:15:13,370 [WARN] PackLoader:240 - Cannot read IP mode file for STMicroelectronics.X-CUBE-BLE1.7.0.0
2024-02-12 10:15:13,381 [WARN] PackLoader:240 - Cannot read IP mode file for emotas.I-CUBE-CANOPEN.1.3.0
2024-02-12 10:15:13,389 [WARN] PackLoader:240 - Cannot read IP mode file for STMicroelectronics.FP-SNS-SMARTAG2.1.2.0
2024-02-12 10:15:13,402 [INFO] LogOutputStream:77 - [STDOUT_REDIRECT] 1 : Invalid condition id : UX_CORESTACK_Condition cause : null
2024-02-12 10:15:13,403 [INFO] LogOutputStream:77 - [STDOUT_REDIRECT] 1 : Invalid condition id : UX_CORESTACK_Condition cause : null
2024-02-12 10:15:13,404 [INFO] LogOutputStream:77 - [STDOUT_REDIRECT] 1 : Invalid condition id : UX_CORESTACK_Condition cause : null
2024-02-12 10:15:13,406 [INFO] LogOutputStream:77 - [STDOUT_REDIRECT] 1 : Invalid condition id : UX_CORESTACK_Condition cause : null
2024-02-12 10:15:13,407 [INFO] LogOutputStream:77 - [STDOUT_REDIRECT] 1 : Invalid condition id : UX_CORESTACK_Condition cause : null
2024-02-12 10:15:13,415 [WARN] PackLoader:240 - Cannot read IP mode file for STMicroelectronics.X-CUBE-AZRTOS-WL.2.0.0
2024-02-12 10:15:13,428 [WARN] PackLoader:240 - Cannot read IP mode file for WES.I-CUBE-Cesium.1.3.0
2024-02-12 10:15:13,435 [WARN] PackLoader:240 - Cannot read IP mode file for STMicroelectronics.X-CUBE-BLE2.3.3.0
2024-02-12 10:15:13,443 [WARN] PackLoader:240 - Cannot read IP mode file for STMicroelectronics.X-CUBE-ALGOBUILD.1.3.0
2024-02-12 10:15:13,480 [WARN] PackLoader:240 - Cannot read IP mode file for STMicroelectronics.X-CUBE-AZRTOS-G0.1.1.0
2024-02-12 10:15:13,495 [WARN] PackLoader:240 - Cannot read IP mode file for STMicroelectronics.X-CUBE-NFC4.3.0.0
2024-02-12 10:15:13,507 [WARN] PackLoader:240 - Cannot read IP mode file for STMicroelectronics.X-CUBE-BLEMGR.3.0.0
2024-02-12 10:15:13,514 [WARN] PackLoader:240 - Cannot read IP mode file for STMicroelectronics.FP-ATR-SIGFOX1.3.2.0
2024-02-12 10:15:13,524 [WARN] PackLoader:240 - Cannot read IP mode file for STMicroelectronics.X-CUBE-EEPRMA1.5.1.0
2024-02-12 10:15:13,573 [WARN] PackLoader:240 - Cannot read IP mode file for SEGGER.I-CUBE-embOS.1.3.1
2024-02-12 10:15:13,625 [WARN] PackLoader:240 - Cannot read IP mode file for STMicroelectronics.X-CUBE-GNSS1.6.0.0
2024-02-12 10:15:13,649 [WARN] PackLoader:240 - Cannot read IP mode file for STMicroelectronics.X-CUBE-AZRTOS-F4.1.1.0
2024-02-12 10:15:13,662 [WARN] PackLoader:240 - Cannot read IP mode file for wolfSSL.I-CUBE-wolfSSL.5.6.6
2024-02-12 10:15:13,684 [WARN] PackLoader:240 - Cannot read IP mode file for STMicroelectronics.X-CUBE-AZRTOS-L5.2.0.0
2024-02-12 10:15:13,695 [WARN] PackLoader:240 - Cannot read IP mode file for STMicroelectronics.X-CUBE-EEPRMA1.4.2.0
2024-02-12 10:15:13,704 [WARN] PackLoader:240 - Cannot read IP mode file for ITTIA_DB.I-CUBE-ITTIADB.8.8.0
2024-02-12 10:15:13,711 [WARN] PackLoader:240 - Cannot read IP mode file for STMicroelectronics.X-CUBE-NFC7.1.0.1
2024-02-12 10:15:13,722 [WARN] PackLoader:240 - Cannot read IP mode file for STMicroelectronics.X-CUBE-NFC6.3.0.0
2024-02-12 10:15:13,735 [WARN] PackLoader:240 - Cannot read IP mode file for STMicroelectronics.X-CUBE-AI.8.1.0
2024-02-12 10:15:13,759 [WARN] ConditionMgr:438 - getConditionDescription Invalid condition id : LAN8742 Phy interface Condition cause : null
2024-02-12 10:15:13,761 [WARN] PackLoader:240 - Cannot read IP mode file for STMicroelectronics.X-CUBE-AZRTOS-L4.2.0.0
2024-02-12 10:15:13,765 [WARN] ConditionMgr:1039 - genDependencies : Invalid condition id : LAN8742 Phy interface Condition cause : null
2024-02-12 10:15:13,766 [WARN] ConditionMgr:1039 - genDependencies : Invalid condition id : LAN8742 Phy interface Condition cause : null
2024-02-12 10:15:13,768 [WARN] ConditionMgr:1039 - genDependencies : Invalid condition id : LAN8742 Phy interface Condition cause : null
2024-02-12 10:15:13,779 [WARN] PackLoader:240 - Cannot read IP mode file for STMicroelectronics.X-CUBE-SFXS2LP1.4.0.0
2024-02-12 10:15:13,799 [WARN] ConditionMgr:438 - getConditionDescription Invalid condition id : UX DEVICE CLASS RTOS Condition cause : null
2024-02-12 10:15:13,799 [WARN] ConditionMgr:438 - getConditionDescription Invalid condition id : UX DEVICE CLASS RTOS Condition cause : null
2024-02-12 10:15:13,800 [INFO] WebApp:780 - Register for checkConnection events
2024-02-12 10:15:13,800 [INFO] WebApp:414 - Apply proxy settings
2024-02-12 10:15:13,800 [INFO] WebApp:499 - Chromium requires no authentication
2024-02-12 10:15:13,802 [WARN] PackLoader:240 - Cannot read IP mode file for STMicroelectronics.X-CUBE-AZRTOS-WB.2.0.0
2024-02-12 10:15:13,803 [WARN] ConditionMgr:1039 - genDependencies : Invalid condition id : UX DEVICE CLASS RTOS Condition cause : null
2024-02-12 10:15:13,804 [WARN] ConditionMgr:1039 - genDependencies : Invalid condition id : UX DEVICE CLASS RTOS Condition cause : null
2024-02-12 10:15:13,804 [WARN] ConditionMgr:1039 - genDependencies : Invalid condition id : UX DEVICE CLASS RTOS Condition cause : null
2024-02-12 10:15:13,805 [WARN] ConditionMgr:1039 - genDependencies : Invalid condition id : UX DEVICE CLASS RTOS Condition cause : null
2024-02-12 10:15:13,805 [WARN] ConditionMgr:1039 - genDependencies : Invalid condition id : UX DEVICE CLASS RTOS Condition cause : null
2024-02-12 10:15:13,813 [INFO] WebApp:442 - Direct internet connection detected
2024-02-12 10:15:13,819 [WARN] PackLoader:240 - Cannot read IP mode file for STMicroelectronics.X-CUBE-SUBG2.5.0.0
2024-02-12 10:15:13,841 [WARN] PackLoader:240 - Cannot read IP mode file for STMicroelectronics.X-CUBE-AZRTOS-G4.2.0.0
2024-02-12 10:15:13,856 [WARN] PackLoader:240 - Cannot read IP mode file for Infineon.AIROC-Wi-Fi-Bluetooth-STM32.1.5.1
2024-02-12 10:15:13,866 [WARN] PackLoader:240 - Cannot read IP mode file for STMicroelectronics.FP-SNS-MOTENVWB1.1.3.1
2024-02-12 10:15:13,871 [WARN] PackLoader:240 - Cannot read IP mode file for STMicroelectronics.X-CUBE-ISPU.2.0.0
2024-02-12 10:15:13,908 [WARN] PackLoader:240 - Cannot read IP mode file for STMicroelectronics.X-CUBE-MEMS1.10.0.0
2024-02-12 10:15:14,045 [WARN] PackLoader:240 - Cannot read IP mode file for STMicroelectronics.X-CUBE-FREERTOS.1.1.0
2024-02-12 10:15:14,055 [WARN] PackLoader:240 - Cannot read IP mode file for portGmbH.I-Cube-SoM-uGOAL.1.1.0
2024-02-12 10:15:14,062 [WARN] PackLoader:240 - Cannot read IP mode file for STMicroelectronics.X-CUBE-ALS.1.0.1
2024-02-12 10:15:14,071 [WARN] PackLoader:240 - Cannot read IP mode file for STMicroelectronics.FP-ATR-ASTRA1.2.0.0
2024-02-12 10:15:14,081 [WARN] PackLoader:240 - Cannot read IP mode file for STMicroelectronics.X-CUBE-TOF1.3.4.0
2024-02-12 10:15:14,120 [WARN] PackLoader:240 - Cannot read IP mode file for STMicroelectronics.X-CUBE-AZRTOS-H7.3.2.0
2024-02-12 10:15:14,123 [INFO] WebApp:192 - Starting web application
2024-02-12 10:15:14,123 [INFO] WebApp:544 - Web application path used C:\ST\STM32CubeIDE_1.14.1\STM32CubeIDE\plugins\com.st.stm32cube.common.mx_6.10.0.202311202037\db\plugins\mcufinder\reactClient1\index.html
2024-02-12 10:15:14,126 [INFO] ThirdParty:978 - Integrity check success = true
2024-02-12 10:15:14,126 [INFO] IntegrityCheckThread:100 - exiting critical section [integrity check]
2024-02-12 10:15:14,126 [INFO] IntegrityCheckThread:103 - End integrity checks thread
2024-02-12 10:15:34,578 [ERROR] LogOutputStream:75 - [STDERR_REDIRECT] SLF4J: Failed to load class "org.slf4j.impl.StaticLoggerBinder".
2024-02-12 10:15:34,579 [ERROR] LogOutputStream:75 - [STDERR_REDIRECT] SLF4J: Defaulting to no-operation (NOP) logger implementation
2024-02-12 10:15:34,580 [ERROR] LogOutputStream:75 - [STDERR_REDIRECT] SLF4J: See http://www.slf4j.org/codes.html#StaticLoggerBinder for further details.
2024-02-12 14:51:06,464 [ERROR] LogOutputStream:75 - [STDERR_REDIRECT] 
