2024-01-29 10:33:07,463 [INFO] Activator:176 - 


2024-01-29 10:33:07,468 [INFO] Activator:177 - !SESSION log4j initialized
2024-01-29 10:33:15,283 [INFO] LogOutputStream:77 - [STDOUT_REDIRECT] 
2024-01-29 10:33:19,501 [INFO] ApplicationProperties:184 - Using Application install path: C:\ST\STM32CubeIDE_1.14.1\STM32CubeIDE\plugins\com.st.stm32cube.common.mx_6.10.0.202311202037
2024-01-29 10:33:19,518 [INFO] DbMcusXml:78 - Set database path to: C:\ST\STM32CubeIDE_1.14.1\STM32CubeIDE\plugins\com.st.stm32cube.common.mx_6.10.0.202311202037\\db\/mcu/
2024-01-29 10:33:19,518 [INFO] ApiDb:274 - Set plugin database path to: C:\ST\STM32CubeIDE_1.14.1\STM32CubeIDE\plugins\com.st.stm32cube.common.mx_6.10.0.202311202037\\db\/plugins/boardmanager/
2024-01-29 10:33:19,518 [WARN] ApiDb:259 - Overriding images path with different value:  => C:\ST\STM32CubeIDE_1.14.1\STM32CubeIDE\plugins\com.st.stm32cube.common.mx_6.10.0.202311202037\\db\/plugins/mcufinder/images/
2024-01-29 10:33:19,536 [INFO] ApiDb:250 - Set database path to: C:\Users\LocalAdmin\.stmcufinder\plugins\mcufinder//mcu/
2024-01-29 10:33:19,537 [INFO] DbMcusAds:125 - Set database path to: C:\Users\LocalAdmin\.stmcufinder\plugins\mcufinder//mcu/
2024-01-29 10:33:19,539 [INFO] CrossReferenceDbSqlite:203 - Set database path to: C:\Users\LocalAdmin\.stmcufinder\plugins\mcufinder//mcu/cs/
2024-01-29 10:33:19,646 [INFO] RulesReader:64 - Compatibility file has been processed (297 Rules)
2024-01-29 10:33:19,706 [INFO] DbMcusXml:78 - Set database path to: C:\ST\STM32CubeIDE_1.14.1\STM32CubeIDE\plugins\com.st.stm32cube.common.mx_6.10.0.202311202037\\db\/mcu/
2024-01-29 10:33:19,706 [INFO] ApiDb:274 - Set plugin database path to: C:\ST\STM32CubeIDE_1.14.1\STM32CubeIDE\plugins\com.st.stm32cube.common.mx_6.10.0.202311202037\\db\/plugins/boardmanager/
2024-01-29 10:33:19,706 [INFO] ApiDb:261 - Set plugin images path to: C:\ST\STM32CubeIDE_1.14.1\STM32CubeIDE\plugins\com.st.stm32cube.common.mx_6.10.0.202311202037\\db\/plugins/mcufinder/images/
2024-01-29 10:33:19,706 [WARN] DbFile:41 - Overriding database path with different value: C:\Users\LocalAdmin\.stmcufinder\plugins\mcufinder/ => C:\Users\LocalAdmin\.stmcufinder\plugins\mcufinder
2024-01-29 10:33:19,706 [INFO] ApiDb:250 - Set database path to: C:\Users\LocalAdmin\.stmcufinder\plugins\mcufinder//mcu/
2024-01-29 10:33:19,707 [WARN] DbFile:41 - Overriding database path with different value: C:\Users\LocalAdmin\.stmcufinder\plugins\mcufinder/ => C:\Users\LocalAdmin\.stmcufinder\plugins\mcufinder
2024-01-29 10:33:19,707 [INFO] DbMcusAds:125 - Set database path to: C:\Users\LocalAdmin\.stmcufinder\plugins\mcufinder//mcu/
2024-01-29 10:33:19,707 [WARN] DbFile:41 - Overriding database path with different value: C:\Users\LocalAdmin\.stmcufinder\plugins\mcufinder/ => C:\Users\LocalAdmin\.stmcufinder\plugins\mcufinder
2024-01-29 10:33:19,707 [WARN] DbFile:41 - Overriding database path with different value: C:\Users\LocalAdmin\.stmcufinder\plugins\mcufinder/ => C:\Users\LocalAdmin\.stmcufinder\plugins\mcufinder
2024-01-29 10:33:19,707 [INFO] CrossReferenceDbSqlite:203 - Set database path to: C:\Users\LocalAdmin\.stmcufinder\plugins\mcufinder//mcu/cs/
2024-01-29 10:33:19,767 [INFO] MainPanel:264 - HeapMemory: 268435456
2024-01-29 10:33:19,838 [INFO] DbMcusXml:78 - Set database path to: C:\ST\STM32CubeIDE_1.14.1\STM32CubeIDE\plugins\com.st.stm32cube.common.mx_6.10.0.202311202037\\db\/mcu/
2024-01-29 10:33:19,838 [INFO] ApiDb:274 - Set plugin database path to: C:\ST\STM32CubeIDE_1.14.1\STM32CubeIDE\plugins\com.st.stm32cube.common.mx_6.10.0.202311202037\\db\/plugins/boardmanager/
2024-01-29 10:33:19,838 [INFO] ApiDb:261 - Set plugin images path to: C:\ST\STM32CubeIDE_1.14.1\STM32CubeIDE\plugins\com.st.stm32cube.common.mx_6.10.0.202311202037\\db\/plugins/mcufinder/images/
2024-01-29 10:33:19,838 [WARN] DbFile:41 - Overriding database path with different value: C:\Users\LocalAdmin\.stmcufinder\plugins\mcufinder/ => C:\Users\LocalAdmin\.stmcufinder\plugins\mcufinder
2024-01-29 10:33:19,838 [INFO] ApiDb:250 - Set database path to: C:\Users\LocalAdmin\.stmcufinder\plugins\mcufinder//mcu/
2024-01-29 10:33:19,838 [WARN] DbFile:41 - Overriding database path with different value: C:\Users\LocalAdmin\.stmcufinder\plugins\mcufinder/ => C:\Users\LocalAdmin\.stmcufinder\plugins\mcufinder
2024-01-29 10:33:19,839 [INFO] DbMcusAds:125 - Set database path to: C:\Users\LocalAdmin\.stmcufinder\plugins\mcufinder//mcu/
2024-01-29 10:33:19,839 [WARN] DbFile:41 - Overriding database path with different value: C:\Users\LocalAdmin\.stmcufinder\plugins\mcufinder/ => C:\Users\LocalAdmin\.stmcufinder\plugins\mcufinder
2024-01-29 10:33:19,839 [WARN] DbFile:41 - Overriding database path with different value: C:\Users\LocalAdmin\.stmcufinder\plugins\mcufinder/ => C:\Users\LocalAdmin\.stmcufinder\plugins\mcufinder
2024-01-29 10:33:19,839 [INFO] CrossReferenceDbSqlite:203 - Set database path to: C:\Users\LocalAdmin\.stmcufinder\plugins\mcufinder//mcu/cs/
2024-01-29 10:33:19,853 [INFO] ApplicationProperties:184 - Using Application install path: C:\ST\STM32CubeIDE_1.14.1\STM32CubeIDE\plugins\com.st.stm32cube.common.mx_6.10.0.202311202037
2024-01-29 10:33:19,855 [INFO] PluginManage:196 - Search for loadable plugins [exclusion list=, ]
2024-01-29 10:33:19,856 [INFO] PluginManage:310 - Check plugin analytics
2024-01-29 10:33:19,998 [INFO] AnalyticsPlugin:253 - Accepted Software Licenses: 
2024-01-29 10:33:19,999 [INFO] AnalyticsPlugin:255 - Accepted CMSIS Pack Licenses: 
2024-01-29 10:33:19,999 [INFO] AnalyticsPlugin:257 - Accepted Firmware Licenses: FW.F4.1.28.0
2024-01-29 10:33:20,001 [INFO] PluginManage:359 - Loaded plugin analytics (category:tool,tabindex:-1)
2024-01-29 10:33:20,001 [INFO] PluginManage:310 - Check plugin cadmodel
2024-01-29 10:33:20,008 [INFO] CADModel:105 - Init CAD model plugin
2024-01-29 10:33:20,009 [INFO] PluginManage:359 - Loaded plugin cadmodel (category:power,tabindex:5)
2024-01-29 10:33:20,009 [INFO] PluginManage:310 - Check plugin clock
2024-01-29 10:33:20,019 [INFO] PluginManage:359 - Loaded plugin clock (category:base,tabindex:2)
2024-01-29 10:33:20,019 [INFO] PluginManage:310 - Check plugin ddr
2024-01-29 10:33:20,020 [INFO] PluginManage:359 - Loaded plugin ddr (category:tool,tabindex:6)
2024-01-29 10:33:20,020 [INFO] PluginManage:310 - Check plugin filemanager
2024-01-29 10:33:20,139 [INFO] PluginManage:359 - Loaded plugin filemanager (category:base,tabindex:10)
2024-01-29 10:33:20,139 [INFO] PluginManage:310 - Check plugin ipmanager
2024-01-29 10:33:20,144 [INFO] PluginManage:359 - Loaded plugin ipmanager (category:base,tabindex:5)
2024-01-29 10:33:20,144 [INFO] PluginManage:310 - Check plugin lpbam
2024-01-29 10:33:20,151 [INFO] PluginManage:359 - Loaded plugin lpbam (category:base,tabindex:0)
2024-01-29 10:33:20,151 [INFO] PluginManage:310 - Check plugin memorymap
2024-01-29 10:33:20,162 [INFO] PluginManage:359 - Loaded plugin memorymap (category:base,tabindex:4)
2024-01-29 10:33:20,162 [INFO] PluginManage:310 - Check plugin pinoutandconfiguration
2024-01-29 10:33:20,169 [INFO] PluginManage:359 - Loaded plugin pinoutandconfiguration (category:base,tabindex:1)
2024-01-29 10:33:20,169 [INFO] PluginManage:310 - Check plugin pinoutconfig
2024-01-29 10:33:20,231 [WARN] SupportedApi:132 - Cannot load RTOS API schema: s4s-elt-must-match.1: The content of 'definitions' must match (annotation?, (simpleType | complexType)?, (unique | key | keyref)*)). A problem was found starting at: attribute.
2024-01-29 10:33:20,334 [INFO] PluginManage:359 - Loaded plugin pinoutconfig (category:base,tabindex:0)
2024-01-29 10:33:20,334 [INFO] PluginManage:310 - Check plugin power
2024-01-29 10:33:20,343 [INFO] PluginManage:359 - Loaded plugin power (category:power,tabindex:4)
2024-01-29 10:33:20,344 [INFO] PluginManage:310 - Check plugin projectmanager
2024-01-29 10:33:20,357 [INFO] PluginManage:359 - Loaded plugin projectmanager (category:projectmanager,tabindex:3)
2024-01-29 10:33:20,357 [INFO] PluginManage:310 - Check plugin thirdparty
2024-01-29 10:33:20,463 [INFO] PluginManage:359 - Loaded plugin thirdparty (category:base,tabindex:-1)
2024-01-29 10:33:20,463 [WARN] IntegrityCheckThread:84 - waiting for thirdparty lock release [integrity check]
2024-01-29 10:33:20,463 [INFO] PluginManage:310 - Check plugin tools
2024-01-29 10:33:20,463 [INFO] IntegrityCheckThread:86 - entering critical section [integrity check]
2024-01-29 10:33:20,463 [INFO] ThirdPartyUpdaterWithRetryManager:70 - Updater plugin not ready yet. [1/15]
2024-01-29 10:33:20,465 [INFO] PluginManage:359 - Loaded plugin tools (category:base,tabindex:7)
2024-01-29 10:33:20,466 [INFO] PluginManage:310 - Check plugin tutovideos
2024-01-29 10:33:20,630 [INFO] PluginManage:359 - Loaded plugin tutovideos (category:base,tabindex:-1)
2024-01-29 10:33:20,630 [INFO] PluginManage:310 - Check plugin updater
2024-01-29 10:33:20,640 [INFO] PluginManage:359 - Loaded plugin updater (category:base,tabindex:12)
2024-01-29 10:33:20,640 [INFO] PluginManage:310 - Check plugin userauth
2024-01-29 10:33:20,644 [INFO] UserAuth:114 - Init User Auth plugin
2024-01-29 10:33:20,644 [INFO] PluginManage:359 - Loaded plugin userauth (category:base,tabindex:14)
2024-01-29 10:33:20,645 [INFO] PluginManage:283 - PluginManage : Loaded plugins [17]
2024-01-29 10:33:20,817 [INFO] PinOutPanel:1499 - setPackage(No Configuration,No Configuration)
2024-01-29 10:33:20,879 [INFO] CADModel:165 - CPN selected for project level
2024-01-29 10:33:20,880 [INFO] CADModel:114 - Register for checkConnection events
2024-01-29 10:33:20,895 [INFO] IPUIPlugin:80 - create IPUIPlugin
2024-01-29 10:33:20,895 [INFO] PluginManager:220 - loadIPPluginJar : add adc
2024-01-29 10:33:20,897 [INFO] IPUIPlugin:80 - create IPUIPlugin
2024-01-29 10:33:20,898 [INFO] PluginManager:220 - loadIPPluginJar : add aes
2024-01-29 10:33:20,900 [INFO] IPUIPlugin:80 - create IPUIPlugin
2024-01-29 10:33:20,900 [INFO] PluginManager:220 - loadIPPluginJar : add can
2024-01-29 10:33:20,901 [INFO] IPUIPlugin:80 - create IPUIPlugin
2024-01-29 10:33:20,902 [INFO] PluginManager:220 - loadIPPluginJar : add comp
2024-01-29 10:33:20,904 [INFO] IPUIPlugin:80 - create IPUIPlugin
2024-01-29 10:33:20,904 [INFO] PluginManager:220 - loadIPPluginJar : add cryp
2024-01-29 10:33:20,906 [INFO] IPUIPlugin:80 - create IPUIPlugin
2024-01-29 10:33:20,906 [INFO] PluginManager:220 - loadIPPluginJar : add dfsdm
2024-01-29 10:33:20,911 [INFO] IPUIPlugin:80 - create IPUIPlugin
2024-01-29 10:33:20,911 [INFO] PluginManager:220 - loadIPPluginJar : add dma
2024-01-29 10:33:20,914 [INFO] IPUIPlugin:80 - create IPUIPlugin
2024-01-29 10:33:20,915 [INFO] PluginManager:220 - loadIPPluginJar : add dma3
2024-01-29 10:33:20,916 [INFO] IPUIPlugin:80 - create IPUIPlugin
2024-01-29 10:33:20,917 [INFO] PluginManager:220 - loadIPPluginJar : add fatfs
2024-01-29 10:33:20,920 [INFO] IPUIPlugin:80 - create IPUIPlugin
2024-01-29 10:33:20,921 [INFO] PluginManager:220 - loadIPPluginJar : add fmc
2024-01-29 10:33:20,926 [INFO] IPUIPlugin:80 - create IPUIPlugin
2024-01-29 10:33:20,926 [INFO] PluginManager:220 - loadIPPluginJar : add freertos
2024-01-29 10:33:20,928 [INFO] IPUIPlugin:80 - create IPUIPlugin
2024-01-29 10:33:20,928 [INFO] PluginManager:220 - loadIPPluginJar : add genericplugin
2024-01-29 10:33:20,930 [INFO] IPUIPlugin:80 - create IPUIPlugin
2024-01-29 10:33:20,930 [INFO] PluginManager:220 - loadIPPluginJar : add gfxmmu
2024-01-29 10:33:20,934 [INFO] IPUIPlugin:80 - create IPUIPlugin
2024-01-29 10:33:20,935 [INFO] PluginManager:220 - loadIPPluginJar : add gic
2024-01-29 10:33:20,939 [INFO] IPUIPlugin:80 - create IPUIPlugin
2024-01-29 10:33:20,939 [INFO] PluginManager:220 - loadIPPluginJar : add gpio
2024-01-29 10:33:20,942 [INFO] IPUIPlugin:80 - create IPUIPlugin
2024-01-29 10:33:20,943 [INFO] PluginManager:220 - loadIPPluginJar : add gtzc
2024-01-29 10:33:20,945 [INFO] IPUIPlugin:80 - create IPUIPlugin
2024-01-29 10:33:20,945 [INFO] PluginManager:220 - loadIPPluginJar : add hash
2024-01-29 10:33:20,948 [INFO] IPUIPlugin:80 - create IPUIPlugin
2024-01-29 10:33:20,949 [INFO] PluginManager:220 - loadIPPluginJar : add i2c
2024-01-29 10:33:20,952 [INFO] IPUIPlugin:80 - create IPUIPlugin
2024-01-29 10:33:20,952 [INFO] PluginManager:220 - loadIPPluginJar : add i2s
2024-01-29 10:33:20,955 [INFO] IPUIPlugin:80 - create IPUIPlugin
2024-01-29 10:33:20,955 [INFO] PluginManager:220 - loadIPPluginJar : add i3c
2024-01-29 10:33:20,958 [INFO] IPUIPlugin:80 - create IPUIPlugin
2024-01-29 10:33:20,958 [INFO] PluginManager:220 - loadIPPluginJar : add ipddr
2024-01-29 10:33:20,966 [INFO] IPUIPlugin:80 - create IPUIPlugin
2024-01-29 10:33:20,966 [INFO] PluginManager:220 - loadIPPluginJar : add linkedlist
2024-01-29 10:33:20,969 [INFO] IPUIPlugin:80 - create IPUIPlugin
2024-01-29 10:33:20,969 [INFO] PluginManager:220 - loadIPPluginJar : add lorawan
2024-01-29 10:33:20,971 [INFO] IPUIPlugin:80 - create IPUIPlugin
2024-01-29 10:33:20,971 [INFO] PluginManager:220 - loadIPPluginJar : add ltdc
2024-01-29 10:33:20,977 [INFO] IPUIPlugin:80 - create IPUIPlugin
2024-01-29 10:33:20,978 [INFO] PluginManager:220 - loadIPPluginJar : add mdma
2024-01-29 10:33:20,984 [INFO] IPUIPlugin:80 - create IPUIPlugin
2024-01-29 10:33:20,985 [INFO] PluginManager:220 - loadIPPluginJar : add nvic
2024-01-29 10:33:20,988 [INFO] IPUIPlugin:80 - create IPUIPlugin
2024-01-29 10:33:20,988 [INFO] PluginManager:220 - loadIPPluginJar : add opamp
2024-01-29 10:33:20,992 [INFO] IPUIPlugin:80 - create IPUIPlugin
2024-01-29 10:33:20,992 [INFO] PluginManager:220 - loadIPPluginJar : add openamp
2024-01-29 10:33:20,996 [INFO] IPUIPlugin:80 - create IPUIPlugin
2024-01-29 10:33:20,996 [INFO] PluginManager:220 - loadIPPluginJar : add pdm2pcm
2024-01-29 10:33:21,001 [INFO] IPUIPlugin:80 - create IPUIPlugin
2024-01-29 10:33:21,003 [INFO] PluginManager:220 - loadIPPluginJar : add plateformsettings
2024-01-29 10:33:21,006 [INFO] IPUIPlugin:80 - create IPUIPlugin
2024-01-29 10:33:21,006 [INFO] PluginManager:220 - loadIPPluginJar : add quadspi
2024-01-29 10:33:21,010 [INFO] IPUIPlugin:80 - create IPUIPlugin
2024-01-29 10:33:21,010 [INFO] PluginManager:220 - loadIPPluginJar : add resmgrutility
2024-01-29 10:33:21,014 [INFO] IPUIPlugin:80 - create IPUIPlugin
2024-01-29 10:33:21,014 [INFO] PluginManager:220 - loadIPPluginJar : add sai
2024-01-29 10:33:21,017 [INFO] IPUIPlugin:80 - create IPUIPlugin
2024-01-29 10:33:21,018 [INFO] PluginManager:220 - loadIPPluginJar : add spi
2024-01-29 10:33:21,023 [INFO] IPUIPlugin:80 - create IPUIPlugin
2024-01-29 10:33:21,023 [INFO] PluginManager:220 - loadIPPluginJar : add stm32_wpan
2024-01-29 10:33:21,024 [INFO] IPUIPlugin:80 - create IPUIPlugin
2024-01-29 10:33:21,024 [INFO] PluginManager:220 - loadIPPluginJar : add tim
2024-01-29 10:33:21,027 [INFO] IPUIPlugin:80 - create IPUIPlugin
2024-01-29 10:33:21,027 [INFO] PluginManager:220 - loadIPPluginJar : add touchsensing
2024-01-29 10:33:21,028 [INFO] IPUIPlugin:80 - create IPUIPlugin
2024-01-29 10:33:21,028 [INFO] PluginManager:220 - loadIPPluginJar : add tracer_emb
2024-01-29 10:33:21,030 [INFO] IPUIPlugin:80 - create IPUIPlugin
2024-01-29 10:33:21,030 [INFO] PluginManager:220 - loadIPPluginJar : add ts
2024-01-29 10:33:21,032 [INFO] IPUIPlugin:80 - create IPUIPlugin
2024-01-29 10:33:21,032 [INFO] PluginManager:220 - loadIPPluginJar : add tsc
2024-01-29 10:33:21,033 [INFO] IPUIPlugin:80 - create IPUIPlugin
2024-01-29 10:33:21,033 [INFO] PluginManager:220 - loadIPPluginJar : add ucpd
2024-01-29 10:33:21,035 [INFO] IPUIPlugin:80 - create IPUIPlugin
2024-01-29 10:33:21,036 [INFO] PluginManager:220 - loadIPPluginJar : add usart
2024-01-29 10:33:21,038 [INFO] IPUIPlugin:80 - create IPUIPlugin
2024-01-29 10:33:21,038 [INFO] PluginManager:220 - loadIPPluginJar : add usbx
2024-01-29 10:33:21,154 [INFO] CADModel:165 - CPN selected for project level
2024-01-29 10:33:21,154 [INFO] CADModel:114 - Register for checkConnection events
2024-01-29 10:33:21,154 [FATAL] Updater:308 - Updater called before beeing initialized
2024-01-29 10:33:21,155 [ERROR] CADModel:125 - Updater not yet initialized, retry later 
2024-01-29 10:33:21,273 [INFO] CADModel:165 - CPN selected for project level
2024-01-29 10:33:21,273 [INFO] CADModel:114 - Register for checkConnection events
2024-01-29 10:33:21,273 [FATAL] Updater:308 - Updater called before beeing initialized
2024-01-29 10:33:21,273 [ERROR] CADModel:125 - Updater not yet initialized, retry later 
2024-01-29 10:33:21,275 [FATAL] Updater:308 - Updater called before beeing initialized
2024-01-29 10:33:21,350 [FATAL] Updater:308 - Updater called before beeing initialized
2024-01-29 10:33:21,353 [INFO] DbMcusAds:53 - JSON generation date=Wed Nov 29 11:52:27 CET 2023 (1701255147200)
2024-01-29 10:33:21,353 [FATAL] Updater:308 - Updater called before beeing initialized
2024-01-29 10:33:21,386 [WARN] DetailPanel:346 - Failed to get advertising image, set to default
2024-01-29 10:33:21,455 [FATAL] Updater:308 - Updater called before beeing initialized
2024-01-29 10:33:21,457 [FATAL] Updater:308 - Updater called before beeing initialized
2024-01-29 10:33:21,457 [FATAL] Updater:308 - Updater called before beeing initialized
2024-01-29 10:33:21,457 [WARN] DetailPanel:346 - Failed to get advertising image, set to default
2024-01-29 10:33:21,457 [FATAL] Updater:308 - Updater called before beeing initialized
2024-01-29 10:33:21,613 [ERROR] Updater:1120 - MainUpdater not yet initialized. External WinMGr cannot be set.
2024-01-29 10:33:21,789 [INFO] Updater:1056 - Updater Version found : 6.10.0
2024-01-29 10:33:21,809 [INFO] ApplicationProperties:184 - Using Application install path: C:\ST\STM32CubeIDE_1.14.1\STM32CubeIDE\plugins\com.st.stm32cube.common.mx_6.10.0.202311202037
2024-01-29 10:33:23,385 [ERROR] LogOutputStream:75 - [STDERR_REDIRECT] Jan 29, 2024 10:33:23 AM java.util.prefs.WindowsPreferences <init>
2024-01-29 10:33:23,386 [ERROR] LogOutputStream:75 - [STDERR_REDIRECT] WARNING: Could not open/create prefs root node Software\JavaSoft\Prefs at root 0xffffffff80000002. Windows RegCreateKeyEx(...) returned error code 5.
2024-01-29 10:33:23,386 [ERROR] LogOutputStream:75 - [STDERR_REDIRECT] 
2024-01-29 10:33:23,464 [INFO] ThirdPartyUpdaterWithRetryManager:70 - Updater plugin not ready yet. [2/15]
2024-01-29 10:33:23,604 [INFO] MainUpdater:2873 - connection check result : 10
2024-01-29 10:33:23,604 [INFO] MainUpdater:3567 - Updater definition file requires update
2024-01-29 10:33:23,604 [INFO] MainUpdater:290 - Updater Check For Update Now.
2024-01-29 10:33:23,605 [INFO] MicroXplorer:498 - Change Database Version : DB.6.0.100
2024-01-29 10:33:23,610 [INFO] McuFinderGlobals:63 - Set McuFinder mode to 2 (CubeIDE integrated)
2024-01-29 10:33:23,611 [INFO] UserAuth:180 - activating auth plugin
2024-01-29 10:33:23,612 [INFO] UserAuth:404 - Internet connection configuration mode: 1
2024-01-29 10:33:23,626 [INFO] JxBrowserEngine:152 - Initiate JxBrowser Engine with user profile folder
2024-01-29 10:33:23,639 [INFO] ServerAccessManage:473 - Download File updaters.zip
2024-01-29 10:33:23,766 [INFO] FileExtend:240 - Unzip File : updaters.zip
2024-01-29 10:33:23,767 [INFO] FileExtend:255 - Standard Zip Deflate
2024-01-29 10:33:24,418 [INFO] ServerAccessManage:473 - Download File PacksControlFlags.xml
2024-01-29 10:33:24,456 [INFO] ServerAccessManage:473 - Download File cubemx.pidx
2024-01-29 10:33:24,541 [INFO] LoadServerUpdatesThread:375 - End of LoadServerUpdate Thread
2024-01-29 10:33:24,702 [INFO] CheckServerUpdateThread:120 - End of CheckServer Thread
2024-01-29 10:33:25,759 [INFO] WebApp:161 - Instantiating new browser for Auth
2024-01-29 10:33:26,267 [INFO] WebApp:780 - Register for checkConnection events
2024-01-29 10:33:26,267 [INFO] WebApp:414 - Apply proxy settings
2024-01-29 10:33:26,267 [INFO] WebApp:499 - Chromium requires no authentication
2024-01-29 10:33:26,273 [INFO] WebApp:442 - Direct internet connection detected
2024-01-29 10:33:26,404 [INFO] WebApp:192 - Starting web application
2024-01-29 10:33:26,404 [INFO] WebApp:544 - Web application path used C:\ST\STM32CubeIDE_1.14.1\STM32CubeIDE\plugins\com.st.stm32cube.common.mx_6.10.0.202311202037\db\plugins\mcufinder\reactClient1\index.html
2024-01-29 10:33:26,614 [WARN] PackLoader:240 - Cannot read IP mode file for STMicroelectronics.X-CUBE-SMBUS.2.1.0
2024-01-29 10:33:26,622 [WARN] PackLoader:240 - Cannot read IP mode file for STMicroelectronics.X-CUBE-TOUCHGFX.4.23.0
2024-01-29 10:33:26,648 [WARN] PackLoader:240 - Cannot read IP mode file for STMicroelectronics.X-CUBE-AZRTOS-F7.1.1.0
2024-01-29 10:33:26,660 [WARN] PackLoader:240 - Cannot read IP mode file for STMicroelectronics.FP-SNS-MOTENV1.4.3.2
2024-01-29 10:33:26,670 [WARN] PackLoader:240 - Cannot read IP mode file for STMicroelectronics.FP-SNS-FLIGHT1.5.0.2
2024-01-29 10:33:26,683 [WARN] PackLoader:240 - Cannot read IP mode file for STMicroelectronics.X-CUBE-DISPLAY.3.0.0
2024-01-29 10:33:26,701 [WARN] PackLoader:240 - Cannot read IP mode file for STMicroelectronics.X-CUBE-BLE1.7.0.0
2024-01-29 10:33:26,711 [WARN] PackLoader:240 - Cannot read IP mode file for emotas.I-CUBE-CANOPEN.1.3.0
2024-01-29 10:33:26,719 [WARN] PackLoader:240 - Cannot read IP mode file for STMicroelectronics.FP-SNS-SMARTAG2.1.2.0
2024-01-29 10:33:26,732 [INFO] LogOutputStream:77 - [STDOUT_REDIRECT] 1 : Invalid condition id : UX_CORESTACK_Condition cause : null
2024-01-29 10:33:26,733 [INFO] LogOutputStream:77 - [STDOUT_REDIRECT] 1 : Invalid condition id : UX_CORESTACK_Condition cause : null
2024-01-29 10:33:26,734 [INFO] LogOutputStream:77 - [STDOUT_REDIRECT] 1 : Invalid condition id : UX_CORESTACK_Condition cause : null
2024-01-29 10:33:26,735 [INFO] LogOutputStream:77 - [STDOUT_REDIRECT] 1 : Invalid condition id : UX_CORESTACK_Condition cause : null
2024-01-29 10:33:26,736 [INFO] LogOutputStream:77 - [STDOUT_REDIRECT] 1 : Invalid condition id : UX_CORESTACK_Condition cause : null
2024-01-29 10:33:26,743 [WARN] PackLoader:240 - Cannot read IP mode file for STMicroelectronics.X-CUBE-AZRTOS-WL.2.0.0
2024-01-29 10:33:26,757 [WARN] PackLoader:240 - Cannot read IP mode file for WES.I-CUBE-Cesium.1.3.0
2024-01-29 10:33:26,769 [WARN] PackLoader:240 - Cannot read IP mode file for STMicroelectronics.X-CUBE-BLE2.3.3.0
2024-01-29 10:33:26,784 [WARN] PackLoader:240 - Cannot read IP mode file for STMicroelectronics.X-CUBE-ALGOBUILD.1.3.0
2024-01-29 10:33:26,819 [WARN] PackLoader:240 - Cannot read IP mode file for STMicroelectronics.X-CUBE-AZRTOS-G0.1.1.0
2024-01-29 10:33:26,835 [WARN] PackLoader:240 - Cannot read IP mode file for STMicroelectronics.X-CUBE-NFC4.3.0.0
2024-01-29 10:33:26,856 [WARN] PackLoader:240 - Cannot read IP mode file for STMicroelectronics.X-CUBE-BLEMGR.3.0.0
2024-01-29 10:33:26,865 [WARN] PackLoader:240 - Cannot read IP mode file for STMicroelectronics.FP-ATR-SIGFOX1.3.2.0
2024-01-29 10:33:26,874 [WARN] PackLoader:240 - Cannot read IP mode file for STMicroelectronics.X-CUBE-EEPRMA1.5.1.0
2024-01-29 10:33:26,927 [WARN] PackLoader:240 - Cannot read IP mode file for SEGGER.I-CUBE-embOS.1.3.1
2024-01-29 10:33:26,978 [WARN] PackLoader:240 - Cannot read IP mode file for STMicroelectronics.X-CUBE-GNSS1.6.0.0
2024-01-29 10:33:27,002 [WARN] PackLoader:240 - Cannot read IP mode file for STMicroelectronics.X-CUBE-AZRTOS-F4.1.1.0
2024-01-29 10:33:27,012 [WARN] PackLoader:240 - Cannot read IP mode file for wolfSSL.I-CUBE-wolfSSL.5.6.6
2024-01-29 10:33:27,034 [WARN] PackLoader:240 - Cannot read IP mode file for STMicroelectronics.X-CUBE-AZRTOS-L5.2.0.0
2024-01-29 10:33:27,044 [WARN] PackLoader:240 - Cannot read IP mode file for STMicroelectronics.X-CUBE-EEPRMA1.4.2.0
2024-01-29 10:33:27,051 [WARN] PackLoader:240 - Cannot read IP mode file for ITTIA_DB.I-CUBE-ITTIADB.8.8.0
2024-01-29 10:33:27,058 [WARN] PackLoader:240 - Cannot read IP mode file for STMicroelectronics.X-CUBE-NFC7.1.0.1
2024-01-29 10:33:27,068 [WARN] PackLoader:240 - Cannot read IP mode file for STMicroelectronics.X-CUBE-NFC6.3.0.0
2024-01-29 10:33:27,075 [WARN] PackLoader:240 - Cannot read IP mode file for STMicroelectronics.X-CUBE-AI.8.1.0
2024-01-29 10:33:27,095 [WARN] ConditionMgr:438 - getConditionDescription Invalid condition id : LAN8742 Phy interface Condition cause : null
2024-01-29 10:33:27,096 [WARN] PackLoader:240 - Cannot read IP mode file for STMicroelectronics.X-CUBE-AZRTOS-L4.2.0.0
2024-01-29 10:33:27,098 [WARN] ConditionMgr:1039 - genDependencies : Invalid condition id : LAN8742 Phy interface Condition cause : null
2024-01-29 10:33:27,098 [WARN] ConditionMgr:1039 - genDependencies : Invalid condition id : LAN8742 Phy interface Condition cause : null
2024-01-29 10:33:27,099 [WARN] ConditionMgr:1039 - genDependencies : Invalid condition id : LAN8742 Phy interface Condition cause : null
2024-01-29 10:33:27,108 [WARN] PackLoader:240 - Cannot read IP mode file for STMicroelectronics.X-CUBE-SFXS2LP1.4.0.0
2024-01-29 10:33:27,122 [WARN] ConditionMgr:438 - getConditionDescription Invalid condition id : UX DEVICE CLASS RTOS Condition cause : null
2024-01-29 10:33:27,123 [WARN] ConditionMgr:438 - getConditionDescription Invalid condition id : UX DEVICE CLASS RTOS Condition cause : null
2024-01-29 10:33:27,125 [WARN] PackLoader:240 - Cannot read IP mode file for STMicroelectronics.X-CUBE-AZRTOS-WB.2.0.0
2024-01-29 10:33:27,126 [WARN] ConditionMgr:1039 - genDependencies : Invalid condition id : UX DEVICE CLASS RTOS Condition cause : null
2024-01-29 10:33:27,126 [WARN] ConditionMgr:1039 - genDependencies : Invalid condition id : UX DEVICE CLASS RTOS Condition cause : null
2024-01-29 10:33:27,126 [WARN] ConditionMgr:1039 - genDependencies : Invalid condition id : UX DEVICE CLASS RTOS Condition cause : null
2024-01-29 10:33:27,127 [WARN] ConditionMgr:1039 - genDependencies : Invalid condition id : UX DEVICE CLASS RTOS Condition cause : null
2024-01-29 10:33:27,127 [WARN] ConditionMgr:1039 - genDependencies : Invalid condition id : UX DEVICE CLASS RTOS Condition cause : null
2024-01-29 10:33:27,138 [WARN] PackLoader:240 - Cannot read IP mode file for STMicroelectronics.X-CUBE-SUBG2.5.0.0
2024-01-29 10:33:27,160 [WARN] PackLoader:240 - Cannot read IP mode file for STMicroelectronics.X-CUBE-AZRTOS-G4.2.0.0
2024-01-29 10:33:27,174 [WARN] PackLoader:240 - Cannot read IP mode file for Infineon.AIROC-Wi-Fi-Bluetooth-STM32.1.5.1
2024-01-29 10:33:27,183 [WARN] PackLoader:240 - Cannot read IP mode file for STMicroelectronics.FP-SNS-MOTENVWB1.1.3.1
2024-01-29 10:33:27,188 [WARN] PackLoader:240 - Cannot read IP mode file for STMicroelectronics.X-CUBE-ISPU.2.0.0
2024-01-29 10:33:27,226 [WARN] PackLoader:240 - Cannot read IP mode file for STMicroelectronics.X-CUBE-MEMS1.10.0.0
2024-01-29 10:33:27,348 [WARN] PackLoader:240 - Cannot read IP mode file for STMicroelectronics.X-CUBE-FREERTOS.1.1.0
2024-01-29 10:33:27,353 [WARN] PackLoader:240 - Cannot read IP mode file for portGmbH.I-Cube-SoM-uGOAL.1.1.0
2024-01-29 10:33:27,358 [WARN] PackLoader:240 - Cannot read IP mode file for STMicroelectronics.X-CUBE-ALS.1.0.1
2024-01-29 10:33:27,363 [WARN] PackLoader:240 - Cannot read IP mode file for STMicroelectronics.FP-ATR-ASTRA1.2.0.0
2024-01-29 10:33:27,373 [WARN] PackLoader:240 - Cannot read IP mode file for STMicroelectronics.X-CUBE-TOF1.3.4.0
2024-01-29 10:33:27,401 [WARN] PackLoader:240 - Cannot read IP mode file for STMicroelectronics.X-CUBE-AZRTOS-H7.3.2.0
2024-01-29 10:33:27,405 [INFO] ThirdParty:978 - Integrity check success = true
2024-01-29 10:33:27,405 [INFO] IntegrityCheckThread:100 - exiting critical section [integrity check]
2024-01-29 10:33:27,405 [INFO] IntegrityCheckThread:103 - End integrity checks thread
2024-01-29 10:33:47,285 [ERROR] LogOutputStream:75 - [STDERR_REDIRECT] SLF4J: Failed to load class "org.slf4j.impl.StaticLoggerBinder".
2024-01-29 10:33:47,286 [ERROR] LogOutputStream:75 - [STDERR_REDIRECT] SLF4J: Defaulting to no-operation (NOP) logger implementation
2024-01-29 10:33:47,287 [ERROR] LogOutputStream:75 - [STDERR_REDIRECT] SLF4J: See http://www.slf4j.org/codes.html#StaticLoggerBinder for further details.
2024-01-29 18:28:06,976 [ERROR] LogOutputStream:75 - [STDERR_REDIRECT] 
