2024-01-26 10:01:26,046 [INFO] Activator:176 - 


2024-01-26 10:01:26,050 [INFO] Activator:177 - !SESSION log4j initialized
2024-01-26 10:01:33,429 [INFO] LogOutputStream:77 - [STDOUT_REDIRECT] 
2024-01-26 10:01:37,711 [INFO] ApplicationProperties:184 - Using Application install path: C:\ST\STM32CubeIDE_1.14.1\STM32CubeIDE\plugins\com.st.stm32cube.common.mx_6.10.0.202311202037
2024-01-26 10:01:37,726 [INFO] DbMcusXml:78 - Set database path to: C:\ST\STM32CubeIDE_1.14.1\STM32CubeIDE\plugins\com.st.stm32cube.common.mx_6.10.0.202311202037\\db\/mcu/
2024-01-26 10:01:37,726 [INFO] ApiDb:274 - Set plugin database path to: C:\ST\STM32CubeIDE_1.14.1\STM32CubeIDE\plugins\com.st.stm32cube.common.mx_6.10.0.202311202037\\db\/plugins/boardmanager/
2024-01-26 10:01:37,728 [WARN] ApiDb:259 - Overriding images path with different value:  => C:\ST\STM32CubeIDE_1.14.1\STM32CubeIDE\plugins\com.st.stm32cube.common.mx_6.10.0.202311202037\\db\/plugins/mcufinder/images/
2024-01-26 10:01:37,745 [INFO] ApiDb:250 - Set database path to: C:\Users\LocalAdmin\.stmcufinder\plugins\mcufinder//mcu/
2024-01-26 10:01:37,746 [INFO] DbMcusAds:125 - Set database path to: C:\Users\LocalAdmin\.stmcufinder\plugins\mcufinder//mcu/
2024-01-26 10:01:37,748 [INFO] CrossReferenceDbSqlite:203 - Set database path to: C:\Users\LocalAdmin\.stmcufinder\plugins\mcufinder//mcu/cs/
2024-01-26 10:01:37,853 [INFO] RulesReader:64 - Compatibility file has been processed (297 Rules)
2024-01-26 10:01:37,916 [INFO] DbMcusXml:78 - Set database path to: C:\ST\STM32CubeIDE_1.14.1\STM32CubeIDE\plugins\com.st.stm32cube.common.mx_6.10.0.202311202037\\db\/mcu/
2024-01-26 10:01:37,916 [INFO] ApiDb:274 - Set plugin database path to: C:\ST\STM32CubeIDE_1.14.1\STM32CubeIDE\plugins\com.st.stm32cube.common.mx_6.10.0.202311202037\\db\/plugins/boardmanager/
2024-01-26 10:01:37,917 [INFO] ApiDb:261 - Set plugin images path to: C:\ST\STM32CubeIDE_1.14.1\STM32CubeIDE\plugins\com.st.stm32cube.common.mx_6.10.0.202311202037\\db\/plugins/mcufinder/images/
2024-01-26 10:01:37,917 [WARN] DbFile:41 - Overriding database path with different value: C:\Users\LocalAdmin\.stmcufinder\plugins\mcufinder/ => C:\Users\LocalAdmin\.stmcufinder\plugins\mcufinder
2024-01-26 10:01:37,917 [INFO] ApiDb:250 - Set database path to: C:\Users\LocalAdmin\.stmcufinder\plugins\mcufinder//mcu/
2024-01-26 10:01:37,917 [WARN] DbFile:41 - Overriding database path with different value: C:\Users\LocalAdmin\.stmcufinder\plugins\mcufinder/ => C:\Users\LocalAdmin\.stmcufinder\plugins\mcufinder
2024-01-26 10:01:37,917 [INFO] DbMcusAds:125 - Set database path to: C:\Users\LocalAdmin\.stmcufinder\plugins\mcufinder//mcu/
2024-01-26 10:01:37,917 [WARN] DbFile:41 - Overriding database path with different value: C:\Users\LocalAdmin\.stmcufinder\plugins\mcufinder/ => C:\Users\LocalAdmin\.stmcufinder\plugins\mcufinder
2024-01-26 10:01:37,917 [WARN] DbFile:41 - Overriding database path with different value: C:\Users\LocalAdmin\.stmcufinder\plugins\mcufinder/ => C:\Users\LocalAdmin\.stmcufinder\plugins\mcufinder
2024-01-26 10:01:37,917 [INFO] CrossReferenceDbSqlite:203 - Set database path to: C:\Users\LocalAdmin\.stmcufinder\plugins\mcufinder//mcu/cs/
2024-01-26 10:01:37,976 [INFO] MainPanel:264 - HeapMemory: 268435456
2024-01-26 10:01:38,048 [INFO] DbMcusXml:78 - Set database path to: C:\ST\STM32CubeIDE_1.14.1\STM32CubeIDE\plugins\com.st.stm32cube.common.mx_6.10.0.202311202037\\db\/mcu/
2024-01-26 10:01:38,048 [INFO] ApiDb:274 - Set plugin database path to: C:\ST\STM32CubeIDE_1.14.1\STM32CubeIDE\plugins\com.st.stm32cube.common.mx_6.10.0.202311202037\\db\/plugins/boardmanager/
2024-01-26 10:01:38,048 [INFO] ApiDb:261 - Set plugin images path to: C:\ST\STM32CubeIDE_1.14.1\STM32CubeIDE\plugins\com.st.stm32cube.common.mx_6.10.0.202311202037\\db\/plugins/mcufinder/images/
2024-01-26 10:01:38,048 [WARN] DbFile:41 - Overriding database path with different value: C:\Users\LocalAdmin\.stmcufinder\plugins\mcufinder/ => C:\Users\LocalAdmin\.stmcufinder\plugins\mcufinder
2024-01-26 10:01:38,048 [INFO] ApiDb:250 - Set database path to: C:\Users\LocalAdmin\.stmcufinder\plugins\mcufinder//mcu/
2024-01-26 10:01:38,048 [WARN] DbFile:41 - Overriding database path with different value: C:\Users\LocalAdmin\.stmcufinder\plugins\mcufinder/ => C:\Users\LocalAdmin\.stmcufinder\plugins\mcufinder
2024-01-26 10:01:38,048 [INFO] DbMcusAds:125 - Set database path to: C:\Users\LocalAdmin\.stmcufinder\plugins\mcufinder//mcu/
2024-01-26 10:01:38,048 [WARN] DbFile:41 - Overriding database path with different value: C:\Users\LocalAdmin\.stmcufinder\plugins\mcufinder/ => C:\Users\LocalAdmin\.stmcufinder\plugins\mcufinder
2024-01-26 10:01:38,049 [WARN] DbFile:41 - Overriding database path with different value: C:\Users\LocalAdmin\.stmcufinder\plugins\mcufinder/ => C:\Users\LocalAdmin\.stmcufinder\plugins\mcufinder
2024-01-26 10:01:38,049 [INFO] CrossReferenceDbSqlite:203 - Set database path to: C:\Users\LocalAdmin\.stmcufinder\plugins\mcufinder//mcu/cs/
2024-01-26 10:01:38,063 [INFO] ApplicationProperties:184 - Using Application install path: C:\ST\STM32CubeIDE_1.14.1\STM32CubeIDE\plugins\com.st.stm32cube.common.mx_6.10.0.202311202037
2024-01-26 10:01:38,064 [INFO] PluginManage:196 - Search for loadable plugins [exclusion list=, ]
2024-01-26 10:01:38,065 [INFO] PluginManage:310 - Check plugin analytics
2024-01-26 10:01:38,203 [INFO] AnalyticsPlugin:253 - Accepted Software Licenses: 
2024-01-26 10:01:38,203 [INFO] AnalyticsPlugin:255 - Accepted CMSIS Pack Licenses: 
2024-01-26 10:01:38,204 [INFO] AnalyticsPlugin:257 - Accepted Firmware Licenses: FW.F4.1.28.0
2024-01-26 10:01:38,206 [INFO] PluginManage:359 - Loaded plugin analytics (category:tool,tabindex:-1)
2024-01-26 10:01:38,206 [INFO] PluginManage:310 - Check plugin cadmodel
2024-01-26 10:01:38,211 [INFO] CADModel:105 - Init CAD model plugin
2024-01-26 10:01:38,211 [INFO] PluginManage:359 - Loaded plugin cadmodel (category:power,tabindex:5)
2024-01-26 10:01:38,211 [INFO] PluginManage:310 - Check plugin clock
2024-01-26 10:01:38,221 [INFO] PluginManage:359 - Loaded plugin clock (category:base,tabindex:2)
2024-01-26 10:01:38,222 [INFO] PluginManage:310 - Check plugin ddr
2024-01-26 10:01:38,225 [INFO] PluginManage:359 - Loaded plugin ddr (category:tool,tabindex:6)
2024-01-26 10:01:38,225 [INFO] PluginManage:310 - Check plugin filemanager
2024-01-26 10:01:38,351 [INFO] PluginManage:359 - Loaded plugin filemanager (category:base,tabindex:10)
2024-01-26 10:01:38,351 [INFO] PluginManage:310 - Check plugin ipmanager
2024-01-26 10:01:38,357 [INFO] PluginManage:359 - Loaded plugin ipmanager (category:base,tabindex:5)
2024-01-26 10:01:38,357 [INFO] PluginManage:310 - Check plugin lpbam
2024-01-26 10:01:38,364 [INFO] PluginManage:359 - Loaded plugin lpbam (category:base,tabindex:0)
2024-01-26 10:01:38,364 [INFO] PluginManage:310 - Check plugin memorymap
2024-01-26 10:01:38,376 [INFO] PluginManage:359 - Loaded plugin memorymap (category:base,tabindex:4)
2024-01-26 10:01:38,376 [INFO] PluginManage:310 - Check plugin pinoutandconfiguration
2024-01-26 10:01:38,382 [INFO] PluginManage:359 - Loaded plugin pinoutandconfiguration (category:base,tabindex:1)
2024-01-26 10:01:38,382 [INFO] PluginManage:310 - Check plugin pinoutconfig
2024-01-26 10:01:38,453 [WARN] SupportedApi:132 - Cannot load RTOS API schema: s4s-elt-must-match.1: The content of 'definitions' must match (annotation?, (simpleType | complexType)?, (unique | key | keyref)*)). A problem was found starting at: attribute.
2024-01-26 10:01:38,551 [INFO] PluginManage:359 - Loaded plugin pinoutconfig (category:base,tabindex:0)
2024-01-26 10:01:38,551 [INFO] PluginManage:310 - Check plugin power
2024-01-26 10:01:38,560 [INFO] PluginManage:359 - Loaded plugin power (category:power,tabindex:4)
2024-01-26 10:01:38,560 [INFO] PluginManage:310 - Check plugin projectmanager
2024-01-26 10:01:38,572 [INFO] PluginManage:359 - Loaded plugin projectmanager (category:projectmanager,tabindex:3)
2024-01-26 10:01:38,572 [INFO] PluginManage:310 - Check plugin thirdparty
2024-01-26 10:01:38,666 [INFO] PluginManage:359 - Loaded plugin thirdparty (category:base,tabindex:-1)
2024-01-26 10:01:38,666 [WARN] IntegrityCheckThread:84 - waiting for thirdparty lock release [integrity check]
2024-01-26 10:01:38,667 [INFO] PluginManage:310 - Check plugin tools
2024-01-26 10:01:38,667 [INFO] IntegrityCheckThread:86 - entering critical section [integrity check]
2024-01-26 10:01:38,667 [INFO] ThirdPartyUpdaterWithRetryManager:70 - Updater plugin not ready yet. [1/15]
2024-01-26 10:01:38,669 [INFO] PluginManage:359 - Loaded plugin tools (category:base,tabindex:7)
2024-01-26 10:01:38,669 [INFO] PluginManage:310 - Check plugin tutovideos
2024-01-26 10:01:38,800 [INFO] PluginManage:359 - Loaded plugin tutovideos (category:base,tabindex:-1)
2024-01-26 10:01:38,801 [INFO] PluginManage:310 - Check plugin updater
2024-01-26 10:01:38,810 [INFO] PluginManage:359 - Loaded plugin updater (category:base,tabindex:12)
2024-01-26 10:01:38,810 [INFO] PluginManage:310 - Check plugin userauth
2024-01-26 10:01:38,814 [INFO] UserAuth:114 - Init User Auth plugin
2024-01-26 10:01:38,814 [INFO] PluginManage:359 - Loaded plugin userauth (category:base,tabindex:14)
2024-01-26 10:01:38,814 [INFO] PluginManage:283 - PluginManage : Loaded plugins [17]
2024-01-26 10:01:38,981 [INFO] PinOutPanel:1499 - setPackage(No Configuration,No Configuration)
2024-01-26 10:01:39,061 [INFO] CADModel:165 - CPN selected for project level
2024-01-26 10:01:39,061 [INFO] CADModel:114 - Register for checkConnection events
2024-01-26 10:01:39,083 [INFO] IPUIPlugin:80 - create IPUIPlugin
2024-01-26 10:01:39,083 [INFO] PluginManager:220 - loadIPPluginJar : add adc
2024-01-26 10:01:39,085 [INFO] IPUIPlugin:80 - create IPUIPlugin
2024-01-26 10:01:39,085 [INFO] PluginManager:220 - loadIPPluginJar : add aes
2024-01-26 10:01:39,088 [INFO] IPUIPlugin:80 - create IPUIPlugin
2024-01-26 10:01:39,088 [INFO] PluginManager:220 - loadIPPluginJar : add can
2024-01-26 10:01:39,089 [INFO] IPUIPlugin:80 - create IPUIPlugin
2024-01-26 10:01:39,089 [INFO] PluginManager:220 - loadIPPluginJar : add comp
2024-01-26 10:01:39,092 [INFO] IPUIPlugin:80 - create IPUIPlugin
2024-01-26 10:01:39,092 [INFO] PluginManager:220 - loadIPPluginJar : add cryp
2024-01-26 10:01:39,094 [INFO] IPUIPlugin:80 - create IPUIPlugin
2024-01-26 10:01:39,094 [INFO] PluginManager:220 - loadIPPluginJar : add dfsdm
2024-01-26 10:01:39,098 [INFO] IPUIPlugin:80 - create IPUIPlugin
2024-01-26 10:01:39,098 [INFO] PluginManager:220 - loadIPPluginJar : add dma
2024-01-26 10:01:39,101 [INFO] IPUIPlugin:80 - create IPUIPlugin
2024-01-26 10:01:39,101 [INFO] PluginManager:220 - loadIPPluginJar : add dma3
2024-01-26 10:01:39,102 [INFO] IPUIPlugin:80 - create IPUIPlugin
2024-01-26 10:01:39,102 [INFO] PluginManager:220 - loadIPPluginJar : add fatfs
2024-01-26 10:01:39,105 [INFO] IPUIPlugin:80 - create IPUIPlugin
2024-01-26 10:01:39,105 [INFO] PluginManager:220 - loadIPPluginJar : add fmc
2024-01-26 10:01:39,109 [INFO] IPUIPlugin:80 - create IPUIPlugin
2024-01-26 10:01:39,109 [INFO] PluginManager:220 - loadIPPluginJar : add freertos
2024-01-26 10:01:39,110 [INFO] IPUIPlugin:80 - create IPUIPlugin
2024-01-26 10:01:39,110 [INFO] PluginManager:220 - loadIPPluginJar : add genericplugin
2024-01-26 10:01:39,112 [INFO] IPUIPlugin:80 - create IPUIPlugin
2024-01-26 10:01:39,112 [INFO] PluginManager:220 - loadIPPluginJar : add gfxmmu
2024-01-26 10:01:39,116 [INFO] IPUIPlugin:80 - create IPUIPlugin
2024-01-26 10:01:39,116 [INFO] PluginManager:220 - loadIPPluginJar : add gic
2024-01-26 10:01:39,119 [INFO] IPUIPlugin:80 - create IPUIPlugin
2024-01-26 10:01:39,119 [INFO] PluginManager:220 - loadIPPluginJar : add gpio
2024-01-26 10:01:39,121 [INFO] IPUIPlugin:80 - create IPUIPlugin
2024-01-26 10:01:39,122 [INFO] PluginManager:220 - loadIPPluginJar : add gtzc
2024-01-26 10:01:39,123 [INFO] IPUIPlugin:80 - create IPUIPlugin
2024-01-26 10:01:39,123 [INFO] PluginManager:220 - loadIPPluginJar : add hash
2024-01-26 10:01:39,126 [INFO] IPUIPlugin:80 - create IPUIPlugin
2024-01-26 10:01:39,126 [INFO] PluginManager:220 - loadIPPluginJar : add i2c
2024-01-26 10:01:39,128 [INFO] IPUIPlugin:80 - create IPUIPlugin
2024-01-26 10:01:39,128 [INFO] PluginManager:220 - loadIPPluginJar : add i2s
2024-01-26 10:01:39,130 [INFO] IPUIPlugin:80 - create IPUIPlugin
2024-01-26 10:01:39,130 [INFO] PluginManager:220 - loadIPPluginJar : add i3c
2024-01-26 10:01:39,132 [INFO] IPUIPlugin:80 - create IPUIPlugin
2024-01-26 10:01:39,132 [INFO] PluginManager:220 - loadIPPluginJar : add ipddr
2024-01-26 10:01:39,138 [INFO] IPUIPlugin:80 - create IPUIPlugin
2024-01-26 10:01:39,138 [INFO] PluginManager:220 - loadIPPluginJar : add linkedlist
2024-01-26 10:01:39,140 [INFO] IPUIPlugin:80 - create IPUIPlugin
2024-01-26 10:01:39,140 [INFO] PluginManager:220 - loadIPPluginJar : add lorawan
2024-01-26 10:01:39,142 [INFO] IPUIPlugin:80 - create IPUIPlugin
2024-01-26 10:01:39,142 [INFO] PluginManager:220 - loadIPPluginJar : add ltdc
2024-01-26 10:01:39,146 [INFO] IPUIPlugin:80 - create IPUIPlugin
2024-01-26 10:01:39,146 [INFO] PluginManager:220 - loadIPPluginJar : add mdma
2024-01-26 10:01:39,149 [INFO] IPUIPlugin:80 - create IPUIPlugin
2024-01-26 10:01:39,149 [INFO] PluginManager:220 - loadIPPluginJar : add nvic
2024-01-26 10:01:39,151 [INFO] IPUIPlugin:80 - create IPUIPlugin
2024-01-26 10:01:39,151 [INFO] PluginManager:220 - loadIPPluginJar : add opamp
2024-01-26 10:01:39,154 [INFO] IPUIPlugin:80 - create IPUIPlugin
2024-01-26 10:01:39,154 [INFO] PluginManager:220 - loadIPPluginJar : add openamp
2024-01-26 10:01:39,156 [INFO] IPUIPlugin:80 - create IPUIPlugin
2024-01-26 10:01:39,156 [INFO] PluginManager:220 - loadIPPluginJar : add pdm2pcm
2024-01-26 10:01:39,161 [INFO] IPUIPlugin:80 - create IPUIPlugin
2024-01-26 10:01:39,163 [INFO] PluginManager:220 - loadIPPluginJar : add plateformsettings
2024-01-26 10:01:39,164 [INFO] IPUIPlugin:80 - create IPUIPlugin
2024-01-26 10:01:39,164 [INFO] PluginManager:220 - loadIPPluginJar : add quadspi
2024-01-26 10:01:39,167 [INFO] IPUIPlugin:80 - create IPUIPlugin
2024-01-26 10:01:39,167 [INFO] PluginManager:220 - loadIPPluginJar : add resmgrutility
2024-01-26 10:01:39,170 [INFO] IPUIPlugin:80 - create IPUIPlugin
2024-01-26 10:01:39,170 [INFO] PluginManager:220 - loadIPPluginJar : add sai
2024-01-26 10:01:39,171 [INFO] IPUIPlugin:80 - create IPUIPlugin
2024-01-26 10:01:39,171 [INFO] PluginManager:220 - loadIPPluginJar : add spi
2024-01-26 10:01:39,175 [INFO] IPUIPlugin:80 - create IPUIPlugin
2024-01-26 10:01:39,175 [INFO] PluginManager:220 - loadIPPluginJar : add stm32_wpan
2024-01-26 10:01:39,176 [INFO] IPUIPlugin:80 - create IPUIPlugin
2024-01-26 10:01:39,177 [INFO] PluginManager:220 - loadIPPluginJar : add tim
2024-01-26 10:01:39,179 [INFO] IPUIPlugin:80 - create IPUIPlugin
2024-01-26 10:01:39,179 [INFO] PluginManager:220 - loadIPPluginJar : add touchsensing
2024-01-26 10:01:39,180 [INFO] IPUIPlugin:80 - create IPUIPlugin
2024-01-26 10:01:39,181 [INFO] PluginManager:220 - loadIPPluginJar : add tracer_emb
2024-01-26 10:01:39,182 [INFO] IPUIPlugin:80 - create IPUIPlugin
2024-01-26 10:01:39,182 [INFO] PluginManager:220 - loadIPPluginJar : add ts
2024-01-26 10:01:39,184 [INFO] IPUIPlugin:80 - create IPUIPlugin
2024-01-26 10:01:39,184 [INFO] PluginManager:220 - loadIPPluginJar : add tsc
2024-01-26 10:01:39,185 [INFO] IPUIPlugin:80 - create IPUIPlugin
2024-01-26 10:01:39,186 [INFO] PluginManager:220 - loadIPPluginJar : add ucpd
2024-01-26 10:01:39,188 [INFO] IPUIPlugin:80 - create IPUIPlugin
2024-01-26 10:01:39,188 [INFO] PluginManager:220 - loadIPPluginJar : add usart
2024-01-26 10:01:39,191 [INFO] IPUIPlugin:80 - create IPUIPlugin
2024-01-26 10:01:39,191 [INFO] PluginManager:220 - loadIPPluginJar : add usbx
2024-01-26 10:01:39,307 [INFO] CADModel:165 - CPN selected for project level
2024-01-26 10:01:39,308 [INFO] CADModel:114 - Register for checkConnection events
2024-01-26 10:01:39,308 [FATAL] Updater:308 - Updater called before beeing initialized
2024-01-26 10:01:39,308 [ERROR] CADModel:125 - Updater not yet initialized, retry later 
2024-01-26 10:01:39,417 [INFO] CADModel:165 - CPN selected for project level
2024-01-26 10:01:39,417 [INFO] CADModel:114 - Register for checkConnection events
2024-01-26 10:01:39,417 [FATAL] Updater:308 - Updater called before beeing initialized
2024-01-26 10:01:39,417 [ERROR] CADModel:125 - Updater not yet initialized, retry later 
2024-01-26 10:01:39,419 [FATAL] Updater:308 - Updater called before beeing initialized
2024-01-26 10:01:39,500 [FATAL] Updater:308 - Updater called before beeing initialized
2024-01-26 10:01:39,504 [INFO] DbMcusAds:53 - JSON generation date=Wed Nov 29 11:52:27 CET 2023 (1701255147200)
2024-01-26 10:01:39,504 [FATAL] Updater:308 - Updater called before beeing initialized
2024-01-26 10:01:39,536 [WARN] DetailPanel:346 - Failed to get advertising image, set to default
2024-01-26 10:01:39,606 [FATAL] Updater:308 - Updater called before beeing initialized
2024-01-26 10:01:39,608 [FATAL] Updater:308 - Updater called before beeing initialized
2024-01-26 10:01:39,608 [FATAL] Updater:308 - Updater called before beeing initialized
2024-01-26 10:01:39,608 [WARN] DetailPanel:346 - Failed to get advertising image, set to default
2024-01-26 10:01:39,608 [FATAL] Updater:308 - Updater called before beeing initialized
2024-01-26 10:01:39,728 [ERROR] Updater:1120 - MainUpdater not yet initialized. External WinMGr cannot be set.
2024-01-26 10:01:39,894 [INFO] Updater:1056 - Updater Version found : 6.10.0
2024-01-26 10:01:39,913 [INFO] ApplicationProperties:184 - Using Application install path: C:\ST\STM32CubeIDE_1.14.1\STM32CubeIDE\plugins\com.st.stm32cube.common.mx_6.10.0.202311202037
2024-01-26 10:01:41,489 [ERROR] LogOutputStream:75 - [STDERR_REDIRECT] Jan 26, 2024 10:01:41 AM java.util.prefs.WindowsPreferences <init>
2024-01-26 10:01:41,490 [ERROR] LogOutputStream:75 - [STDERR_REDIRECT] WARNING: Could not open/create prefs root node Software\JavaSoft\Prefs at root 0xffffffff80000002. Windows RegCreateKeyEx(...) returned error code 5.
2024-01-26 10:01:41,490 [ERROR] LogOutputStream:75 - [STDERR_REDIRECT] 
2024-01-26 10:01:41,668 [INFO] ThirdPartyUpdaterWithRetryManager:70 - Updater plugin not ready yet. [2/15]
2024-01-26 10:01:41,676 [INFO] MainUpdater:2873 - connection check result : 10
2024-01-26 10:01:41,676 [INFO] MainUpdater:290 - Updater Check For Update Now.
2024-01-26 10:01:41,676 [INFO] MicroXplorer:498 - Change Database Version : DB.6.0.100
2024-01-26 10:01:41,681 [INFO] McuFinderGlobals:63 - Set McuFinder mode to 2 (CubeIDE integrated)
2024-01-26 10:01:41,681 [INFO] UserAuth:180 - activating auth plugin
2024-01-26 10:01:41,684 [INFO] UserAuth:404 - Internet connection configuration mode: 1
2024-01-26 10:01:41,700 [INFO] JxBrowserEngine:152 - Initiate JxBrowser Engine with user profile folder
2024-01-26 10:01:41,839 [INFO] CheckServerUpdateThread:120 - End of CheckServer Thread
2024-01-26 10:01:43,408 [INFO] WebApp:161 - Instantiating new browser for Auth
2024-01-26 10:01:43,881 [INFO] WebApp:780 - Register for checkConnection events
2024-01-26 10:01:43,882 [INFO] WebApp:414 - Apply proxy settings
2024-01-26 10:01:43,882 [INFO] WebApp:499 - Chromium requires no authentication
2024-01-26 10:01:43,889 [INFO] WebApp:442 - Direct internet connection detected
2024-01-26 10:01:44,053 [INFO] WebApp:192 - Starting web application
2024-01-26 10:01:44,054 [INFO] WebApp:544 - Web application path used C:\ST\STM32CubeIDE_1.14.1\STM32CubeIDE\plugins\com.st.stm32cube.common.mx_6.10.0.202311202037\db\plugins\mcufinder\reactClient1\index.html
2024-01-26 10:01:44,824 [WARN] PackLoader:240 - Cannot read IP mode file for STMicroelectronics.X-CUBE-SMBUS.2.1.0
2024-01-26 10:01:44,832 [WARN] PackLoader:240 - Cannot read IP mode file for STMicroelectronics.X-CUBE-TOUCHGFX.4.23.0
2024-01-26 10:01:44,858 [WARN] PackLoader:240 - Cannot read IP mode file for STMicroelectronics.X-CUBE-AZRTOS-F7.1.1.0
2024-01-26 10:01:44,868 [WARN] PackLoader:240 - Cannot read IP mode file for STMicroelectronics.FP-SNS-MOTENV1.4.3.2
2024-01-26 10:01:44,874 [WARN] PackLoader:240 - Cannot read IP mode file for STMicroelectronics.FP-SNS-FLIGHT1.5.0.2
2024-01-26 10:01:44,881 [WARN] PackLoader:240 - Cannot read IP mode file for STMicroelectronics.X-CUBE-DISPLAY.3.0.0
2024-01-26 10:01:44,892 [WARN] PackLoader:240 - Cannot read IP mode file for STMicroelectronics.X-CUBE-BLE1.7.0.0
2024-01-26 10:01:44,898 [WARN] PackLoader:240 - Cannot read IP mode file for emotas.I-CUBE-CANOPEN.1.3.0
2024-01-26 10:01:44,903 [WARN] PackLoader:240 - Cannot read IP mode file for STMicroelectronics.FP-SNS-SMARTAG2.1.2.0
2024-01-26 10:01:44,911 [INFO] LogOutputStream:77 - [STDOUT_REDIRECT] 1 : Invalid condition id : UX_CORESTACK_Condition cause : null
2024-01-26 10:01:44,912 [INFO] LogOutputStream:77 - [STDOUT_REDIRECT] 1 : Invalid condition id : UX_CORESTACK_Condition cause : null
2024-01-26 10:01:44,913 [INFO] LogOutputStream:77 - [STDOUT_REDIRECT] 1 : Invalid condition id : UX_CORESTACK_Condition cause : null
2024-01-26 10:01:44,914 [INFO] LogOutputStream:77 - [STDOUT_REDIRECT] 1 : Invalid condition id : UX_CORESTACK_Condition cause : null
2024-01-26 10:01:44,914 [INFO] LogOutputStream:77 - [STDOUT_REDIRECT] 1 : Invalid condition id : UX_CORESTACK_Condition cause : null
2024-01-26 10:01:44,918 [WARN] PackLoader:240 - Cannot read IP mode file for STMicroelectronics.X-CUBE-AZRTOS-WL.2.0.0
2024-01-26 10:01:44,930 [WARN] PackLoader:240 - Cannot read IP mode file for WES.I-CUBE-Cesium.1.3.0
2024-01-26 10:01:44,936 [WARN] PackLoader:240 - Cannot read IP mode file for STMicroelectronics.X-CUBE-BLE2.3.3.0
2024-01-26 10:01:44,944 [WARN] PackLoader:240 - Cannot read IP mode file for STMicroelectronics.X-CUBE-ALGOBUILD.1.3.0
2024-01-26 10:01:44,962 [WARN] PackLoader:240 - Cannot read IP mode file for STMicroelectronics.X-CUBE-AZRTOS-G0.1.1.0
2024-01-26 10:01:44,971 [WARN] PackLoader:240 - Cannot read IP mode file for STMicroelectronics.X-CUBE-NFC4.3.0.0
2024-01-26 10:01:44,982 [WARN] PackLoader:240 - Cannot read IP mode file for STMicroelectronics.X-CUBE-BLEMGR.3.0.0
2024-01-26 10:01:44,988 [WARN] PackLoader:240 - Cannot read IP mode file for STMicroelectronics.FP-ATR-SIGFOX1.3.2.0
2024-01-26 10:01:44,994 [WARN] PackLoader:240 - Cannot read IP mode file for STMicroelectronics.X-CUBE-EEPRMA1.5.1.0
2024-01-26 10:01:45,021 [WARN] PackLoader:240 - Cannot read IP mode file for SEGGER.I-CUBE-embOS.1.3.1
2024-01-26 10:01:45,076 [WARN] PackLoader:240 - Cannot read IP mode file for STMicroelectronics.X-CUBE-GNSS1.6.0.0
2024-01-26 10:01:45,094 [WARN] PackLoader:240 - Cannot read IP mode file for STMicroelectronics.X-CUBE-AZRTOS-F4.1.1.0
2024-01-26 10:01:45,102 [WARN] PackLoader:240 - Cannot read IP mode file for wolfSSL.I-CUBE-wolfSSL.5.6.6
2024-01-26 10:01:45,118 [WARN] PackLoader:240 - Cannot read IP mode file for STMicroelectronics.X-CUBE-AZRTOS-L5.2.0.0
2024-01-26 10:01:45,124 [WARN] PackLoader:240 - Cannot read IP mode file for STMicroelectronics.X-CUBE-EEPRMA1.4.2.0
2024-01-26 10:01:45,129 [WARN] PackLoader:240 - Cannot read IP mode file for ITTIA_DB.I-CUBE-ITTIADB.8.8.0
2024-01-26 10:01:45,134 [WARN] PackLoader:240 - Cannot read IP mode file for STMicroelectronics.X-CUBE-NFC7.1.0.1
2024-01-26 10:01:45,142 [WARN] PackLoader:240 - Cannot read IP mode file for STMicroelectronics.X-CUBE-NFC6.3.0.0
2024-01-26 10:01:45,150 [WARN] PackLoader:240 - Cannot read IP mode file for STMicroelectronics.X-CUBE-AI.8.1.0
2024-01-26 10:01:45,164 [WARN] ConditionMgr:438 - getConditionDescription Invalid condition id : LAN8742 Phy interface Condition cause : null
2024-01-26 10:01:45,165 [WARN] PackLoader:240 - Cannot read IP mode file for STMicroelectronics.X-CUBE-AZRTOS-L4.2.0.0
2024-01-26 10:01:45,166 [WARN] ConditionMgr:1039 - genDependencies : Invalid condition id : LAN8742 Phy interface Condition cause : null
2024-01-26 10:01:45,166 [WARN] ConditionMgr:1039 - genDependencies : Invalid condition id : LAN8742 Phy interface Condition cause : null
2024-01-26 10:01:45,167 [WARN] ConditionMgr:1039 - genDependencies : Invalid condition id : LAN8742 Phy interface Condition cause : null
2024-01-26 10:01:45,173 [WARN] PackLoader:240 - Cannot read IP mode file for STMicroelectronics.X-CUBE-SFXS2LP1.4.0.0
2024-01-26 10:01:45,185 [WARN] ConditionMgr:438 - getConditionDescription Invalid condition id : UX DEVICE CLASS RTOS Condition cause : null
2024-01-26 10:01:45,186 [WARN] ConditionMgr:438 - getConditionDescription Invalid condition id : UX DEVICE CLASS RTOS Condition cause : null
2024-01-26 10:01:45,187 [WARN] PackLoader:240 - Cannot read IP mode file for STMicroelectronics.X-CUBE-AZRTOS-WB.2.0.0
2024-01-26 10:01:45,188 [WARN] ConditionMgr:1039 - genDependencies : Invalid condition id : UX DEVICE CLASS RTOS Condition cause : null
2024-01-26 10:01:45,188 [WARN] ConditionMgr:1039 - genDependencies : Invalid condition id : UX DEVICE CLASS RTOS Condition cause : null
2024-01-26 10:01:45,188 [WARN] ConditionMgr:1039 - genDependencies : Invalid condition id : UX DEVICE CLASS RTOS Condition cause : null
2024-01-26 10:01:45,188 [WARN] ConditionMgr:1039 - genDependencies : Invalid condition id : UX DEVICE CLASS RTOS Condition cause : null
2024-01-26 10:01:45,188 [WARN] ConditionMgr:1039 - genDependencies : Invalid condition id : UX DEVICE CLASS RTOS Condition cause : null
2024-01-26 10:01:45,197 [WARN] PackLoader:240 - Cannot read IP mode file for STMicroelectronics.X-CUBE-SUBG2.5.0.0
2024-01-26 10:01:45,212 [WARN] PackLoader:240 - Cannot read IP mode file for STMicroelectronics.X-CUBE-AZRTOS-G4.2.0.0
2024-01-26 10:01:45,225 [WARN] PackLoader:240 - Cannot read IP mode file for Infineon.AIROC-Wi-Fi-Bluetooth-STM32.1.5.1
2024-01-26 10:01:45,233 [WARN] PackLoader:240 - Cannot read IP mode file for STMicroelectronics.FP-SNS-MOTENVWB1.1.3.1
2024-01-26 10:01:45,238 [WARN] PackLoader:240 - Cannot read IP mode file for STMicroelectronics.X-CUBE-ISPU.2.0.0
2024-01-26 10:01:45,275 [WARN] PackLoader:240 - Cannot read IP mode file for STMicroelectronics.X-CUBE-MEMS1.10.0.0
2024-01-26 10:01:45,436 [WARN] PackLoader:240 - Cannot read IP mode file for STMicroelectronics.X-CUBE-FREERTOS.1.1.0
2024-01-26 10:01:45,442 [WARN] PackLoader:240 - Cannot read IP mode file for portGmbH.I-Cube-SoM-uGOAL.1.1.0
2024-01-26 10:01:45,447 [WARN] PackLoader:240 - Cannot read IP mode file for STMicroelectronics.X-CUBE-ALS.1.0.1
2024-01-26 10:01:45,454 [WARN] PackLoader:240 - Cannot read IP mode file for STMicroelectronics.FP-ATR-ASTRA1.2.0.0
2024-01-26 10:01:45,464 [WARN] PackLoader:240 - Cannot read IP mode file for STMicroelectronics.X-CUBE-TOF1.3.4.0
2024-01-26 10:01:45,495 [WARN] PackLoader:240 - Cannot read IP mode file for STMicroelectronics.X-CUBE-AZRTOS-H7.3.2.0
2024-01-26 10:01:45,499 [INFO] ThirdParty:978 - Integrity check success = true
2024-01-26 10:01:45,499 [INFO] IntegrityCheckThread:100 - exiting critical section [integrity check]
2024-01-26 10:01:45,499 [INFO] IntegrityCheckThread:103 - End integrity checks thread
2024-01-26 10:02:04,777 [ERROR] LogOutputStream:75 - [STDERR_REDIRECT] SLF4J: Failed to load class "org.slf4j.impl.StaticLoggerBinder".
2024-01-26 10:02:04,778 [ERROR] LogOutputStream:75 - [STDERR_REDIRECT] SLF4J: Defaulting to no-operation (NOP) logger implementation
2024-01-26 10:02:04,779 [ERROR] LogOutputStream:75 - [STDERR_REDIRECT] SLF4J: See http://www.slf4j.org/codes.html#StaticLoggerBinder for further details.
2024-01-26 18:58:55,452 [ERROR] LogOutputStream:75 - [STDERR_REDIRECT] 
