2024-02-05 17:24:45,641 [INFO] Activator:176 - 


2024-02-05 17:24:45,645 [INFO] Activator:177 - !SESSION log4j initialized
2024-02-05 17:24:53,845 [INFO] LogOutputStream:77 - [STDOUT_REDIRECT] 
2024-02-05 17:24:57,582 [INFO] ApplicationProperties:184 - Using Application install path: C:\ST\STM32CubeIDE_1.14.1\STM32CubeIDE\plugins\com.st.stm32cube.common.mx_6.10.0.202311202037
2024-02-05 17:24:57,598 [INFO] DbMcusXml:78 - Set database path to: C:\ST\STM32CubeIDE_1.14.1\STM32CubeIDE\plugins\com.st.stm32cube.common.mx_6.10.0.202311202037\\db\/mcu/
2024-02-05 17:24:57,599 [INFO] ApiDb:274 - Set plugin database path to: C:\ST\STM32CubeIDE_1.14.1\STM32CubeIDE\plugins\com.st.stm32cube.common.mx_6.10.0.202311202037\\db\/plugins/boardmanager/
2024-02-05 17:24:57,599 [WARN] ApiDb:259 - Overriding images path with different value:  => C:\ST\STM32CubeIDE_1.14.1\STM32CubeIDE\plugins\com.st.stm32cube.common.mx_6.10.0.202311202037\\db\/plugins/mcufinder/images/
2024-02-05 17:24:57,608 [INFO] ApiDb:250 - Set database path to: C:\Users\LocalAdmin\.stmcufinder\plugins\mcufinder//mcu/
2024-02-05 17:24:57,610 [INFO] DbMcusAds:125 - Set database path to: C:\Users\LocalAdmin\.stmcufinder\plugins\mcufinder//mcu/
2024-02-05 17:24:57,611 [INFO] CrossReferenceDbSqlite:203 - Set database path to: C:\Users\LocalAdmin\.stmcufinder\plugins\mcufinder//mcu/cs/
2024-02-05 17:24:57,723 [INFO] RulesReader:64 - Compatibility file has been processed (297 Rules)
2024-02-05 17:24:57,798 [INFO] DbMcusXml:78 - Set database path to: C:\ST\STM32CubeIDE_1.14.1\STM32CubeIDE\plugins\com.st.stm32cube.common.mx_6.10.0.202311202037\\db\/mcu/
2024-02-05 17:24:57,798 [INFO] ApiDb:274 - Set plugin database path to: C:\ST\STM32CubeIDE_1.14.1\STM32CubeIDE\plugins\com.st.stm32cube.common.mx_6.10.0.202311202037\\db\/plugins/boardmanager/
2024-02-05 17:24:57,798 [INFO] ApiDb:261 - Set plugin images path to: C:\ST\STM32CubeIDE_1.14.1\STM32CubeIDE\plugins\com.st.stm32cube.common.mx_6.10.0.202311202037\\db\/plugins/mcufinder/images/
2024-02-05 17:24:57,798 [WARN] DbFile:41 - Overriding database path with different value: C:\Users\LocalAdmin\.stmcufinder\plugins\mcufinder/ => C:\Users\LocalAdmin\.stmcufinder\plugins\mcufinder
2024-02-05 17:24:57,798 [INFO] ApiDb:250 - Set database path to: C:\Users\LocalAdmin\.stmcufinder\plugins\mcufinder//mcu/
2024-02-05 17:24:57,798 [WARN] DbFile:41 - Overriding database path with different value: C:\Users\LocalAdmin\.stmcufinder\plugins\mcufinder/ => C:\Users\LocalAdmin\.stmcufinder\plugins\mcufinder
2024-02-05 17:24:57,799 [INFO] DbMcusAds:125 - Set database path to: C:\Users\LocalAdmin\.stmcufinder\plugins\mcufinder//mcu/
2024-02-05 17:24:57,799 [WARN] DbFile:41 - Overriding database path with different value: C:\Users\LocalAdmin\.stmcufinder\plugins\mcufinder/ => C:\Users\LocalAdmin\.stmcufinder\plugins\mcufinder
2024-02-05 17:24:57,799 [WARN] DbFile:41 - Overriding database path with different value: C:\Users\LocalAdmin\.stmcufinder\plugins\mcufinder/ => C:\Users\LocalAdmin\.stmcufinder\plugins\mcufinder
2024-02-05 17:24:57,799 [INFO] CrossReferenceDbSqlite:203 - Set database path to: C:\Users\LocalAdmin\.stmcufinder\plugins\mcufinder//mcu/cs/
2024-02-05 17:24:57,862 [INFO] MainPanel:264 - HeapMemory: 268435456
2024-02-05 17:24:57,936 [INFO] DbMcusXml:78 - Set database path to: C:\ST\STM32CubeIDE_1.14.1\STM32CubeIDE\plugins\com.st.stm32cube.common.mx_6.10.0.202311202037\\db\/mcu/
2024-02-05 17:24:57,936 [INFO] ApiDb:274 - Set plugin database path to: C:\ST\STM32CubeIDE_1.14.1\STM32CubeIDE\plugins\com.st.stm32cube.common.mx_6.10.0.202311202037\\db\/plugins/boardmanager/
2024-02-05 17:24:57,936 [INFO] ApiDb:261 - Set plugin images path to: C:\ST\STM32CubeIDE_1.14.1\STM32CubeIDE\plugins\com.st.stm32cube.common.mx_6.10.0.202311202037\\db\/plugins/mcufinder/images/
2024-02-05 17:24:57,937 [WARN] DbFile:41 - Overriding database path with different value: C:\Users\LocalAdmin\.stmcufinder\plugins\mcufinder/ => C:\Users\LocalAdmin\.stmcufinder\plugins\mcufinder
2024-02-05 17:24:57,937 [INFO] ApiDb:250 - Set database path to: C:\Users\LocalAdmin\.stmcufinder\plugins\mcufinder//mcu/
2024-02-05 17:24:57,937 [WARN] DbFile:41 - Overriding database path with different value: C:\Users\LocalAdmin\.stmcufinder\plugins\mcufinder/ => C:\Users\LocalAdmin\.stmcufinder\plugins\mcufinder
2024-02-05 17:24:57,937 [INFO] DbMcusAds:125 - Set database path to: C:\Users\LocalAdmin\.stmcufinder\plugins\mcufinder//mcu/
2024-02-05 17:24:57,937 [WARN] DbFile:41 - Overriding database path with different value: C:\Users\LocalAdmin\.stmcufinder\plugins\mcufinder/ => C:\Users\LocalAdmin\.stmcufinder\plugins\mcufinder
2024-02-05 17:24:57,937 [WARN] DbFile:41 - Overriding database path with different value: C:\Users\LocalAdmin\.stmcufinder\plugins\mcufinder/ => C:\Users\LocalAdmin\.stmcufinder\plugins\mcufinder
2024-02-05 17:24:57,937 [INFO] CrossReferenceDbSqlite:203 - Set database path to: C:\Users\LocalAdmin\.stmcufinder\plugins\mcufinder//mcu/cs/
2024-02-05 17:24:57,951 [INFO] ApplicationProperties:184 - Using Application install path: C:\ST\STM32CubeIDE_1.14.1\STM32CubeIDE\plugins\com.st.stm32cube.common.mx_6.10.0.202311202037
2024-02-05 17:24:57,952 [INFO] PluginManage:196 - Search for loadable plugins [exclusion list=, ]
2024-02-05 17:24:57,953 [INFO] PluginManage:310 - Check plugin analytics
2024-02-05 17:24:58,093 [INFO] AnalyticsPlugin:253 - Accepted Software Licenses: 
2024-02-05 17:24:58,093 [INFO] AnalyticsPlugin:255 - Accepted CMSIS Pack Licenses: 
2024-02-05 17:24:58,093 [INFO] AnalyticsPlugin:257 - Accepted Firmware Licenses: FW.F4.1.28.0
2024-02-05 17:24:58,095 [INFO] PluginManage:359 - Loaded plugin analytics (category:tool,tabindex:-1)
2024-02-05 17:24:58,096 [INFO] PluginManage:310 - Check plugin cadmodel
2024-02-05 17:24:58,101 [INFO] CADModel:105 - Init CAD model plugin
2024-02-05 17:24:58,101 [INFO] PluginManage:359 - Loaded plugin cadmodel (category:power,tabindex:5)
2024-02-05 17:24:58,101 [INFO] PluginManage:310 - Check plugin clock
2024-02-05 17:24:58,111 [INFO] PluginManage:359 - Loaded plugin clock (category:base,tabindex:2)
2024-02-05 17:24:58,112 [INFO] PluginManage:310 - Check plugin ddr
2024-02-05 17:24:58,115 [INFO] PluginManage:359 - Loaded plugin ddr (category:tool,tabindex:6)
2024-02-05 17:24:58,115 [INFO] PluginManage:310 - Check plugin filemanager
2024-02-05 17:24:58,233 [INFO] PluginManage:359 - Loaded plugin filemanager (category:base,tabindex:10)
2024-02-05 17:24:58,233 [INFO] PluginManage:310 - Check plugin ipmanager
2024-02-05 17:24:58,239 [INFO] PluginManage:359 - Loaded plugin ipmanager (category:base,tabindex:5)
2024-02-05 17:24:58,239 [INFO] PluginManage:310 - Check plugin lpbam
2024-02-05 17:24:58,247 [INFO] PluginManage:359 - Loaded plugin lpbam (category:base,tabindex:0)
2024-02-05 17:24:58,247 [INFO] PluginManage:310 - Check plugin memorymap
2024-02-05 17:24:58,260 [INFO] PluginManage:359 - Loaded plugin memorymap (category:base,tabindex:4)
2024-02-05 17:24:58,260 [INFO] PluginManage:310 - Check plugin pinoutandconfiguration
2024-02-05 17:24:58,267 [INFO] PluginManage:359 - Loaded plugin pinoutandconfiguration (category:base,tabindex:1)
2024-02-05 17:24:58,267 [INFO] PluginManage:310 - Check plugin pinoutconfig
2024-02-05 17:24:58,338 [WARN] SupportedApi:132 - Cannot load RTOS API schema: s4s-elt-must-match.1: The content of 'definitions' must match (annotation?, (simpleType | complexType)?, (unique | key | keyref)*)). A problem was found starting at: attribute.
2024-02-05 17:24:58,438 [INFO] PluginManage:359 - Loaded plugin pinoutconfig (category:base,tabindex:0)
2024-02-05 17:24:58,438 [INFO] PluginManage:310 - Check plugin power
2024-02-05 17:24:58,449 [INFO] PluginManage:359 - Loaded plugin power (category:power,tabindex:4)
2024-02-05 17:24:58,449 [INFO] PluginManage:310 - Check plugin projectmanager
2024-02-05 17:24:58,464 [INFO] PluginManage:359 - Loaded plugin projectmanager (category:projectmanager,tabindex:3)
2024-02-05 17:24:58,464 [INFO] PluginManage:310 - Check plugin thirdparty
2024-02-05 17:24:58,566 [INFO] PluginManage:359 - Loaded plugin thirdparty (category:base,tabindex:-1)
2024-02-05 17:24:58,566 [WARN] IntegrityCheckThread:84 - waiting for thirdparty lock release [integrity check]
2024-02-05 17:24:58,567 [INFO] IntegrityCheckThread:86 - entering critical section [integrity check]
2024-02-05 17:24:58,567 [INFO] PluginManage:310 - Check plugin tools
2024-02-05 17:24:58,567 [INFO] ThirdPartyUpdaterWithRetryManager:70 - Updater plugin not ready yet. [1/15]
2024-02-05 17:24:58,569 [INFO] PluginManage:359 - Loaded plugin tools (category:base,tabindex:7)
2024-02-05 17:24:58,569 [INFO] PluginManage:310 - Check plugin tutovideos
2024-02-05 17:24:58,703 [INFO] PluginManage:359 - Loaded plugin tutovideos (category:base,tabindex:-1)
2024-02-05 17:24:58,703 [INFO] PluginManage:310 - Check plugin updater
2024-02-05 17:24:58,712 [INFO] PluginManage:359 - Loaded plugin updater (category:base,tabindex:12)
2024-02-05 17:24:58,712 [INFO] PluginManage:310 - Check plugin userauth
2024-02-05 17:24:58,717 [INFO] UserAuth:114 - Init User Auth plugin
2024-02-05 17:24:58,717 [INFO] PluginManage:359 - Loaded plugin userauth (category:base,tabindex:14)
2024-02-05 17:24:58,717 [INFO] PluginManage:283 - PluginManage : Loaded plugins [17]
2024-02-05 17:24:58,882 [INFO] PinOutPanel:1499 - setPackage(No Configuration,No Configuration)
2024-02-05 17:24:58,943 [INFO] CADModel:165 - CPN selected for project level
2024-02-05 17:24:58,943 [INFO] CADModel:114 - Register for checkConnection events
2024-02-05 17:24:58,959 [INFO] IPUIPlugin:80 - create IPUIPlugin
2024-02-05 17:24:58,959 [INFO] PluginManager:220 - loadIPPluginJar : add adc
2024-02-05 17:24:58,961 [INFO] IPUIPlugin:80 - create IPUIPlugin
2024-02-05 17:24:58,962 [INFO] PluginManager:220 - loadIPPluginJar : add aes
2024-02-05 17:24:58,964 [INFO] IPUIPlugin:80 - create IPUIPlugin
2024-02-05 17:24:58,964 [INFO] PluginManager:220 - loadIPPluginJar : add can
2024-02-05 17:24:58,966 [INFO] IPUIPlugin:80 - create IPUIPlugin
2024-02-05 17:24:58,966 [INFO] PluginManager:220 - loadIPPluginJar : add comp
2024-02-05 17:24:58,968 [INFO] IPUIPlugin:80 - create IPUIPlugin
2024-02-05 17:24:58,968 [INFO] PluginManager:220 - loadIPPluginJar : add cryp
2024-02-05 17:24:58,970 [INFO] IPUIPlugin:80 - create IPUIPlugin
2024-02-05 17:24:58,970 [INFO] PluginManager:220 - loadIPPluginJar : add dfsdm
2024-02-05 17:24:59,000 [INFO] IPUIPlugin:80 - create IPUIPlugin
2024-02-05 17:24:59,001 [INFO] PluginManager:220 - loadIPPluginJar : add dma
2024-02-05 17:24:59,005 [INFO] IPUIPlugin:80 - create IPUIPlugin
2024-02-05 17:24:59,005 [INFO] PluginManager:220 - loadIPPluginJar : add dma3
2024-02-05 17:24:59,007 [INFO] IPUIPlugin:80 - create IPUIPlugin
2024-02-05 17:24:59,007 [INFO] PluginManager:220 - loadIPPluginJar : add fatfs
2024-02-05 17:24:59,012 [INFO] IPUIPlugin:80 - create IPUIPlugin
2024-02-05 17:24:59,012 [INFO] PluginManager:220 - loadIPPluginJar : add fmc
2024-02-05 17:24:59,033 [INFO] IPUIPlugin:80 - create IPUIPlugin
2024-02-05 17:24:59,033 [INFO] PluginManager:220 - loadIPPluginJar : add freertos
2024-02-05 17:24:59,036 [INFO] IPUIPlugin:80 - create IPUIPlugin
2024-02-05 17:24:59,036 [INFO] PluginManager:220 - loadIPPluginJar : add genericplugin
2024-02-05 17:24:59,040 [INFO] IPUIPlugin:80 - create IPUIPlugin
2024-02-05 17:24:59,040 [INFO] PluginManager:220 - loadIPPluginJar : add gfxmmu
2024-02-05 17:24:59,047 [INFO] IPUIPlugin:80 - create IPUIPlugin
2024-02-05 17:24:59,047 [INFO] PluginManager:220 - loadIPPluginJar : add gic
2024-02-05 17:24:59,054 [INFO] IPUIPlugin:80 - create IPUIPlugin
2024-02-05 17:24:59,054 [INFO] PluginManager:220 - loadIPPluginJar : add gpio
2024-02-05 17:24:59,060 [INFO] IPUIPlugin:80 - create IPUIPlugin
2024-02-05 17:24:59,060 [INFO] PluginManager:220 - loadIPPluginJar : add gtzc
2024-02-05 17:24:59,063 [INFO] IPUIPlugin:80 - create IPUIPlugin
2024-02-05 17:24:59,063 [INFO] PluginManager:220 - loadIPPluginJar : add hash
2024-02-05 17:24:59,066 [INFO] IPUIPlugin:80 - create IPUIPlugin
2024-02-05 17:24:59,066 [INFO] PluginManager:220 - loadIPPluginJar : add i2c
2024-02-05 17:24:59,069 [INFO] IPUIPlugin:80 - create IPUIPlugin
2024-02-05 17:24:59,069 [INFO] PluginManager:220 - loadIPPluginJar : add i2s
2024-02-05 17:24:59,074 [INFO] IPUIPlugin:80 - create IPUIPlugin
2024-02-05 17:24:59,074 [INFO] PluginManager:220 - loadIPPluginJar : add i3c
2024-02-05 17:24:59,077 [INFO] IPUIPlugin:80 - create IPUIPlugin
2024-02-05 17:24:59,077 [INFO] PluginManager:220 - loadIPPluginJar : add ipddr
2024-02-05 17:24:59,084 [INFO] IPUIPlugin:80 - create IPUIPlugin
2024-02-05 17:24:59,085 [INFO] PluginManager:220 - loadIPPluginJar : add linkedlist
2024-02-05 17:24:59,089 [INFO] IPUIPlugin:80 - create IPUIPlugin
2024-02-05 17:24:59,089 [INFO] PluginManager:220 - loadIPPluginJar : add lorawan
2024-02-05 17:24:59,091 [INFO] IPUIPlugin:80 - create IPUIPlugin
2024-02-05 17:24:59,091 [INFO] PluginManager:220 - loadIPPluginJar : add ltdc
2024-02-05 17:24:59,097 [INFO] IPUIPlugin:80 - create IPUIPlugin
2024-02-05 17:24:59,097 [INFO] PluginManager:220 - loadIPPluginJar : add mdma
2024-02-05 17:24:59,101 [INFO] IPUIPlugin:80 - create IPUIPlugin
2024-02-05 17:24:59,101 [INFO] PluginManager:220 - loadIPPluginJar : add nvic
2024-02-05 17:24:59,104 [INFO] IPUIPlugin:80 - create IPUIPlugin
2024-02-05 17:24:59,104 [INFO] PluginManager:220 - loadIPPluginJar : add opamp
2024-02-05 17:24:59,107 [INFO] IPUIPlugin:80 - create IPUIPlugin
2024-02-05 17:24:59,108 [INFO] PluginManager:220 - loadIPPluginJar : add openamp
2024-02-05 17:24:59,111 [INFO] IPUIPlugin:80 - create IPUIPlugin
2024-02-05 17:24:59,111 [INFO] PluginManager:220 - loadIPPluginJar : add pdm2pcm
2024-02-05 17:24:59,117 [INFO] IPUIPlugin:80 - create IPUIPlugin
2024-02-05 17:24:59,119 [INFO] PluginManager:220 - loadIPPluginJar : add plateformsettings
2024-02-05 17:24:59,120 [INFO] IPUIPlugin:80 - create IPUIPlugin
2024-02-05 17:24:59,120 [INFO] PluginManager:220 - loadIPPluginJar : add quadspi
2024-02-05 17:24:59,124 [INFO] IPUIPlugin:80 - create IPUIPlugin
2024-02-05 17:24:59,124 [INFO] PluginManager:220 - loadIPPluginJar : add resmgrutility
2024-02-05 17:24:59,127 [INFO] IPUIPlugin:80 - create IPUIPlugin
2024-02-05 17:24:59,127 [INFO] PluginManager:220 - loadIPPluginJar : add sai
2024-02-05 17:24:59,129 [INFO] IPUIPlugin:80 - create IPUIPlugin
2024-02-05 17:24:59,129 [INFO] PluginManager:220 - loadIPPluginJar : add spi
2024-02-05 17:24:59,132 [INFO] IPUIPlugin:80 - create IPUIPlugin
2024-02-05 17:24:59,133 [INFO] PluginManager:220 - loadIPPluginJar : add stm32_wpan
2024-02-05 17:24:59,135 [INFO] IPUIPlugin:80 - create IPUIPlugin
2024-02-05 17:24:59,135 [INFO] PluginManager:220 - loadIPPluginJar : add tim
2024-02-05 17:24:59,137 [INFO] IPUIPlugin:80 - create IPUIPlugin
2024-02-05 17:24:59,137 [INFO] PluginManager:220 - loadIPPluginJar : add touchsensing
2024-02-05 17:24:59,139 [INFO] IPUIPlugin:80 - create IPUIPlugin
2024-02-05 17:24:59,139 [INFO] PluginManager:220 - loadIPPluginJar : add tracer_emb
2024-02-05 17:24:59,140 [INFO] IPUIPlugin:80 - create IPUIPlugin
2024-02-05 17:24:59,140 [INFO] PluginManager:220 - loadIPPluginJar : add ts
2024-02-05 17:24:59,141 [INFO] IPUIPlugin:80 - create IPUIPlugin
2024-02-05 17:24:59,141 [INFO] PluginManager:220 - loadIPPluginJar : add tsc
2024-02-05 17:24:59,143 [INFO] IPUIPlugin:80 - create IPUIPlugin
2024-02-05 17:24:59,143 [INFO] PluginManager:220 - loadIPPluginJar : add ucpd
2024-02-05 17:24:59,145 [INFO] IPUIPlugin:80 - create IPUIPlugin
2024-02-05 17:24:59,145 [INFO] PluginManager:220 - loadIPPluginJar : add usart
2024-02-05 17:24:59,147 [INFO] IPUIPlugin:80 - create IPUIPlugin
2024-02-05 17:24:59,147 [INFO] PluginManager:220 - loadIPPluginJar : add usbx
2024-02-05 17:24:59,261 [INFO] CADModel:165 - CPN selected for project level
2024-02-05 17:24:59,261 [INFO] CADModel:114 - Register for checkConnection events
2024-02-05 17:24:59,261 [FATAL] Updater:308 - Updater called before beeing initialized
2024-02-05 17:24:59,262 [ERROR] CADModel:125 - Updater not yet initialized, retry later 
2024-02-05 17:24:59,372 [INFO] CADModel:165 - CPN selected for project level
2024-02-05 17:24:59,372 [INFO] CADModel:114 - Register for checkConnection events
2024-02-05 17:24:59,372 [FATAL] Updater:308 - Updater called before beeing initialized
2024-02-05 17:24:59,372 [ERROR] CADModel:125 - Updater not yet initialized, retry later 
2024-02-05 17:24:59,375 [FATAL] Updater:308 - Updater called before beeing initialized
2024-02-05 17:24:59,459 [FATAL] Updater:308 - Updater called before beeing initialized
2024-02-05 17:24:59,462 [INFO] DbMcusAds:53 - JSON generation date=Wed Nov 29 11:52:27 CET 2023 (1701255147200)
2024-02-05 17:24:59,463 [FATAL] Updater:308 - Updater called before beeing initialized
2024-02-05 17:24:59,497 [WARN] DetailPanel:346 - Failed to get advertising image, set to default
2024-02-05 17:24:59,568 [FATAL] Updater:308 - Updater called before beeing initialized
2024-02-05 17:24:59,570 [FATAL] Updater:308 - Updater called before beeing initialized
2024-02-05 17:24:59,570 [FATAL] Updater:308 - Updater called before beeing initialized
2024-02-05 17:24:59,570 [WARN] DetailPanel:346 - Failed to get advertising image, set to default
2024-02-05 17:24:59,570 [FATAL] Updater:308 - Updater called before beeing initialized
2024-02-05 17:24:59,724 [ERROR] Updater:1120 - MainUpdater not yet initialized. External WinMGr cannot be set.
2024-02-05 17:24:59,835 [INFO] Updater:1056 - Updater Version found : 6.10.0
2024-02-05 17:24:59,855 [INFO] ApplicationProperties:184 - Using Application install path: C:\ST\STM32CubeIDE_1.14.1\STM32CubeIDE\plugins\com.st.stm32cube.common.mx_6.10.0.202311202037
2024-02-05 17:25:01,437 [ERROR] LogOutputStream:75 - [STDERR_REDIRECT] Feb 05, 2024 5:25:01 PM java.util.prefs.WindowsPreferences <init>
2024-02-05 17:25:01,438 [ERROR] LogOutputStream:75 - [STDERR_REDIRECT] WARNING: Could not open/create prefs root node Software\JavaSoft\Prefs at root 0xffffffff80000002. Windows RegCreateKeyEx(...) returned error code 5.
2024-02-05 17:25:01,439 [ERROR] LogOutputStream:75 - [STDERR_REDIRECT] 
2024-02-05 17:25:01,568 [INFO] ThirdPartyUpdaterWithRetryManager:70 - Updater plugin not ready yet. [2/15]
2024-02-05 17:25:01,639 [INFO] MainUpdater:2873 - connection check result : 10
2024-02-05 17:25:01,639 [INFO] MainUpdater:3567 - Updater definition file requires update
2024-02-05 17:25:01,640 [INFO] MainUpdater:290 - Updater Check For Update Now.
2024-02-05 17:25:01,640 [INFO] MicroXplorer:498 - Change Database Version : DB.6.0.100
2024-02-05 17:25:01,649 [INFO] McuFinderGlobals:63 - Set McuFinder mode to 2 (CubeIDE integrated)
2024-02-05 17:25:01,649 [INFO] UserAuth:180 - activating auth plugin
2024-02-05 17:25:01,650 [INFO] UserAuth:404 - Internet connection configuration mode: 1
2024-02-05 17:25:01,663 [INFO] JxBrowserEngine:152 - Initiate JxBrowser Engine with user profile folder
2024-02-05 17:25:01,669 [INFO] ServerAccessManage:473 - Download File updaters.zip
2024-02-05 17:25:01,764 [INFO] FileExtend:240 - Unzip File : updaters.zip
2024-02-05 17:25:01,765 [INFO] FileExtend:255 - Standard Zip Deflate
2024-02-05 17:25:02,336 [INFO] ServerAccessManage:473 - Download File PacksControlFlags.xml
2024-02-05 17:25:02,378 [INFO] ServerAccessManage:473 - Download File cubemx.pidx
2024-02-05 17:25:02,483 [INFO] LoadServerUpdatesThread:375 - End of LoadServerUpdate Thread
2024-02-05 17:25:02,656 [INFO] CheckServerUpdateThread:120 - End of CheckServer Thread
2024-02-05 17:25:03,741 [INFO] WebApp:161 - Instantiating new browser for Auth
2024-02-05 17:25:04,243 [INFO] WebApp:780 - Register for checkConnection events
2024-02-05 17:25:04,243 [INFO] WebApp:414 - Apply proxy settings
2024-02-05 17:25:04,243 [INFO] WebApp:499 - Chromium requires no authentication
2024-02-05 17:25:04,250 [INFO] WebApp:442 - Direct internet connection detected
2024-02-05 17:25:04,396 [INFO] WebApp:192 - Starting web application
2024-02-05 17:25:04,396 [INFO] WebApp:544 - Web application path used C:\ST\STM32CubeIDE_1.14.1\STM32CubeIDE\plugins\com.st.stm32cube.common.mx_6.10.0.202311202037\db\plugins\mcufinder\reactClient1\index.html
2024-02-05 17:25:04,760 [WARN] PackLoader:240 - Cannot read IP mode file for STMicroelectronics.X-CUBE-SMBUS.2.1.0
2024-02-05 17:25:04,772 [WARN] PackLoader:240 - Cannot read IP mode file for STMicroelectronics.X-CUBE-TOUCHGFX.4.23.0
2024-02-05 17:25:04,805 [WARN] PackLoader:240 - Cannot read IP mode file for STMicroelectronics.X-CUBE-AZRTOS-F7.1.1.0
2024-02-05 17:25:04,818 [WARN] PackLoader:240 - Cannot read IP mode file for STMicroelectronics.FP-SNS-MOTENV1.4.3.2
2024-02-05 17:25:04,826 [WARN] PackLoader:240 - Cannot read IP mode file for STMicroelectronics.FP-SNS-FLIGHT1.5.0.2
2024-02-05 17:25:04,835 [WARN] PackLoader:240 - Cannot read IP mode file for STMicroelectronics.X-CUBE-DISPLAY.3.0.0
2024-02-05 17:25:04,850 [WARN] PackLoader:240 - Cannot read IP mode file for STMicroelectronics.X-CUBE-BLE1.7.0.0
2024-02-05 17:25:04,857 [WARN] PackLoader:240 - Cannot read IP mode file for emotas.I-CUBE-CANOPEN.1.3.0
2024-02-05 17:25:04,863 [WARN] PackLoader:240 - Cannot read IP mode file for STMicroelectronics.FP-SNS-SMARTAG2.1.2.0
2024-02-05 17:25:04,877 [INFO] LogOutputStream:77 - [STDOUT_REDIRECT] 1 : Invalid condition id : UX_CORESTACK_Condition cause : null
2024-02-05 17:25:04,878 [INFO] LogOutputStream:77 - [STDOUT_REDIRECT] 1 : Invalid condition id : UX_CORESTACK_Condition cause : null
2024-02-05 17:25:04,879 [INFO] LogOutputStream:77 - [STDOUT_REDIRECT] 1 : Invalid condition id : UX_CORESTACK_Condition cause : null
2024-02-05 17:25:04,881 [INFO] LogOutputStream:77 - [STDOUT_REDIRECT] 1 : Invalid condition id : UX_CORESTACK_Condition cause : null
2024-02-05 17:25:04,882 [INFO] LogOutputStream:77 - [STDOUT_REDIRECT] 1 : Invalid condition id : UX_CORESTACK_Condition cause : null
2024-02-05 17:25:04,888 [WARN] PackLoader:240 - Cannot read IP mode file for STMicroelectronics.X-CUBE-AZRTOS-WL.2.0.0
2024-02-05 17:25:04,901 [WARN] PackLoader:240 - Cannot read IP mode file for WES.I-CUBE-Cesium.1.3.0
2024-02-05 17:25:04,908 [WARN] PackLoader:240 - Cannot read IP mode file for STMicroelectronics.X-CUBE-BLE2.3.3.0
2024-02-05 17:25:04,919 [WARN] PackLoader:240 - Cannot read IP mode file for STMicroelectronics.X-CUBE-ALGOBUILD.1.3.0
2024-02-05 17:25:04,939 [WARN] PackLoader:240 - Cannot read IP mode file for STMicroelectronics.X-CUBE-AZRTOS-G0.1.1.0
2024-02-05 17:25:04,951 [WARN] PackLoader:240 - Cannot read IP mode file for STMicroelectronics.X-CUBE-NFC4.3.0.0
2024-02-05 17:25:04,963 [WARN] PackLoader:240 - Cannot read IP mode file for STMicroelectronics.X-CUBE-BLEMGR.3.0.0
2024-02-05 17:25:04,971 [WARN] PackLoader:240 - Cannot read IP mode file for STMicroelectronics.FP-ATR-SIGFOX1.3.2.0
2024-02-05 17:25:04,978 [WARN] PackLoader:240 - Cannot read IP mode file for STMicroelectronics.X-CUBE-EEPRMA1.5.1.0
2024-02-05 17:25:05,016 [WARN] PackLoader:240 - Cannot read IP mode file for SEGGER.I-CUBE-embOS.1.3.1
2024-02-05 17:25:05,058 [WARN] PackLoader:240 - Cannot read IP mode file for STMicroelectronics.X-CUBE-GNSS1.6.0.0
2024-02-05 17:25:05,078 [WARN] PackLoader:240 - Cannot read IP mode file for STMicroelectronics.X-CUBE-AZRTOS-F4.1.1.0
2024-02-05 17:25:05,088 [WARN] PackLoader:240 - Cannot read IP mode file for wolfSSL.I-CUBE-wolfSSL.5.6.6
2024-02-05 17:25:05,104 [WARN] PackLoader:240 - Cannot read IP mode file for STMicroelectronics.X-CUBE-AZRTOS-L5.2.0.0
2024-02-05 17:25:05,113 [WARN] PackLoader:240 - Cannot read IP mode file for STMicroelectronics.X-CUBE-EEPRMA1.4.2.0
2024-02-05 17:25:05,120 [WARN] PackLoader:240 - Cannot read IP mode file for ITTIA_DB.I-CUBE-ITTIADB.8.8.0
2024-02-05 17:25:05,125 [WARN] PackLoader:240 - Cannot read IP mode file for STMicroelectronics.X-CUBE-NFC7.1.0.1
2024-02-05 17:25:05,134 [WARN] PackLoader:240 - Cannot read IP mode file for STMicroelectronics.X-CUBE-NFC6.3.0.0
2024-02-05 17:25:05,140 [WARN] PackLoader:240 - Cannot read IP mode file for STMicroelectronics.X-CUBE-AI.8.1.0
2024-02-05 17:25:05,155 [WARN] ConditionMgr:438 - getConditionDescription Invalid condition id : LAN8742 Phy interface Condition cause : null
2024-02-05 17:25:05,156 [WARN] PackLoader:240 - Cannot read IP mode file for STMicroelectronics.X-CUBE-AZRTOS-L4.2.0.0
2024-02-05 17:25:05,157 [WARN] ConditionMgr:1039 - genDependencies : Invalid condition id : LAN8742 Phy interface Condition cause : null
2024-02-05 17:25:05,158 [WARN] ConditionMgr:1039 - genDependencies : Invalid condition id : LAN8742 Phy interface Condition cause : null
2024-02-05 17:25:05,158 [WARN] ConditionMgr:1039 - genDependencies : Invalid condition id : LAN8742 Phy interface Condition cause : null
2024-02-05 17:25:05,167 [WARN] PackLoader:240 - Cannot read IP mode file for STMicroelectronics.X-CUBE-SFXS2LP1.4.0.0
2024-02-05 17:25:05,182 [WARN] ConditionMgr:438 - getConditionDescription Invalid condition id : UX DEVICE CLASS RTOS Condition cause : null
2024-02-05 17:25:05,183 [WARN] ConditionMgr:438 - getConditionDescription Invalid condition id : UX DEVICE CLASS RTOS Condition cause : null
2024-02-05 17:25:05,185 [WARN] PackLoader:240 - Cannot read IP mode file for STMicroelectronics.X-CUBE-AZRTOS-WB.2.0.0
2024-02-05 17:25:05,186 [WARN] ConditionMgr:1039 - genDependencies : Invalid condition id : UX DEVICE CLASS RTOS Condition cause : null
2024-02-05 17:25:05,186 [WARN] ConditionMgr:1039 - genDependencies : Invalid condition id : UX DEVICE CLASS RTOS Condition cause : null
2024-02-05 17:25:05,187 [WARN] ConditionMgr:1039 - genDependencies : Invalid condition id : UX DEVICE CLASS RTOS Condition cause : null
2024-02-05 17:25:05,187 [WARN] ConditionMgr:1039 - genDependencies : Invalid condition id : UX DEVICE CLASS RTOS Condition cause : null
2024-02-05 17:25:05,187 [WARN] ConditionMgr:1039 - genDependencies : Invalid condition id : UX DEVICE CLASS RTOS Condition cause : null
2024-02-05 17:25:05,197 [WARN] PackLoader:240 - Cannot read IP mode file for STMicroelectronics.X-CUBE-SUBG2.5.0.0
2024-02-05 17:25:05,220 [WARN] PackLoader:240 - Cannot read IP mode file for STMicroelectronics.X-CUBE-AZRTOS-G4.2.0.0
2024-02-05 17:25:05,236 [WARN] PackLoader:240 - Cannot read IP mode file for Infineon.AIROC-Wi-Fi-Bluetooth-STM32.1.5.1
2024-02-05 17:25:05,246 [WARN] PackLoader:240 - Cannot read IP mode file for STMicroelectronics.FP-SNS-MOTENVWB1.1.3.1
2024-02-05 17:25:05,252 [WARN] PackLoader:240 - Cannot read IP mode file for STMicroelectronics.X-CUBE-ISPU.2.0.0
2024-02-05 17:25:05,296 [WARN] PackLoader:240 - Cannot read IP mode file for STMicroelectronics.X-CUBE-MEMS1.10.0.0
2024-02-05 17:25:05,426 [WARN] PackLoader:240 - Cannot read IP mode file for STMicroelectronics.X-CUBE-FREERTOS.1.1.0
2024-02-05 17:25:05,432 [WARN] PackLoader:240 - Cannot read IP mode file for portGmbH.I-Cube-SoM-uGOAL.1.1.0
2024-02-05 17:25:05,437 [WARN] PackLoader:240 - Cannot read IP mode file for STMicroelectronics.X-CUBE-ALS.1.0.1
2024-02-05 17:25:05,442 [WARN] PackLoader:240 - Cannot read IP mode file for STMicroelectronics.FP-ATR-ASTRA1.2.0.0
2024-02-05 17:25:05,454 [WARN] PackLoader:240 - Cannot read IP mode file for STMicroelectronics.X-CUBE-TOF1.3.4.0
2024-02-05 17:25:05,482 [WARN] PackLoader:240 - Cannot read IP mode file for STMicroelectronics.X-CUBE-AZRTOS-H7.3.2.0
2024-02-05 17:25:05,486 [INFO] ThirdParty:978 - Integrity check success = true
2024-02-05 17:25:05,486 [INFO] IntegrityCheckThread:100 - exiting critical section [integrity check]
2024-02-05 17:25:05,486 [INFO] IntegrityCheckThread:103 - End integrity checks thread
2024-02-05 17:25:25,220 [ERROR] LogOutputStream:75 - [STDERR_REDIRECT] SLF4J: Failed to load class "org.slf4j.impl.StaticLoggerBinder".
2024-02-05 17:25:25,221 [ERROR] LogOutputStream:75 - [STDERR_REDIRECT] SLF4J: Defaulting to no-operation (NOP) logger implementation
2024-02-05 17:25:25,222 [ERROR] LogOutputStream:75 - [STDERR_REDIRECT] SLF4J: See http://www.slf4j.org/codes.html#StaticLoggerBinder for further details.
2024-02-05 18:20:08,297 [ERROR] LogOutputStream:75 - [STDERR_REDIRECT] 
