2024-03-27 11:34:58,238 [INFO] Activator:176 - 


2024-03-27 11:34:58,242 [INFO] Activator:177 - !SESSION log4j initialized
2024-03-27 11:35:04,728 [INFO] LogOutputStream:77 - [STDOUT_REDIRECT] 
2024-03-27 11:35:07,048 [INFO] ApplicationProperties:184 - Using Application install path: C:\ST\STM32CubeIDE_1.14.1\STM32CubeIDE\plugins\com.st.stm32cube.common.mx_6.10.0.202311202037
2024-03-27 11:35:07,066 [INFO] DbMcusXml:78 - Set database path to: C:\ST\STM32CubeIDE_1.14.1\STM32CubeIDE\plugins\com.st.stm32cube.common.mx_6.10.0.202311202037\\db\/mcu/
2024-03-27 11:35:07,067 [INFO] ApiDb:274 - Set plugin database path to: C:\ST\STM32CubeIDE_1.14.1\STM32CubeIDE\plugins\com.st.stm32cube.common.mx_6.10.0.202311202037\\db\/plugins/boardmanager/
2024-03-27 11:35:07,068 [WARN] ApiDb:259 - Overriding images path with different value:  => C:\ST\STM32CubeIDE_1.14.1\STM32CubeIDE\plugins\com.st.stm32cube.common.mx_6.10.0.202311202037\\db\/plugins/mcufinder/images/
2024-03-27 11:35:07,077 [INFO] ApiDb:250 - Set database path to: C:\Users\LocalAdmin\.stmcufinder\plugins\mcufinder//mcu/
2024-03-27 11:35:07,078 [INFO] DbMcusAds:125 - Set database path to: C:\Users\LocalAdmin\.stmcufinder\plugins\mcufinder//mcu/
2024-03-27 11:35:07,079 [INFO] CrossReferenceDbSqlite:203 - Set database path to: C:\Users\LocalAdmin\.stmcufinder\plugins\mcufinder//mcu/cs/
2024-03-27 11:35:07,176 [INFO] RulesReader:64 - Compatibility file has been processed (297 Rules)
2024-03-27 11:35:07,264 [INFO] DbMcusXml:78 - Set database path to: C:\ST\STM32CubeIDE_1.14.1\STM32CubeIDE\plugins\com.st.stm32cube.common.mx_6.10.0.202311202037\\db\/mcu/
2024-03-27 11:35:07,264 [INFO] ApiDb:274 - Set plugin database path to: C:\ST\STM32CubeIDE_1.14.1\STM32CubeIDE\plugins\com.st.stm32cube.common.mx_6.10.0.202311202037\\db\/plugins/boardmanager/
2024-03-27 11:35:07,264 [INFO] ApiDb:261 - Set plugin images path to: C:\ST\STM32CubeIDE_1.14.1\STM32CubeIDE\plugins\com.st.stm32cube.common.mx_6.10.0.202311202037\\db\/plugins/mcufinder/images/
2024-03-27 11:35:07,264 [WARN] DbFile:41 - Overriding database path with different value: C:\Users\LocalAdmin\.stmcufinder\plugins\mcufinder/ => C:\Users\LocalAdmin\.stmcufinder\plugins\mcufinder
2024-03-27 11:35:07,264 [INFO] ApiDb:250 - Set database path to: C:\Users\LocalAdmin\.stmcufinder\plugins\mcufinder//mcu/
2024-03-27 11:35:07,265 [WARN] DbFile:41 - Overriding database path with different value: C:\Users\LocalAdmin\.stmcufinder\plugins\mcufinder/ => C:\Users\LocalAdmin\.stmcufinder\plugins\mcufinder
2024-03-27 11:35:07,265 [INFO] DbMcusAds:125 - Set database path to: C:\Users\LocalAdmin\.stmcufinder\plugins\mcufinder//mcu/
2024-03-27 11:35:07,265 [WARN] DbFile:41 - Overriding database path with different value: C:\Users\LocalAdmin\.stmcufinder\plugins\mcufinder/ => C:\Users\LocalAdmin\.stmcufinder\plugins\mcufinder
2024-03-27 11:35:07,265 [WARN] DbFile:41 - Overriding database path with different value: C:\Users\LocalAdmin\.stmcufinder\plugins\mcufinder/ => C:\Users\LocalAdmin\.stmcufinder\plugins\mcufinder
2024-03-27 11:35:07,265 [INFO] CrossReferenceDbSqlite:203 - Set database path to: C:\Users\LocalAdmin\.stmcufinder\plugins\mcufinder//mcu/cs/
2024-03-27 11:35:07,333 [INFO] MainPanel:264 - HeapMemory: 268435456
2024-03-27 11:35:07,412 [INFO] DbMcusXml:78 - Set database path to: C:\ST\STM32CubeIDE_1.14.1\STM32CubeIDE\plugins\com.st.stm32cube.common.mx_6.10.0.202311202037\\db\/mcu/
2024-03-27 11:35:07,412 [INFO] ApiDb:274 - Set plugin database path to: C:\ST\STM32CubeIDE_1.14.1\STM32CubeIDE\plugins\com.st.stm32cube.common.mx_6.10.0.202311202037\\db\/plugins/boardmanager/
2024-03-27 11:35:07,412 [INFO] ApiDb:261 - Set plugin images path to: C:\ST\STM32CubeIDE_1.14.1\STM32CubeIDE\plugins\com.st.stm32cube.common.mx_6.10.0.202311202037\\db\/plugins/mcufinder/images/
2024-03-27 11:35:07,412 [WARN] DbFile:41 - Overriding database path with different value: C:\Users\LocalAdmin\.stmcufinder\plugins\mcufinder/ => C:\Users\LocalAdmin\.stmcufinder\plugins\mcufinder
2024-03-27 11:35:07,412 [INFO] ApiDb:250 - Set database path to: C:\Users\LocalAdmin\.stmcufinder\plugins\mcufinder//mcu/
2024-03-27 11:35:07,412 [WARN] DbFile:41 - Overriding database path with different value: C:\Users\LocalAdmin\.stmcufinder\plugins\mcufinder/ => C:\Users\LocalAdmin\.stmcufinder\plugins\mcufinder
2024-03-27 11:35:07,412 [INFO] DbMcusAds:125 - Set database path to: C:\Users\LocalAdmin\.stmcufinder\plugins\mcufinder//mcu/
2024-03-27 11:35:07,412 [WARN] DbFile:41 - Overriding database path with different value: C:\Users\LocalAdmin\.stmcufinder\plugins\mcufinder/ => C:\Users\LocalAdmin\.stmcufinder\plugins\mcufinder
2024-03-27 11:35:07,413 [WARN] DbFile:41 - Overriding database path with different value: C:\Users\LocalAdmin\.stmcufinder\plugins\mcufinder/ => C:\Users\LocalAdmin\.stmcufinder\plugins\mcufinder
2024-03-27 11:35:07,413 [INFO] CrossReferenceDbSqlite:203 - Set database path to: C:\Users\LocalAdmin\.stmcufinder\plugins\mcufinder//mcu/cs/
2024-03-27 11:35:07,428 [INFO] ApplicationProperties:184 - Using Application install path: C:\ST\STM32CubeIDE_1.14.1\STM32CubeIDE\plugins\com.st.stm32cube.common.mx_6.10.0.202311202037
2024-03-27 11:35:07,429 [INFO] PluginManage:196 - Search for loadable plugins [exclusion list=, ]
2024-03-27 11:35:07,430 [INFO] PluginManage:310 - Check plugin analytics
2024-03-27 11:35:07,581 [INFO] AnalyticsPlugin:253 - Accepted Software Licenses: 
2024-03-27 11:35:07,581 [INFO] AnalyticsPlugin:255 - Accepted CMSIS Pack Licenses: 
2024-03-27 11:35:07,582 [INFO] AnalyticsPlugin:257 - Accepted Firmware Licenses: FW.F4.1.28.0
2024-03-27 11:35:07,583 [INFO] PluginManage:359 - Loaded plugin analytics (category:tool,tabindex:-1)
2024-03-27 11:35:07,584 [INFO] PluginManage:310 - Check plugin cadmodel
2024-03-27 11:35:07,592 [INFO] CADModel:105 - Init CAD model plugin
2024-03-27 11:35:07,593 [INFO] PluginManage:359 - Loaded plugin cadmodel (category:power,tabindex:5)
2024-03-27 11:35:07,593 [INFO] PluginManage:310 - Check plugin clock
2024-03-27 11:35:07,606 [INFO] PluginManage:359 - Loaded plugin clock (category:base,tabindex:2)
2024-03-27 11:35:07,606 [INFO] PluginManage:310 - Check plugin ddr
2024-03-27 11:35:07,608 [INFO] PluginManage:359 - Loaded plugin ddr (category:tool,tabindex:6)
2024-03-27 11:35:07,608 [INFO] PluginManage:310 - Check plugin filemanager
2024-03-27 11:35:07,747 [INFO] PluginManage:359 - Loaded plugin filemanager (category:base,tabindex:10)
2024-03-27 11:35:07,747 [INFO] PluginManage:310 - Check plugin ipmanager
2024-03-27 11:35:07,755 [INFO] PluginManage:359 - Loaded plugin ipmanager (category:base,tabindex:5)
2024-03-27 11:35:07,755 [INFO] PluginManage:310 - Check plugin lpbam
2024-03-27 11:35:07,764 [INFO] PluginManage:359 - Loaded plugin lpbam (category:base,tabindex:0)
2024-03-27 11:35:07,764 [INFO] PluginManage:310 - Check plugin memorymap
2024-03-27 11:35:07,778 [INFO] PluginManage:359 - Loaded plugin memorymap (category:base,tabindex:4)
2024-03-27 11:35:07,778 [INFO] PluginManage:310 - Check plugin pinoutandconfiguration
2024-03-27 11:35:07,786 [INFO] PluginManage:359 - Loaded plugin pinoutandconfiguration (category:base,tabindex:1)
2024-03-27 11:35:07,786 [INFO] PluginManage:310 - Check plugin pinoutconfig
2024-03-27 11:35:07,858 [WARN] SupportedApi:132 - Cannot load RTOS API schema: s4s-elt-must-match.1: The content of 'definitions' must match (annotation?, (simpleType | complexType)?, (unique | key | keyref)*)). A problem was found starting at: attribute.
2024-03-27 11:35:07,959 [INFO] PluginManage:359 - Loaded plugin pinoutconfig (category:base,tabindex:0)
2024-03-27 11:35:07,959 [INFO] PluginManage:310 - Check plugin power
2024-03-27 11:35:07,969 [INFO] PluginManage:359 - Loaded plugin power (category:power,tabindex:4)
2024-03-27 11:35:07,969 [INFO] PluginManage:310 - Check plugin projectmanager
2024-03-27 11:35:07,982 [INFO] PluginManage:359 - Loaded plugin projectmanager (category:projectmanager,tabindex:3)
2024-03-27 11:35:07,982 [INFO] PluginManage:310 - Check plugin thirdparty
2024-03-27 11:35:08,090 [INFO] PluginManage:359 - Loaded plugin thirdparty (category:base,tabindex:-1)
2024-03-27 11:35:08,090 [WARN] IntegrityCheckThread:84 - waiting for thirdparty lock release [integrity check]
2024-03-27 11:35:08,090 [INFO] PluginManage:310 - Check plugin tools
2024-03-27 11:35:08,090 [INFO] IntegrityCheckThread:86 - entering critical section [integrity check]
2024-03-27 11:35:08,090 [INFO] ThirdPartyUpdaterWithRetryManager:70 - Updater plugin not ready yet. [1/15]
2024-03-27 11:35:08,092 [INFO] PluginManage:359 - Loaded plugin tools (category:base,tabindex:7)
2024-03-27 11:35:08,092 [INFO] PluginManage:310 - Check plugin tutovideos
2024-03-27 11:35:08,225 [INFO] PluginManage:359 - Loaded plugin tutovideos (category:base,tabindex:-1)
2024-03-27 11:35:08,225 [INFO] PluginManage:310 - Check plugin updater
2024-03-27 11:35:08,235 [INFO] PluginManage:359 - Loaded plugin updater (category:base,tabindex:12)
2024-03-27 11:35:08,235 [INFO] PluginManage:310 - Check plugin userauth
2024-03-27 11:35:08,239 [INFO] UserAuth:114 - Init User Auth plugin
2024-03-27 11:35:08,240 [INFO] PluginManage:359 - Loaded plugin userauth (category:base,tabindex:14)
2024-03-27 11:35:08,240 [INFO] PluginManage:283 - PluginManage : Loaded plugins [17]
2024-03-27 11:35:08,402 [INFO] PinOutPanel:1499 - setPackage(No Configuration,No Configuration)
2024-03-27 11:35:08,461 [INFO] CADModel:165 - CPN selected for project level
2024-03-27 11:35:08,461 [INFO] CADModel:114 - Register for checkConnection events
2024-03-27 11:35:08,476 [INFO] IPUIPlugin:80 - create IPUIPlugin
2024-03-27 11:35:08,476 [INFO] PluginManager:220 - loadIPPluginJar : add adc
2024-03-27 11:35:08,479 [INFO] IPUIPlugin:80 - create IPUIPlugin
2024-03-27 11:35:08,479 [INFO] PluginManager:220 - loadIPPluginJar : add aes
2024-03-27 11:35:08,481 [INFO] IPUIPlugin:80 - create IPUIPlugin
2024-03-27 11:35:08,481 [INFO] PluginManager:220 - loadIPPluginJar : add can
2024-03-27 11:35:08,482 [INFO] IPUIPlugin:80 - create IPUIPlugin
2024-03-27 11:35:08,482 [INFO] PluginManager:220 - loadIPPluginJar : add comp
2024-03-27 11:35:08,484 [INFO] IPUIPlugin:80 - create IPUIPlugin
2024-03-27 11:35:08,484 [INFO] PluginManager:220 - loadIPPluginJar : add cryp
2024-03-27 11:35:08,486 [INFO] IPUIPlugin:80 - create IPUIPlugin
2024-03-27 11:35:08,486 [INFO] PluginManager:220 - loadIPPluginJar : add dfsdm
2024-03-27 11:35:08,490 [INFO] IPUIPlugin:80 - create IPUIPlugin
2024-03-27 11:35:08,490 [INFO] PluginManager:220 - loadIPPluginJar : add dma
2024-03-27 11:35:08,493 [INFO] IPUIPlugin:80 - create IPUIPlugin
2024-03-27 11:35:08,493 [INFO] PluginManager:220 - loadIPPluginJar : add dma3
2024-03-27 11:35:08,494 [INFO] IPUIPlugin:80 - create IPUIPlugin
2024-03-27 11:35:08,494 [INFO] PluginManager:220 - loadIPPluginJar : add fatfs
2024-03-27 11:35:08,497 [INFO] IPUIPlugin:80 - create IPUIPlugin
2024-03-27 11:35:08,497 [INFO] PluginManager:220 - loadIPPluginJar : add fmc
2024-03-27 11:35:08,501 [INFO] IPUIPlugin:80 - create IPUIPlugin
2024-03-27 11:35:08,501 [INFO] PluginManager:220 - loadIPPluginJar : add freertos
2024-03-27 11:35:08,503 [INFO] IPUIPlugin:80 - create IPUIPlugin
2024-03-27 11:35:08,503 [INFO] PluginManager:220 - loadIPPluginJar : add genericplugin
2024-03-27 11:35:08,505 [INFO] IPUIPlugin:80 - create IPUIPlugin
2024-03-27 11:35:08,505 [INFO] PluginManager:220 - loadIPPluginJar : add gfxmmu
2024-03-27 11:35:08,509 [INFO] IPUIPlugin:80 - create IPUIPlugin
2024-03-27 11:35:08,509 [INFO] PluginManager:220 - loadIPPluginJar : add gic
2024-03-27 11:35:08,512 [INFO] IPUIPlugin:80 - create IPUIPlugin
2024-03-27 11:35:08,512 [INFO] PluginManager:220 - loadIPPluginJar : add gpio
2024-03-27 11:35:08,515 [INFO] IPUIPlugin:80 - create IPUIPlugin
2024-03-27 11:35:08,515 [INFO] PluginManager:220 - loadIPPluginJar : add gtzc
2024-03-27 11:35:08,517 [INFO] IPUIPlugin:80 - create IPUIPlugin
2024-03-27 11:35:08,517 [INFO] PluginManager:220 - loadIPPluginJar : add hash
2024-03-27 11:35:08,519 [INFO] IPUIPlugin:80 - create IPUIPlugin
2024-03-27 11:35:08,519 [INFO] PluginManager:220 - loadIPPluginJar : add i2c
2024-03-27 11:35:08,521 [INFO] IPUIPlugin:80 - create IPUIPlugin
2024-03-27 11:35:08,521 [INFO] PluginManager:220 - loadIPPluginJar : add i2s
2024-03-27 11:35:08,523 [INFO] IPUIPlugin:80 - create IPUIPlugin
2024-03-27 11:35:08,523 [INFO] PluginManager:220 - loadIPPluginJar : add i3c
2024-03-27 11:35:08,525 [INFO] IPUIPlugin:80 - create IPUIPlugin
2024-03-27 11:35:08,525 [INFO] PluginManager:220 - loadIPPluginJar : add ipddr
2024-03-27 11:35:08,532 [INFO] IPUIPlugin:80 - create IPUIPlugin
2024-03-27 11:35:08,532 [INFO] PluginManager:220 - loadIPPluginJar : add linkedlist
2024-03-27 11:35:08,534 [INFO] IPUIPlugin:80 - create IPUIPlugin
2024-03-27 11:35:08,534 [INFO] PluginManager:220 - loadIPPluginJar : add lorawan
2024-03-27 11:35:08,536 [INFO] IPUIPlugin:80 - create IPUIPlugin
2024-03-27 11:35:08,536 [INFO] PluginManager:220 - loadIPPluginJar : add ltdc
2024-03-27 11:35:08,540 [INFO] IPUIPlugin:80 - create IPUIPlugin
2024-03-27 11:35:08,540 [INFO] PluginManager:220 - loadIPPluginJar : add mdma
2024-03-27 11:35:08,543 [INFO] IPUIPlugin:80 - create IPUIPlugin
2024-03-27 11:35:08,543 [INFO] PluginManager:220 - loadIPPluginJar : add nvic
2024-03-27 11:35:08,546 [INFO] IPUIPlugin:80 - create IPUIPlugin
2024-03-27 11:35:08,546 [INFO] PluginManager:220 - loadIPPluginJar : add opamp
2024-03-27 11:35:08,549 [INFO] IPUIPlugin:80 - create IPUIPlugin
2024-03-27 11:35:08,549 [INFO] PluginManager:220 - loadIPPluginJar : add openamp
2024-03-27 11:35:08,551 [INFO] IPUIPlugin:80 - create IPUIPlugin
2024-03-27 11:35:08,551 [INFO] PluginManager:220 - loadIPPluginJar : add pdm2pcm
2024-03-27 11:35:08,556 [INFO] IPUIPlugin:80 - create IPUIPlugin
2024-03-27 11:35:08,559 [INFO] PluginManager:220 - loadIPPluginJar : add plateformsettings
2024-03-27 11:35:08,560 [INFO] IPUIPlugin:80 - create IPUIPlugin
2024-03-27 11:35:08,561 [INFO] PluginManager:220 - loadIPPluginJar : add quadspi
2024-03-27 11:35:08,563 [INFO] IPUIPlugin:80 - create IPUIPlugin
2024-03-27 11:35:08,563 [INFO] PluginManager:220 - loadIPPluginJar : add resmgrutility
2024-03-27 11:35:08,566 [INFO] IPUIPlugin:80 - create IPUIPlugin
2024-03-27 11:35:08,566 [INFO] PluginManager:220 - loadIPPluginJar : add sai
2024-03-27 11:35:08,567 [INFO] IPUIPlugin:80 - create IPUIPlugin
2024-03-27 11:35:08,567 [INFO] PluginManager:220 - loadIPPluginJar : add spi
2024-03-27 11:35:08,571 [INFO] IPUIPlugin:80 - create IPUIPlugin
2024-03-27 11:35:08,571 [INFO] PluginManager:220 - loadIPPluginJar : add stm32_wpan
2024-03-27 11:35:08,573 [INFO] IPUIPlugin:80 - create IPUIPlugin
2024-03-27 11:35:08,573 [INFO] PluginManager:220 - loadIPPluginJar : add tim
2024-03-27 11:35:08,576 [INFO] IPUIPlugin:80 - create IPUIPlugin
2024-03-27 11:35:08,576 [INFO] PluginManager:220 - loadIPPluginJar : add touchsensing
2024-03-27 11:35:08,578 [INFO] IPUIPlugin:80 - create IPUIPlugin
2024-03-27 11:35:08,578 [INFO] PluginManager:220 - loadIPPluginJar : add tracer_emb
2024-03-27 11:35:08,580 [INFO] IPUIPlugin:80 - create IPUIPlugin
2024-03-27 11:35:08,580 [INFO] PluginManager:220 - loadIPPluginJar : add ts
2024-03-27 11:35:08,581 [INFO] IPUIPlugin:80 - create IPUIPlugin
2024-03-27 11:35:08,581 [INFO] PluginManager:220 - loadIPPluginJar : add tsc
2024-03-27 11:35:08,583 [INFO] IPUIPlugin:80 - create IPUIPlugin
2024-03-27 11:35:08,583 [INFO] PluginManager:220 - loadIPPluginJar : add ucpd
2024-03-27 11:35:08,585 [INFO] IPUIPlugin:80 - create IPUIPlugin
2024-03-27 11:35:08,585 [INFO] PluginManager:220 - loadIPPluginJar : add usart
2024-03-27 11:35:08,588 [INFO] IPUIPlugin:80 - create IPUIPlugin
2024-03-27 11:35:08,588 [INFO] PluginManager:220 - loadIPPluginJar : add usbx
2024-03-27 11:35:08,705 [INFO] CADModel:165 - CPN selected for project level
2024-03-27 11:35:08,705 [INFO] CADModel:114 - Register for checkConnection events
2024-03-27 11:35:08,706 [FATAL] Updater:308 - Updater called before beeing initialized
2024-03-27 11:35:08,706 [ERROR] CADModel:125 - Updater not yet initialized, retry later 
2024-03-27 11:35:08,821 [INFO] CADModel:165 - CPN selected for project level
2024-03-27 11:35:08,821 [INFO] CADModel:114 - Register for checkConnection events
2024-03-27 11:35:08,821 [FATAL] Updater:308 - Updater called before beeing initialized
2024-03-27 11:35:08,821 [ERROR] CADModel:125 - Updater not yet initialized, retry later 
2024-03-27 11:35:08,824 [FATAL] Updater:308 - Updater called before beeing initialized
2024-03-27 11:35:08,912 [FATAL] Updater:308 - Updater called before beeing initialized
2024-03-27 11:35:08,915 [INFO] DbMcusAds:53 - JSON generation date=Wed Nov 29 11:52:27 CET 2023 (1701255147200)
2024-03-27 11:35:08,915 [FATAL] Updater:308 - Updater called before beeing initialized
2024-03-27 11:35:08,972 [WARN] DetailPanel:346 - Failed to get advertising image, set to default
2024-03-27 11:35:09,057 [FATAL] Updater:308 - Updater called before beeing initialized
2024-03-27 11:35:09,058 [FATAL] Updater:308 - Updater called before beeing initialized
2024-03-27 11:35:09,058 [FATAL] Updater:308 - Updater called before beeing initialized
2024-03-27 11:35:09,059 [WARN] DetailPanel:346 - Failed to get advertising image, set to default
2024-03-27 11:35:09,059 [FATAL] Updater:308 - Updater called before beeing initialized
2024-03-27 11:35:09,127 [ERROR] Updater:1120 - MainUpdater not yet initialized. External WinMGr cannot be set.
2024-03-27 11:35:09,151 [INFO] Updater:1056 - Updater Version found : 6.10.0
2024-03-27 11:35:09,166 [INFO] ApplicationProperties:184 - Using Application install path: C:\ST\STM32CubeIDE_1.14.1\STM32CubeIDE\plugins\com.st.stm32cube.common.mx_6.10.0.202311202037
2024-03-27 11:35:10,748 [ERROR] LogOutputStream:75 - [STDERR_REDIRECT] Mar 27, 2024 11:35:10 AM java.util.prefs.WindowsPreferences <init>
2024-03-27 11:35:10,749 [ERROR] LogOutputStream:75 - [STDERR_REDIRECT] WARNING: Could not open/create prefs root node Software\JavaSoft\Prefs at root 0xffffffff80000002. Windows RegCreateKeyEx(...) returned error code 5.
2024-03-27 11:35:10,749 [ERROR] LogOutputStream:75 - [STDERR_REDIRECT] 
2024-03-27 11:35:10,965 [INFO] MainUpdater:2873 - connection check result : 10
2024-03-27 11:35:10,966 [INFO] MainUpdater:290 - Updater Check For Update Now.
2024-03-27 11:35:10,966 [INFO] MicroXplorer:498 - Change Database Version : DB.6.0.100
2024-03-27 11:35:10,971 [INFO] McuFinderGlobals:63 - Set McuFinder mode to 2 (CubeIDE integrated)
2024-03-27 11:35:10,971 [INFO] UserAuth:180 - activating auth plugin
2024-03-27 11:35:10,974 [INFO] UserAuth:404 - Internet connection configuration mode: 1
2024-03-27 11:35:10,990 [INFO] JxBrowserEngine:152 - Initiate JxBrowser Engine with user profile folder
2024-03-27 11:35:11,092 [WARN] MainUpdater:1194 - Updater busy. Cannot search thirdparties
2024-03-27 11:35:11,092 [INFO] ThirdPartyUpdaterWithRetryManager:96 - Updater plugin is busy. [1/15]
2024-03-27 11:35:11,127 [INFO] CheckServerUpdateThread:120 - End of CheckServer Thread
2024-03-27 11:35:12,713 [INFO] WebApp:161 - Instantiating new browser for Auth
2024-03-27 11:35:13,871 [INFO] WebApp:780 - Register for checkConnection events
2024-03-27 11:35:13,871 [INFO] WebApp:414 - Apply proxy settings
2024-03-27 11:35:13,871 [INFO] WebApp:499 - Chromium requires no authentication
2024-03-27 11:35:13,898 [INFO] WebApp:442 - Direct internet connection detected
2024-03-27 11:35:14,179 [INFO] WebApp:192 - Starting web application
2024-03-27 11:35:14,179 [INFO] WebApp:544 - Web application path used C:\ST\STM32CubeIDE_1.14.1\STM32CubeIDE\plugins\com.st.stm32cube.common.mx_6.10.0.202311202037\db\plugins\mcufinder\reactClient1\index.html
2024-03-27 11:35:14,291 [WARN] PackLoader:240 - Cannot read IP mode file for STMicroelectronics.X-CUBE-SMBUS.2.1.0
2024-03-27 11:35:14,302 [WARN] PackLoader:240 - Cannot read IP mode file for STMicroelectronics.X-CUBE-TOUCHGFX.4.23.0
2024-03-27 11:35:14,348 [WARN] PackLoader:240 - Cannot read IP mode file for STMicroelectronics.X-CUBE-AZRTOS-F7.1.1.0
2024-03-27 11:35:14,370 [WARN] PackLoader:240 - Cannot read IP mode file for STMicroelectronics.FP-SNS-MOTENV1.4.3.2
2024-03-27 11:35:14,382 [WARN] PackLoader:240 - Cannot read IP mode file for STMicroelectronics.FP-SNS-FLIGHT1.5.0.2
2024-03-27 11:35:14,392 [WARN] PackLoader:240 - Cannot read IP mode file for STMicroelectronics.X-CUBE-DISPLAY.3.0.0
2024-03-27 11:35:14,416 [WARN] PackLoader:240 - Cannot read IP mode file for STMicroelectronics.X-CUBE-BLE1.7.0.0
2024-03-27 11:35:14,428 [WARN] PackLoader:240 - Cannot read IP mode file for emotas.I-CUBE-CANOPEN.1.3.0
2024-03-27 11:35:14,439 [WARN] PackLoader:240 - Cannot read IP mode file for STMicroelectronics.X-CUBE-BLEMGR.3.1.0
2024-03-27 11:35:14,447 [WARN] PackLoader:240 - Cannot read IP mode file for STMicroelectronics.FP-SNS-SMARTAG2.1.2.0
2024-03-27 11:35:14,461 [INFO] LogOutputStream:77 - [STDOUT_REDIRECT] 1 : Invalid condition id : UX_CORESTACK_Condition cause : null
2024-03-27 11:35:14,462 [INFO] LogOutputStream:77 - [STDOUT_REDIRECT] 1 : Invalid condition id : UX_CORESTACK_Condition cause : null
2024-03-27 11:35:14,463 [INFO] LogOutputStream:77 - [STDOUT_REDIRECT] 1 : Invalid condition id : UX_CORESTACK_Condition cause : null
2024-03-27 11:35:14,464 [INFO] LogOutputStream:77 - [STDOUT_REDIRECT] 1 : Invalid condition id : UX_CORESTACK_Condition cause : null
2024-03-27 11:35:14,466 [INFO] LogOutputStream:77 - [STDOUT_REDIRECT] 1 : Invalid condition id : UX_CORESTACK_Condition cause : null
2024-03-27 11:35:14,470 [WARN] PackLoader:240 - Cannot read IP mode file for STMicroelectronics.X-CUBE-AZRTOS-WL.2.0.0
2024-03-27 11:35:14,486 [WARN] PackLoader:240 - Cannot read IP mode file for WES.I-CUBE-Cesium.1.3.0
2024-03-27 11:35:14,495 [WARN] PackLoader:240 - Cannot read IP mode file for STMicroelectronics.X-CUBE-BLE2.3.3.0
2024-03-27 11:35:14,505 [WARN] PackLoader:240 - Cannot read IP mode file for STMicroelectronics.X-CUBE-ALGOBUILD.1.3.0
2024-03-27 11:35:14,524 [WARN] PackLoader:240 - Cannot read IP mode file for STMicroelectronics.X-CUBE-AZRTOS-G0.1.1.0
2024-03-27 11:35:14,535 [WARN] PackLoader:240 - Cannot read IP mode file for STMicroelectronics.X-CUBE-NFC4.3.0.0
2024-03-27 11:35:14,557 [WARN] PackLoader:240 - Cannot read IP mode file for STMicroelectronics.X-CUBE-BLEMGR.3.0.0
2024-03-27 11:35:14,564 [WARN] PackLoader:240 - Cannot read IP mode file for STMicroelectronics.FP-ATR-SIGFOX1.3.2.0
2024-03-27 11:35:14,571 [WARN] PackLoader:240 - Cannot read IP mode file for STMicroelectronics.X-CUBE-EEPRMA1.5.1.0
2024-03-27 11:35:14,601 [WARN] PackLoader:240 - Cannot read IP mode file for SEGGER.I-CUBE-embOS.1.3.1
2024-03-27 11:35:14,643 [WARN] PackLoader:240 - Cannot read IP mode file for STMicroelectronics.X-CUBE-GNSS1.6.0.0
2024-03-27 11:35:14,658 [WARN] PackLoader:240 - Cannot read IP mode file for STMicroelectronics.X-CUBE-AZRTOS-F4.1.1.0
2024-03-27 11:35:14,667 [WARN] PackLoader:240 - Cannot read IP mode file for wolfSSL.I-CUBE-wolfSSL.5.6.6
2024-03-27 11:35:14,686 [WARN] PackLoader:240 - Cannot read IP mode file for STMicroelectronics.X-CUBE-AZRTOS-L5.2.0.0
2024-03-27 11:35:14,696 [WARN] PackLoader:240 - Cannot read IP mode file for STMicroelectronics.X-CUBE-EEPRMA1.4.2.0
2024-03-27 11:35:14,703 [WARN] PackLoader:240 - Cannot read IP mode file for STMicroelectronics.X-CUBE-NFC6.3.1.0
2024-03-27 11:35:14,711 [WARN] PackLoader:240 - Cannot read IP mode file for ITTIA_DB.I-CUBE-ITTIADB.8.8.0
2024-03-27 11:35:14,717 [WARN] PackLoader:240 - Cannot read IP mode file for STMicroelectronics.X-CUBE-NFC7.1.0.1
2024-03-27 11:35:14,727 [WARN] PackLoader:240 - Cannot read IP mode file for STMicroelectronics.X-CUBE-NFC6.3.0.0
2024-03-27 11:35:14,733 [WARN] PackLoader:240 - Cannot read IP mode file for STMicroelectronics.X-CUBE-AI.8.1.0
2024-03-27 11:35:14,747 [WARN] ConditionMgr:438 - getConditionDescription Invalid condition id : LAN8742 Phy interface Condition cause : null
2024-03-27 11:35:14,748 [WARN] PackLoader:240 - Cannot read IP mode file for STMicroelectronics.X-CUBE-AZRTOS-L4.2.0.0
2024-03-27 11:35:14,749 [WARN] ConditionMgr:1039 - genDependencies : Invalid condition id : LAN8742 Phy interface Condition cause : null
2024-03-27 11:35:14,749 [WARN] ConditionMgr:1039 - genDependencies : Invalid condition id : LAN8742 Phy interface Condition cause : null
2024-03-27 11:35:14,750 [WARN] ConditionMgr:1039 - genDependencies : Invalid condition id : LAN8742 Phy interface Condition cause : null
2024-03-27 11:35:14,757 [WARN] PackLoader:240 - Cannot read IP mode file for STMicroelectronics.X-CUBE-SFXS2LP1.4.0.0
2024-03-27 11:35:14,770 [WARN] ConditionMgr:438 - getConditionDescription Invalid condition id : UX DEVICE CLASS RTOS Condition cause : null
2024-03-27 11:35:14,770 [WARN] ConditionMgr:438 - getConditionDescription Invalid condition id : UX DEVICE CLASS RTOS Condition cause : null
2024-03-27 11:35:14,778 [WARN] PackLoader:240 - Cannot read IP mode file for STMicroelectronics.X-CUBE-AZRTOS-WB.2.0.0
2024-03-27 11:35:14,779 [WARN] ConditionMgr:1039 - genDependencies : Invalid condition id : UX DEVICE CLASS RTOS Condition cause : null
2024-03-27 11:35:14,779 [WARN] ConditionMgr:1039 - genDependencies : Invalid condition id : UX DEVICE CLASS RTOS Condition cause : null
2024-03-27 11:35:14,780 [WARN] ConditionMgr:1039 - genDependencies : Invalid condition id : UX DEVICE CLASS RTOS Condition cause : null
2024-03-27 11:35:14,780 [WARN] ConditionMgr:1039 - genDependencies : Invalid condition id : UX DEVICE CLASS RTOS Condition cause : null
2024-03-27 11:35:14,780 [WARN] ConditionMgr:1039 - genDependencies : Invalid condition id : UX DEVICE CLASS RTOS Condition cause : null
2024-03-27 11:35:14,792 [WARN] PackLoader:240 - Cannot read IP mode file for STMicroelectronics.X-CUBE-SUBG2.5.0.0
2024-03-27 11:35:14,813 [WARN] PackLoader:240 - Cannot read IP mode file for STMicroelectronics.X-CUBE-AZRTOS-G4.2.0.0
2024-03-27 11:35:14,828 [WARN] PackLoader:240 - Cannot read IP mode file for Infineon.AIROC-Wi-Fi-Bluetooth-STM32.1.5.1
2024-03-27 11:35:14,839 [WARN] PackLoader:240 - Cannot read IP mode file for STMicroelectronics.FP-SNS-MOTENVWB1.1.3.1
2024-03-27 11:35:14,845 [WARN] PackLoader:240 - Cannot read IP mode file for STMicroelectronics.X-CUBE-ISPU.2.0.0
2024-03-27 11:35:14,874 [WARN] PackLoader:240 - Cannot read IP mode file for STMicroelectronics.X-CUBE-MEMS1.10.0.0
2024-03-27 11:35:14,982 [WARN] PackLoader:240 - Cannot read IP mode file for STMicroelectronics.X-CUBE-FREERTOS.1.1.0
2024-03-27 11:35:14,988 [WARN] PackLoader:240 - Cannot read IP mode file for portGmbH.I-Cube-SoM-uGOAL.1.1.0
2024-03-27 11:35:14,993 [WARN] PackLoader:240 - Cannot read IP mode file for STMicroelectronics.X-CUBE-ALS.1.0.1
2024-03-27 11:35:14,998 [WARN] PackLoader:240 - Cannot read IP mode file for STMicroelectronics.FP-ATR-ASTRA1.2.0.0
2024-03-27 11:35:15,008 [WARN] PackLoader:240 - Cannot read IP mode file for STMicroelectronics.X-CUBE-TOF1.3.4.0
2024-03-27 11:35:15,026 [WARN] PackLoader:240 - Cannot read IP mode file for STMicroelectronics.X-CUBE-TOF1.3.4.1
2024-03-27 11:35:15,051 [WARN] PackLoader:240 - Cannot read IP mode file for STMicroelectronics.X-CUBE-AZRTOS-H7.3.2.0
2024-03-27 11:35:15,054 [INFO] ThirdParty:978 - Integrity check success = true
2024-03-27 11:35:15,055 [INFO] IntegrityCheckThread:100 - exiting critical section [integrity check]
2024-03-27 11:35:15,055 [INFO] IntegrityCheckThread:103 - End integrity checks thread
2024-03-27 11:35:34,956 [ERROR] LogOutputStream:75 - [STDERR_REDIRECT] SLF4J: Failed to load class "org.slf4j.impl.StaticLoggerBinder".
2024-03-27 11:35:34,957 [ERROR] LogOutputStream:75 - [STDERR_REDIRECT] SLF4J: Defaulting to no-operation (NOP) logger implementation
2024-03-27 11:35:34,958 [ERROR] LogOutputStream:75 - [STDERR_REDIRECT] SLF4J: See http://www.slf4j.org/codes.html#StaticLoggerBinder for further details.
